[7.660s] Invoking command in '/home/luc/ros2_ws/build/gh_ros': PYTHONPATH=/home/luc/ros2_ws/build/gh_ros/prefix_override:/usr/lib/python3/dist-packages/colcon_core/task/python/colcon_distutils_commands:/home/luc/ros2_ws/install/gh_ros/lib/python3.10/site-packages:${PYTHONPATH} /usr/bin/python3 -W ignore:setup.py install is deprecated setup.py develop --editable --build-directory /home/luc/ros2_ws/build/gh_ros/build --no-deps symlink_data
[9.715s] running develop
[9.725s] /usr/lib/python3/dist-packages/setuptools/command/easy_install.py:158: EasyInstallDeprecationWarning: easy_install command is deprecated. Use build and pip and other standards-based tools.
[9.730s]   warnings.warn(
[11.185s] running egg_info
[11.206s] creating gh_ros.egg-info
[11.207s] writing gh_ros.egg-info/PKG-INFO
[11.208s] writing dependency_links to gh_ros.egg-info/dependency_links.txt
[11.208s] writing entry points to gh_ros.egg-info/entry_points.txt
[11.209s] writing requirements to gh_ros.egg-info/requires.txt
[11.210s] writing top-level names to gh_ros.egg-info/top_level.txt
[11.210s] writing manifest file 'gh_ros.egg-info/SOURCES.txt'
[11.211s] reading manifest file 'gh_ros.egg-info/SOURCES.txt'
[11.211s] writing manifest file 'gh_ros.egg-info/SOURCES.txt'
[11.218s] running build_ext
[11.221s] Creating /home/luc/ros2_ws/install/gh_ros/lib/python3.10/site-packages/gh-ros.egg-link (link to .)
[11.228s] Installing gh_subscriber script to /home/luc/ros2_ws/install/gh_ros/lib/gh_ros
[11.232s] 
[11.236s] Installed /home/luc/ros2_ws/build/gh_ros
[11.241s] running symlink_data
[11.245s] creating /home/luc/ros2_ws/install/gh_ros/share/ament_index
[11.250s] creating /home/luc/ros2_ws/install/gh_ros/share/ament_index/resource_index
[11.255s] creating /home/luc/ros2_ws/install/gh_ros/share/ament_index/resource_index/packages
[11.260s] symbolically linking /home/luc/ros2_ws/build/gh_ros/resource/gh_ros -> /home/luc/ros2_ws/install/gh_ros/share/ament_index/resource_index/packages
[11.265s] symbolically linking /home/luc/ros2_ws/build/gh_ros/package.xml -> /home/luc/ros2_ws/install/gh_ros/share/gh_ros
[11.440s] Invoked command in '/home/luc/ros2_ws/build/gh_ros' returned '0': PYTHONPATH=/home/luc/ros2_ws/build/gh_ros/prefix_override:/usr/lib/python3/dist-packages/colcon_core/task/python/colcon_distutils_commands:/home/luc/ros2_ws/install/gh_ros/lib/python3.10/site-packages:${PYTHONPATH} /usr/bin/python3 -W ignore:setup.py install is deprecated setup.py develop --editable --build-directory /home/luc/ros2_ws/build/gh_ros/build --no-deps symlink_data
