[12.107s] Invoking command in '/home/luc/ros2_ws/src/build/gcode_serial': PYTHONPATH=/home/luc/ros2_ws/src/build/gcode_serial/prefix_override:/usr/lib/python3/dist-packages/colcon_core/task/python/colcon_distutils_commands:/home/luc/ros2_ws/src/install/gcode_serial/lib/python3.10/site-packages:${PYTHONPATH} /usr/bin/python3 -W ignore:setup.py install is deprecated setup.py develop --editable --build-directory /home/luc/ros2_ws/src/build/gcode_serial/build --no-deps symlink_data
[15.609s] running develop
[15.624s] /usr/lib/python3/dist-packages/setuptools/command/easy_install.py:158: EasyInstallDeprecationWarning: easy_install command is deprecated. Use build and pip and other standards-based tools.
[15.634s]   warnings.warn(
[18.369s] running egg_info
[18.371s] creating gcode_serial.egg-info
[18.378s] writing gcode_serial.egg-info/PKG-INFO
[18.390s] writing dependency_links to gcode_serial.egg-info/dependency_links.txt
[18.395s] writing entry points to gcode_serial.egg-info/entry_points.txt
[18.398s] writing requirements to gcode_serial.egg-info/requires.txt
[18.407s] writing top-level names to gcode_serial.egg-info/top_level.txt
[18.415s] writing manifest file 'gcode_serial.egg-info/SOURCES.txt'
[18.443s] reading manifest file 'gcode_serial.egg-info/SOURCES.txt'
[18.449s] writing manifest file 'gcode_serial.egg-info/SOURCES.txt'
[18.491s] running build_ext
[18.494s] Creating /home/luc/ros2_ws/src/install/gcode_serial/lib/python3.10/site-packages/gcode-serial.egg-link (link to .)
[18.500s] Installing gcode_manager script to /home/luc/ros2_ws/src/install/gcode_serial/lib/gcode_serial
[18.504s] Installing gcode_sender script to /home/luc/ros2_ws/src/install/gcode_serial/lib/gcode_serial
[18.508s] 
[18.509s] Installed /home/luc/ros2_ws/src/build/gcode_serial
[18.522s] running symlink_data
[18.524s] creating /home/luc/ros2_ws/src/install/gcode_serial/share/ament_index
[18.527s] creating /home/luc/ros2_ws/src/install/gcode_serial/share/ament_index/resource_index
[18.529s] creating /home/luc/ros2_ws/src/install/gcode_serial/share/ament_index/resource_index/packages
[18.532s] symbolically linking /home/luc/ros2_ws/src/build/gcode_serial/resource/gcode_serial -> /home/luc/ros2_ws/src/install/gcode_serial/share/ament_index/resource_index/packages
[18.535s] symbolically linking /home/luc/ros2_ws/src/build/gcode_serial/package.xml -> /home/luc/ros2_ws/src/install/gcode_serial/share/gcode_serial
[19.024s] Invoked command in '/home/luc/ros2_ws/src/build/gcode_serial' returned '0': PYTHONPATH=/home/luc/ros2_ws/src/build/gcode_serial/prefix_override:/usr/lib/python3/dist-packages/colcon_core/task/python/colcon_distutils_commands:/home/luc/ros2_ws/src/install/gcode_serial/lib/python3.10/site-packages:${PYTHONPATH} /usr/bin/python3 -W ignore:setup.py install is deprecated setup.py develop --editable --build-directory /home/luc/ros2_ws/src/build/gcode_serial/build --no-deps symlink_data
