running egg_info
creating ../../build/gh_tcp/gh_tcp.egg-info
writing ../../build/gh_tcp/gh_tcp.egg-info/PKG-INFO
writing dependency_links to ../../build/gh_tcp/gh_tcp.egg-info/dependency_links.txt
writing entry points to ../../build/gh_tcp/gh_tcp.egg-info/entry_points.txt
writing requirements to ../../build/gh_tcp/gh_tcp.egg-info/requires.txt
writing top-level names to ../../build/gh_tcp/gh_tcp.egg-info/top_level.txt
writing manifest file '../../build/gh_tcp/gh_tcp.egg-info/SOURCES.txt'
reading manifest file '../../build/gh_tcp/gh_tcp.egg-info/SOURCES.txt'
writing manifest file '../../build/gh_tcp/gh_tcp.egg-info/SOURCES.txt'
running build
running build_py
creating /home/luc/ros2_ws/build/gh_tcp/build
creating /home/luc/ros2_ws/build/gh_tcp/build/lib
creating /home/luc/ros2_ws/build/gh_tcp/build/lib/gh_tcp
copying gh_tcp/gh_tcp_node.py -> /home/luc/ros2_ws/build/gh_tcp/build/lib/gh_tcp
copying gh_tcp/__init__.py -> /home/luc/ros2_ws/build/gh_tcp/build/lib/gh_tcp
running install
running install_lib
creating /home/luc/ros2_ws/install/gh_tcp/lib/python3.10/site-packages/gh_tcp
copying /home/luc/ros2_ws/build/gh_tcp/build/lib/gh_tcp/gh_tcp_node.py -> /home/luc/ros2_ws/install/gh_tcp/lib/python3.10/site-packages/gh_tcp
copying /home/luc/ros2_ws/build/gh_tcp/build/lib/gh_tcp/__init__.py -> /home/luc/ros2_ws/install/gh_tcp/lib/python3.10/site-packages/gh_tcp
byte-compiling /home/luc/ros2_ws/install/gh_tcp/lib/python3.10/site-packages/gh_tcp/gh_tcp_node.py to gh_tcp_node.cpython-310.pyc
byte-compiling /home/luc/ros2_ws/install/gh_tcp/lib/python3.10/site-packages/gh_tcp/__init__.py to __init__.cpython-310.pyc
running install_data
creating /home/luc/ros2_ws/install/gh_tcp/share/ament_index
creating /home/luc/ros2_ws/install/gh_tcp/share/ament_index/resource_index
creating /home/luc/ros2_ws/install/gh_tcp/share/ament_index/resource_index/packages
copying resource/gh_tcp -> /home/luc/ros2_ws/install/gh_tcp/share/ament_index/resource_index/packages
copying package.xml -> /home/luc/ros2_ws/install/gh_tcp/share/gh_tcp
running install_egg_info
Copying ../../build/gh_tcp/gh_tcp.egg-info to /home/luc/ros2_ws/install/gh_tcp/lib/python3.10/site-packages/gh_tcp-0.0.0-py3.10.egg-info
running install_scripts
Installing gh_tcp_node script to /home/luc/ros2_ws/install/gh_tcp/lib/gh_tcp
writing list of installed files to '/home/luc/ros2_ws/build/gh_tcp/install.log'
