[3.482s] Invoking command in '/home/luc/ros2_ws/src/my_robot_controller': PYTHONPATH=/home/luc/ros2_ws/build/my_robot_controller/prefix_override:/usr/lib/python3/dist-packages/colcon_core/task/python/colcon_distutils_commands:/home/luc/ros2_ws/install/my_robot_controller/lib/python3.10/site-packages:${PYTHONPATH} /usr/bin/python3 -W ignore:setup.py install is deprecated setup.py egg_info --egg-base ../../build/my_robot_controller build --build-base /home/luc/ros2_ws/build/my_robot_controller/build install --record /home/luc/ros2_ws/build/my_robot_controller/install.log --single-version-externally-managed install_data
[4.813s] running egg_info
[4.815s] creating ../../build/my_robot_controller/my_robot_controller.egg-info
[4.816s] writing ../../build/my_robot_controller/my_robot_controller.egg-info/PKG-INFO
[4.817s] writing dependency_links to ../../build/my_robot_controller/my_robot_controller.egg-info/dependency_links.txt
[4.818s] writing entry points to ../../build/my_robot_controller/my_robot_controller.egg-info/entry_points.txt
[4.819s] writing requirements to ../../build/my_robot_controller/my_robot_controller.egg-info/requires.txt
[4.820s] writing top-level names to ../../build/my_robot_controller/my_robot_controller.egg-info/top_level.txt
[4.821s] writing manifest file '../../build/my_robot_controller/my_robot_controller.egg-info/SOURCES.txt'
[4.830s] reading manifest file '../../build/my_robot_controller/my_robot_controller.egg-info/SOURCES.txt'
[4.833s] writing manifest file '../../build/my_robot_controller/my_robot_controller.egg-info/SOURCES.txt'
[4.834s] running build
[4.836s] running build_py
[4.837s] creating /home/luc/ros2_ws/build/my_robot_controller/build
[4.837s] creating /home/luc/ros2_ws/build/my_robot_controller/build/lib
[4.838s] creating /home/luc/ros2_ws/build/my_robot_controller/build/lib/my_robot_controller
[4.839s] copying my_robot_controller/__init__.py -> /home/luc/ros2_ws/build/my_robot_controller/build/lib/my_robot_controller
[4.839s] running install
[4.839s] running install_lib
[4.842s] creating /home/luc/ros2_ws/install/my_robot_controller/lib/python3.10/site-packages/my_robot_controller
[4.843s] copying /home/luc/ros2_ws/build/my_robot_controller/build/lib/my_robot_controller/__init__.py -> /home/luc/ros2_ws/install/my_robot_controller/lib/python3.10/site-packages/my_robot_controller
[4.846s] byte-compiling /home/luc/ros2_ws/install/my_robot_controller/lib/python3.10/site-packages/my_robot_controller/__init__.py to __init__.cpython-310.pyc
[4.847s] running install_data
[4.848s] creating /home/luc/ros2_ws/install/my_robot_controller/share/ament_index
[4.849s] creating /home/luc/ros2_ws/install/my_robot_controller/share/ament_index/resource_index
[4.849s] creating /home/luc/ros2_ws/install/my_robot_controller/share/ament_index/resource_index/packages
[4.850s] copying resource/my_robot_controller -> /home/luc/ros2_ws/install/my_robot_controller/share/ament_index/resource_index/packages
[4.850s] copying package.xml -> /home/luc/ros2_ws/install/my_robot_controller/share/my_robot_controller
[4.851s] running install_egg_info
[4.859s] Copying ../../build/my_robot_controller/my_robot_controller.egg-info to /home/luc/ros2_ws/install/my_robot_controller/lib/python3.10/site-packages/my_robot_controller-0.0.0-py3.10.egg-info
[4.866s] running install_scripts
[4.963s] writing list of installed files to '/home/luc/ros2_ws/build/my_robot_controller/install.log'
[5.095s] Invoked command in '/home/luc/ros2_ws/src/my_robot_controller' returned '0': PYTHONPATH=/home/luc/ros2_ws/build/my_robot_controller/prefix_override:/usr/lib/python3/dist-packages/colcon_core/task/python/colcon_distutils_commands:/home/luc/ros2_ws/install/my_robot_controller/lib/python3.10/site-packages:${PYTHONPATH} /usr/bin/python3 -W ignore:setup.py install is deprecated setup.py egg_info --egg-base ../../build/my_robot_controller build --build-base /home/luc/ros2_ws/build/my_robot_controller/build install --record /home/luc/ros2_ws/build/my_robot_controller/install.log --single-version-externally-managed install_data
