[6.338s] Invoking command in '/home/luc/ros2_ws/src/build/image_manager': PYTHONPATH=/home/luc/ros2_ws/src/build/image_manager/prefix_override:/usr/lib/python3/dist-packages/colcon_core/task/python/colcon_distutils_commands:/home/luc/ros2_ws/src/install/image_manager/lib/python3.10/site-packages:${PYTHONPATH} /usr/bin/python3 -W ignore:setup.py install is deprecated setup.py develop --editable --build-directory /home/luc/ros2_ws/src/build/image_manager/build --no-deps symlink_data
[8.905s] running develop
[8.907s] /usr/lib/python3/dist-packages/setuptools/command/easy_install.py:158: EasyInstallDeprecationWarning: easy_install command is deprecated. Use build and pip and other standards-based tools.
[8.907s]   warnings.warn(
[10.719s] running egg_info
[10.720s] creating image_manager.egg-info
[10.721s] writing image_manager.egg-info/PKG-INFO
[10.725s] writing dependency_links to image_manager.egg-info/dependency_links.txt
[10.728s] writing entry points to image_manager.egg-info/entry_points.txt
[10.731s] writing requirements to image_manager.egg-info/requires.txt
[10.735s] writing top-level names to image_manager.egg-info/top_level.txt
[10.738s] writing manifest file 'image_manager.egg-info/SOURCES.txt'
[10.751s] reading manifest file 'image_manager.egg-info/SOURCES.txt'
[10.758s] writing manifest file 'image_manager.egg-info/SOURCES.txt'
[10.769s] running build_ext
[10.771s] Creating /home/luc/ros2_ws/src/install/image_manager/lib/python3.10/site-packages/image-manager.egg-link (link to .)
[10.777s] Installing image_manager script to /home/luc/ros2_ws/src/install/image_manager/lib/image_manager
[10.781s] 
[10.781s] Installed /home/luc/ros2_ws/src/build/image_manager
[10.783s] running symlink_data
[10.784s] creating /home/luc/ros2_ws/src/install/image_manager/share/ament_index
[10.787s] creating /home/luc/ros2_ws/src/install/image_manager/share/ament_index/resource_index
[10.792s] creating /home/luc/ros2_ws/src/install/image_manager/share/ament_index/resource_index/packages
[10.793s] symbolically linking /home/luc/ros2_ws/src/build/image_manager/resource/image_manager -> /home/luc/ros2_ws/src/install/image_manager/share/ament_index/resource_index/packages
[10.795s] symbolically linking /home/luc/ros2_ws/src/build/image_manager/package.xml -> /home/luc/ros2_ws/src/install/image_manager/share/image_manager
[11.032s] Invoked command in '/home/luc/ros2_ws/src/build/image_manager' returned '0': PYTHONPATH=/home/luc/ros2_ws/src/build/image_manager/prefix_override:/usr/lib/python3/dist-packages/colcon_core/task/python/colcon_distutils_commands:/home/luc/ros2_ws/src/install/image_manager/lib/python3.10/site-packages:${PYTHONPATH} /usr/bin/python3 -W ignore:setup.py install is deprecated setup.py develop --editable --build-directory /home/luc/ros2_ws/src/build/image_manager/build --no-deps symlink_data
