[12.306s] Invoking command in '/home/luc/ros2_ws/build/my_robot_controller': PYTHONPATH=/home/luc/ros2_ws/build/my_robot_controller/prefix_override:/usr/lib/python3/dist-packages/colcon_core/task/python/colcon_distutils_commands:/home/luc/ros2_ws/install/my_robot_controller/lib/python3.10/site-packages:${PYTHONPATH} /usr/bin/python3 -W ignore:setup.py install is deprecated setup.py develop --editable --build-directory /home/luc/ros2_ws/build/my_robot_controller/build --no-deps symlink_data
[13.928s] running develop
[13.930s] /usr/lib/python3/dist-packages/setuptools/command/easy_install.py:158: EasyInstallDeprecationWarning: easy_install command is deprecated. Use build and pip and other standards-based tools.
[13.930s]   warnings.warn(
[15.028s] running egg_info
[15.030s] writing my_robot_controller.egg-info/PKG-INFO
[15.031s] writing dependency_links to my_robot_controller.egg-info/dependency_links.txt
[15.034s] writing entry points to my_robot_controller.egg-info/entry_points.txt
[15.035s] writing requirements to my_robot_controller.egg-info/requires.txt
[15.036s] writing top-level names to my_robot_controller.egg-info/top_level.txt
[15.046s] reading manifest file 'my_robot_controller.egg-info/SOURCES.txt'
[15.054s] writing manifest file 'my_robot_controller.egg-info/SOURCES.txt'
[15.062s] running build_ext
[15.063s] Creating /home/luc/ros2_ws/install/my_robot_controller/lib/python3.10/site-packages/my-robot-controller.egg-link (link to .)
[15.068s] Installing controlador script to /home/luc/ros2_ws/install/my_robot_controller/lib/my_robot_controller
[15.069s] Installing draw_circle script to /home/luc/ros2_ws/install/my_robot_controller/lib/my_robot_controller
[15.070s] Installing subscriptor script to /home/luc/ros2_ws/install/my_robot_controller/lib/my_robot_controller
[15.071s] Installing test_node script to /home/luc/ros2_ws/install/my_robot_controller/lib/my_robot_controller
[15.072s] Installing test_nodo script to /home/luc/ros2_ws/install/my_robot_controller/lib/my_robot_controller
[15.074s] 
[15.074s] Installed /home/luc/ros2_ws/build/my_robot_controller
[15.074s] running symlink_data
[15.251s] Invoked command in '/home/luc/ros2_ws/build/my_robot_controller' returned '0': PYTHONPATH=/home/luc/ros2_ws/build/my_robot_controller/prefix_override:/usr/lib/python3/dist-packages/colcon_core/task/python/colcon_distutils_commands:/home/luc/ros2_ws/install/my_robot_controller/lib/python3.10/site-packages:${PYTHONPATH} /usr/bin/python3 -W ignore:setup.py install is deprecated setup.py develop --editable --build-directory /home/luc/ros2_ws/build/my_robot_controller/build --no-deps symlink_data
