[10.564s] Invoking command in '/home/luc/ros2_ws/build/gh_ros': PYTHONPATH=/home/luc/ros2_ws/build/gh_ros/prefix_override:/usr/lib/python3/dist-packages/colcon_core/task/python/colcon_distutils_commands:/home/luc/ros2_ws/install/gh_ros/lib/python3.10/site-packages:${PYTHONPATH} /usr/bin/python3 -W ignore:setup.py install is deprecated setup.py develop --editable --build-directory /home/luc/ros2_ws/build/gh_ros/build --no-deps symlink_data
[13.899s] running develop
[13.901s] /usr/lib/python3/dist-packages/setuptools/command/easy_install.py:158: EasyInstallDeprecationWarning: easy_install command is deprecated. Use build and pip and other standards-based tools.
[13.902s]   warnings.warn(
[21.940s] running egg_info
[21.981s] writing gh_ros.egg-info/PKG-INFO
[21.999s] writing dependency_links to gh_ros.egg-info/dependency_links.txt
[22.016s] writing entry points to gh_ros.egg-info/entry_points.txt
[22.032s] writing requirements to gh_ros.egg-info/requires.txt
[22.034s] writing top-level names to gh_ros.egg-info/top_level.txt
[22.129s] reading manifest file 'gh_ros.egg-info/SOURCES.txt'
[22.144s] writing manifest file 'gh_ros.egg-info/SOURCES.txt'
[22.255s] running build_ext
[22.256s] Creating /home/luc/ros2_ws/install/gh_ros/lib/python3.10/site-packages/gh-ros.egg-link (link to .)
[22.257s] Installing gh_subscriber script to /home/luc/ros2_ws/install/gh_ros/lib/gh_ros
[22.294s] Installing ros_to_gh script to /home/luc/ros2_ws/install/gh_ros/lib/gh_ros
[22.298s] 
[22.303s] Installed /home/luc/ros2_ws/build/gh_ros
[22.309s] running symlink_data
[23.383s] Invoked command in '/home/luc/ros2_ws/build/gh_ros' returned '0': PYTHONPATH=/home/luc/ros2_ws/build/gh_ros/prefix_override:/usr/lib/python3/dist-packages/colcon_core/task/python/colcon_distutils_commands:/home/luc/ros2_ws/install/gh_ros/lib/python3.10/site-packages:${PYTHONPATH} /usr/bin/python3 -W ignore:setup.py install is deprecated setup.py develop --editable --build-directory /home/luc/ros2_ws/build/gh_ros/build --no-deps symlink_data
