[8.151s] Invoking command in '/home/luc/ros2_ws/src/gcode_serial': PYTHONPATH=/home/luc/ros2_ws/build/gcode_serial/prefix_override:/usr/lib/python3/dist-packages/colcon_core/task/python/colcon_distutils_commands:/home/luc/ros2_ws/install/gcode_serial/lib/python3.10/site-packages:${PYTHONPATH} /usr/bin/python3 -W ignore:setup.py install is deprecated setup.py egg_info --egg-base ../../build/gcode_serial build --build-base /home/luc/ros2_ws/build/gcode_serial/build install --record /home/luc/ros2_ws/build/gcode_serial/install.log --single-version-externally-managed install_data
[10.012s] running egg_info
[10.019s] writing ../../build/gcode_serial/gcode_serial.egg-info/PKG-INFO
[10.025s] writing dependency_links to ../../build/gcode_serial/gcode_serial.egg-info/dependency_links.txt
[10.029s] writing entry points to ../../build/gcode_serial/gcode_serial.egg-info/entry_points.txt
[10.034s] writing requirements to ../../build/gcode_serial/gcode_serial.egg-info/requires.txt
[10.037s] writing top-level names to ../../build/gcode_serial/gcode_serial.egg-info/top_level.txt
[10.050s] reading manifest file '../../build/gcode_serial/gcode_serial.egg-info/SOURCES.txt'
[10.061s] writing manifest file '../../build/gcode_serial/gcode_serial.egg-info/SOURCES.txt'
[10.061s] running build
[10.062s] running build_py
[10.067s] copying gcode_serial/gcode_manager.py -> /home/luc/ros2_ws/build/gcode_serial/build/lib/gcode_serial
[10.069s] running install
[10.071s] running install_lib
[10.076s] copying /home/luc/ros2_ws/build/gcode_serial/build/lib/gcode_serial/gcode_manager.py -> /home/luc/ros2_ws/install/gcode_serial/lib/python3.10/site-packages/gcode_serial
[10.093s] byte-compiling /home/luc/ros2_ws/install/gcode_serial/lib/python3.10/site-packages/gcode_serial/gcode_manager.py to gcode_manager.cpython-310.pyc
[10.095s] running install_data
[10.106s] running install_egg_info
[10.121s] removing '/home/luc/ros2_ws/install/gcode_serial/lib/python3.10/site-packages/gcode_serial-0.0.0-py3.10.egg-info' (and everything under it)
[10.130s] Copying ../../build/gcode_serial/gcode_serial.egg-info to /home/luc/ros2_ws/install/gcode_serial/lib/python3.10/site-packages/gcode_serial-0.0.0-py3.10.egg-info
[10.175s] running install_scripts
[10.384s] Installing gcode_manager script to /home/luc/ros2_ws/install/gcode_serial/lib/gcode_serial
[10.395s] Installing gcode_sender script to /home/luc/ros2_ws/install/gcode_serial/lib/gcode_serial
[10.405s] writing list of installed files to '/home/luc/ros2_ws/build/gcode_serial/install.log'
[10.800s] Invoked command in '/home/luc/ros2_ws/src/gcode_serial' returned '0': PYTHONPATH=/home/luc/ros2_ws/build/gcode_serial/prefix_override:/usr/lib/python3/dist-packages/colcon_core/task/python/colcon_distutils_commands:/home/luc/ros2_ws/install/gcode_serial/lib/python3.10/site-packages:${PYTHONPATH} /usr/bin/python3 -W ignore:setup.py install is deprecated setup.py egg_info --egg-base ../../build/gcode_serial build --build-base /home/luc/ros2_ws/build/gcode_serial/build install --record /home/luc/ros2_ws/build/gcode_serial/install.log --single-version-externally-managed install_data
