[10.449s] Invoking command in '/home/luc/ros2_ws/build/my_robot_controller': PYTHONPATH=/home/luc/ros2_ws/build/my_robot_controller/prefix_override:/usr/lib/python3/dist-packages/colcon_core/task/python/colcon_distutils_commands:/home/luc/ros2_ws/install/my_robot_controller/lib/python3.10/site-packages:${PYTHONPATH} /usr/bin/python3 -W ignore:setup.py install is deprecated setup.py develop --editable --build-directory /home/luc/ros2_ws/build/my_robot_controller/build --no-deps symlink_data
[13.271s] running develop
[13.273s] /usr/lib/python3/dist-packages/setuptools/command/easy_install.py:158: EasyInstallDeprecationWarning: easy_install command is deprecated. Use build and pip and other standards-based tools.
[13.274s]   warnings.warn(
[20.045s] running egg_info
[20.049s] writing my_robot_controller.egg-info/PKG-INFO
[20.061s] writing dependency_links to my_robot_controller.egg-info/dependency_links.txt
[20.086s] writing entry points to my_robot_controller.egg-info/entry_points.txt
[20.120s] writing requirements to my_robot_controller.egg-info/requires.txt
[20.126s] writing top-level names to my_robot_controller.egg-info/top_level.txt
[20.335s] reading manifest file 'my_robot_controller.egg-info/SOURCES.txt'
[20.348s] writing manifest file 'my_robot_controller.egg-info/SOURCES.txt'
[20.408s] running build_ext
[20.439s] Creating /home/luc/ros2_ws/install/my_robot_controller/lib/python3.10/site-packages/my-robot-controller.egg-link (link to .)
[20.480s] Installing controlador script to /home/luc/ros2_ws/install/my_robot_controller/lib/my_robot_controller
[20.492s] Installing draw_circle script to /home/luc/ros2_ws/install/my_robot_controller/lib/my_robot_controller
[20.507s] Installing subscriptor script to /home/luc/ros2_ws/install/my_robot_controller/lib/my_robot_controller
[20.529s] Installing test_node script to /home/luc/ros2_ws/install/my_robot_controller/lib/my_robot_controller
[20.549s] Installing test_nodo script to /home/luc/ros2_ws/install/my_robot_controller/lib/my_robot_controller
[20.560s] 
[20.561s] Installed /home/luc/ros2_ws/build/my_robot_controller
[20.562s] running symlink_data
[22.189s] Invoked command in '/home/luc/ros2_ws/build/my_robot_controller' returned '0': PYTHONPATH=/home/luc/ros2_ws/build/my_robot_controller/prefix_override:/usr/lib/python3/dist-packages/colcon_core/task/python/colcon_distutils_commands:/home/luc/ros2_ws/install/my_robot_controller/lib/python3.10/site-packages:${PYTHONPATH} /usr/bin/python3 -W ignore:setup.py install is deprecated setup.py develop --editable --build-directory /home/luc/ros2_ws/build/my_robot_controller/build --no-deps symlink_data
