[7.940s] Invoking command in '/home/luc/ros2_ws/build/gh_ros': PYTHONPATH=/home/luc/ros2_ws/build/gh_ros/prefix_override:/usr/lib/python3/dist-packages/colcon_core/task/python/colcon_distutils_commands:/home/luc/ros2_ws/install/gh_ros/lib/python3.10/site-packages:${PYTHONPATH} /usr/bin/python3 -W ignore:setup.py install is deprecated setup.py develop --editable --build-directory /home/luc/ros2_ws/build/gh_ros/build --no-deps symlink_data
[10.064s] running develop
[10.071s] /usr/lib/python3/dist-packages/setuptools/command/easy_install.py:158: EasyInstallDeprecationWarning: easy_install command is deprecated. Use build and pip and other standards-based tools.
[10.075s]   warnings.warn(
[11.581s] running egg_info
[11.585s] writing gh_ros.egg-info/PKG-INFO
[11.590s] writing dependency_links to gh_ros.egg-info/dependency_links.txt
[11.593s] writing entry points to gh_ros.egg-info/entry_points.txt
[11.596s] writing requirements to gh_ros.egg-info/requires.txt
[11.599s] writing top-level names to gh_ros.egg-info/top_level.txt
[11.602s] reading manifest file 'gh_ros.egg-info/SOURCES.txt'
[11.609s] writing manifest file 'gh_ros.egg-info/SOURCES.txt'
[11.618s] running build_ext
[11.621s] Creating /home/luc/ros2_ws/install/gh_ros/lib/python3.10/site-packages/gh-ros.egg-link (link to .)
[11.627s] Installing gh_subscriber script to /home/luc/ros2_ws/install/gh_ros/lib/gh_ros
[11.634s] Installing ros_to_gh script to /home/luc/ros2_ws/install/gh_ros/lib/gh_ros
[11.640s] 
[11.645s] Installed /home/luc/ros2_ws/build/gh_ros
[11.650s] running symlink_data
[11.977s] Invoked command in '/home/luc/ros2_ws/build/gh_ros' returned '0': PYTHONPATH=/home/luc/ros2_ws/build/gh_ros/prefix_override:/usr/lib/python3/dist-packages/colcon_core/task/python/colcon_distutils_commands:/home/luc/ros2_ws/install/gh_ros/lib/python3.10/site-packages:${PYTHONPATH} /usr/bin/python3 -W ignore:setup.py install is deprecated setup.py develop --editable --build-directory /home/luc/ros2_ws/build/gh_ros/build --no-deps symlink_data
