[8.005s] Invoking command in '/home/luc/ros2_ws/build/gcode_serial': PYTHONPATH=/home/luc/ros2_ws/build/gcode_serial/prefix_override:/usr/lib/python3/dist-packages/colcon_core/task/python/colcon_distutils_commands:/home/luc/ros2_ws/install/gcode_serial/lib/python3.10/site-packages:${PYTHONPATH} /usr/bin/python3 -W ignore:setup.py install is deprecated setup.py develop --uninstall --editable --build-directory /home/luc/ros2_ws/build/gcode_serial/build
[10.179s] running develop
[10.187s] /usr/lib/python3/dist-packages/setuptools/command/easy_install.py:158: EasyInstallDeprecationWarning: easy_install command is deprecated. Use build and pip and other standards-based tools.
[10.188s]   warnings.warn(
[12.195s] Removing /home/luc/ros2_ws/install/gcode_serial/lib/python3.10/site-packages/gcode-serial.egg-link (link to .)
[12.882s] Invoked command in '/home/luc/ros2_ws/build/gcode_serial' returned '0': PYTHONPATH=/home/luc/ros2_ws/build/gcode_serial/prefix_override:/usr/lib/python3/dist-packages/colcon_core/task/python/colcon_distutils_commands:/home/luc/ros2_ws/install/gcode_serial/lib/python3.10/site-packages:${PYTHONPATH} /usr/bin/python3 -W ignore:setup.py install is deprecated setup.py develop --uninstall --editable --build-directory /home/luc/ros2_ws/build/gcode_serial/build
[12.928s] Invoking command in '/home/luc/ros2_ws/src/gcode_serial': PYTHONPATH=/home/luc/ros2_ws/build/gcode_serial/prefix_override:/usr/lib/python3/dist-packages/colcon_core/task/python/colcon_distutils_commands:/home/luc/ros2_ws/install/gcode_serial/lib/python3.10/site-packages:${PYTHONPATH} /usr/bin/python3 -W ignore:setup.py install is deprecated setup.py egg_info --egg-base ../../build/gcode_serial build --build-base /home/luc/ros2_ws/build/gcode_serial/build install --record /home/luc/ros2_ws/build/gcode_serial/install.log --single-version-externally-managed install_data --force
[21.186s] running egg_info
[21.205s] writing ../../build/gcode_serial/gcode_serial.egg-info/PKG-INFO
[21.215s] writing dependency_links to ../../build/gcode_serial/gcode_serial.egg-info/dependency_links.txt
[21.223s] writing entry points to ../../build/gcode_serial/gcode_serial.egg-info/entry_points.txt
[21.237s] writing requirements to ../../build/gcode_serial/gcode_serial.egg-info/requires.txt
[21.250s] writing top-level names to ../../build/gcode_serial/gcode_serial.egg-info/top_level.txt
[21.287s] reading manifest file '../../build/gcode_serial/gcode_serial.egg-info/SOURCES.txt'
[21.312s] writing manifest file '../../build/gcode_serial/gcode_serial.egg-info/SOURCES.txt'
[21.318s] running build
[21.321s] running build_py
[21.331s] creating /home/luc/ros2_ws/build/gcode_serial/build
[21.340s] creating /home/luc/ros2_ws/build/gcode_serial/build/lib
[21.344s] creating /home/luc/ros2_ws/build/gcode_serial/build/lib/gcode_serial
[21.354s] copying gcode_serial/__init__.py -> /home/luc/ros2_ws/build/gcode_serial/build/lib/gcode_serial
[21.379s] copying gcode_serial/gcode_sender.py -> /home/luc/ros2_ws/build/gcode_serial/build/lib/gcode_serial
[21.398s] running install
[21.415s] running install_lib
[21.469s] creating /home/luc/ros2_ws/install/gcode_serial/lib/python3.10/site-packages/gcode_serial
[21.484s] copying /home/luc/ros2_ws/build/gcode_serial/build/lib/gcode_serial/__init__.py -> /home/luc/ros2_ws/install/gcode_serial/lib/python3.10/site-packages/gcode_serial
[21.485s] copying /home/luc/ros2_ws/build/gcode_serial/build/lib/gcode_serial/gcode_sender.py -> /home/luc/ros2_ws/install/gcode_serial/lib/python3.10/site-packages/gcode_serial
[21.496s] byte-compiling /home/luc/ros2_ws/install/gcode_serial/lib/python3.10/site-packages/gcode_serial/__init__.py to __init__.cpython-310.pyc
[21.516s] byte-compiling /home/luc/ros2_ws/install/gcode_serial/lib/python3.10/site-packages/gcode_serial/gcode_sender.py to gcode_sender.cpython-310.pyc
[21.526s] running install_data
[21.537s] copying resource/gcode_serial -> /home/luc/ros2_ws/install/gcode_serial/share/ament_index/resource_index/packages
[21.547s] copying package.xml -> /home/luc/ros2_ws/install/gcode_serial/share/gcode_serial
[21.555s] running install_egg_info
[21.668s] Copying ../../build/gcode_serial/gcode_serial.egg-info to /home/luc/ros2_ws/install/gcode_serial/lib/python3.10/site-packages/gcode_serial-0.0.0-py3.10.egg-info
[21.756s] running install_scripts
[22.468s] Installing gcode_sender script to /home/luc/ros2_ws/install/gcode_serial/lib/gcode_serial
[22.475s] writing list of installed files to '/home/luc/ros2_ws/build/gcode_serial/install.log'
[22.971s] Invoked command in '/home/luc/ros2_ws/src/gcode_serial' returned '0': PYTHONPATH=/home/luc/ros2_ws/build/gcode_serial/prefix_override:/usr/lib/python3/dist-packages/colcon_core/task/python/colcon_distutils_commands:/home/luc/ros2_ws/install/gcode_serial/lib/python3.10/site-packages:${PYTHONPATH} /usr/bin/python3 -W ignore:setup.py install is deprecated setup.py egg_info --egg-base ../../build/gcode_serial build --build-base /home/luc/ros2_ws/build/gcode_serial/build install --record /home/luc/ros2_ws/build/gcode_serial/install.log --single-version-externally-managed install_data --force
