[20.633s] Invoking command in '/home/luc/ros2_ws/build/gcode_serial': PYTHONPATH=/home/luc/ros2_ws/build/gcode_serial/prefix_override:/usr/lib/python3/dist-packages/colcon_core/task/python/colcon_distutils_commands:/home/luc/ros2_ws/install/gcode_serial/lib/python3.10/site-packages:${PYTHONPATH} /usr/bin/python3 -W ignore:setup.py install is deprecated setup.py develop --editable --build-directory /home/luc/ros2_ws/build/gcode_serial/build --no-deps symlink_data
[30.038s] running develop
[30.046s] /usr/lib/python3/dist-packages/setuptools/command/easy_install.py:158: EasyInstallDeprecationWarning: easy_install command is deprecated. Use build and pip and other standards-based tools.
[30.053s]   warnings.warn(
[39.491s] running egg_info
[39.501s] writing gcode_serial.egg-info/PKG-INFO
[39.502s] writing dependency_links to gcode_serial.egg-info/dependency_links.txt
[39.536s] writing entry points to gcode_serial.egg-info/entry_points.txt
[39.540s] writing requirements to gcode_serial.egg-info/requires.txt
[39.555s] writing top-level names to gcode_serial.egg-info/top_level.txt
[39.600s] reading manifest file 'gcode_serial.egg-info/SOURCES.txt'
[39.627s] writing manifest file 'gcode_serial.egg-info/SOURCES.txt'
[39.708s] running build_ext
[39.717s] Creating /home/luc/ros2_ws/install/gcode_serial/lib/python3.10/site-packages/gcode-serial.egg-link (link to .)
[39.738s] Installing gcode_manager script to /home/luc/ros2_ws/install/gcode_serial/lib/gcode_serial
[39.739s] Installing gcode_sender script to /home/luc/ros2_ws/install/gcode_serial/lib/gcode_serial
[39.748s] 
[39.750s] Installed /home/luc/ros2_ws/build/gcode_serial
[39.775s] running symlink_data
[47.335s] Invoked command in '/home/luc/ros2_ws/build/gcode_serial' returned '0': PYTHONPATH=/home/luc/ros2_ws/build/gcode_serial/prefix_override:/usr/lib/python3/dist-packages/colcon_core/task/python/colcon_distutils_commands:/home/luc/ros2_ws/install/gcode_serial/lib/python3.10/site-packages:${PYTHONPATH} /usr/bin/python3 -W ignore:setup.py install is deprecated setup.py develop --editable --build-directory /home/luc/ros2_ws/build/gcode_serial/build --no-deps symlink_data
