[2.055s] DEBUG:colcon:Command line arguments: ['/usr/bin/colcon', 'list', '-p', '--base-paths', '/home/luc/ros2_ws']
[2.055s] DEBUG:colcon:Parsed command line arguments: Namespace(log_base=None, log_level=None, verb_name='list', build_base='build', ignore_user_meta=False, metas=['./colcon.meta'], base_paths=['/home/luc/ros2_ws'], packages_ignore=None, packages_ignore_regex=None, paths=None, packages_up_to=None, packages_up_to_regex=None, packages_above=None, packages_above_and_dependencies=None, packages_above_depth=None, packages_select_by_dep=None, packages_skip_by_dep=None, packages_skip_up_to=None, packages_select_build_failed=False, packages_skip_build_finished=False, packages_select_test_failures=False, packages_skip_test_passed=False, packages_select=None, packages_skip=None, packages_select_regex=None, packages_skip_regex=None, packages_start=None, packages_end=None, allow_overriding=[], topological_order=False, names_only=False, paths_only=True, topological_graph=False, topological_graph_dot=False, topological_graph_density=False, topological_graph_legend=False, topological_graph_dot_cluster=False, topological_graph_dot_include_skipped=False, verb_parser=<colcon_defaults.argument_parser.defaults.DefaultArgumentsDecorator object at 0xffff842185e0>, verb_extension=<colcon_package_information.verb.list.ListVerb object at 0xffff843c0be0>, main=<bound method ListVerb.main of <colcon_package_information.verb.list.ListVerb object at 0xffff843c0be0>>)
[12.457s] Level 1:colcon.colcon_core.package_discovery:discover_packages(colcon_meta) check parameters
[12.458s] Level 1:colcon.colcon_core.package_discovery:discover_packages(recursive) check parameters
[12.459s] Level 1:colcon.colcon_core.package_discovery:discover_packages(ignore) check parameters
[12.459s] Level 1:colcon.colcon_core.package_discovery:discover_packages(path) check parameters
[12.460s] Level 1:colcon.colcon_core.package_discovery:discover_packages(recursive) discover
[12.460s] INFO:colcon.colcon_core.package_discovery:Crawling recursively for packages in '/home/luc/ros2_ws'
[12.462s] Level 1:colcon.colcon_core.package_identification:_identify(/home/luc/ros2_ws) by extensions ['ignore', 'ignore_ament_install']
[12.463s] Level 1:colcon.colcon_core.package_identification:_identify(/home/luc/ros2_ws) by extension 'ignore'
[12.463s] Level 1:colcon.colcon_core.package_identification:_identify(/home/luc/ros2_ws) by extension 'ignore_ament_install'
[12.464s] Level 1:colcon.colcon_core.package_identification:_identify(/home/luc/ros2_ws) by extensions ['colcon_pkg']
[12.464s] Level 1:colcon.colcon_core.package_identification:_identify(/home/luc/ros2_ws) by extension 'colcon_pkg'
[12.465s] Level 1:colcon.colcon_core.package_identification:_identify(/home/luc/ros2_ws) by extensions ['colcon_meta']
[12.465s] Level 1:colcon.colcon_core.package_identification:_identify(/home/luc/ros2_ws) by extension 'colcon_meta'
[12.466s] Level 1:colcon.colcon_core.package_identification:_identify(/home/luc/ros2_ws) by extensions ['ros']
[12.467s] Level 1:colcon.colcon_core.package_identification:_identify(/home/luc/ros2_ws) by extension 'ros'
[12.625s] Level 1:colcon.colcon_core.package_identification:_identify(/home/luc/ros2_ws) by extensions ['cmake', 'python']
[12.630s] Level 1:colcon.colcon_core.package_identification:_identify(/home/luc/ros2_ws) by extension 'cmake'
[12.633s] Level 1:colcon.colcon_core.package_identification:_identify(/home/luc/ros2_ws) by extension 'python'
[12.634s] Level 1:colcon.colcon_core.package_identification:_identify(/home/luc/ros2_ws) by extensions ['python_setup_py']
[12.642s] Level 1:colcon.colcon_core.package_identification:_identify(/home/luc/ros2_ws) by extension 'python_setup_py'
[12.644s] Level 1:colcon.colcon_core.package_identification:_identify(/home/luc/ros2_ws/build) by extensions ['ignore', 'ignore_ament_install']
[12.645s] Level 1:colcon.colcon_core.package_identification:_identify(/home/luc/ros2_ws/build) by extension 'ignore'
[12.647s] Level 1:colcon.colcon_core.package_identification:_identify(/home/luc/ros2_ws/build) ignored
[12.649s] Level 1:colcon.colcon_core.package_identification:_identify(/home/luc/ros2_ws/install) by extensions ['ignore', 'ignore_ament_install']
[12.650s] Level 1:colcon.colcon_core.package_identification:_identify(/home/luc/ros2_ws/install) by extension 'ignore'
[12.651s] Level 1:colcon.colcon_core.package_identification:_identify(/home/luc/ros2_ws/install) ignored
[12.659s] Level 1:colcon.colcon_core.package_identification:_identify(/home/luc/ros2_ws/log) by extensions ['ignore', 'ignore_ament_install']
[12.661s] Level 1:colcon.colcon_core.package_identification:_identify(/home/luc/ros2_ws/log) by extension 'ignore'
[12.662s] Level 1:colcon.colcon_core.package_identification:_identify(/home/luc/ros2_ws/log) ignored
[12.663s] Level 1:colcon.colcon_core.package_identification:_identify(/home/luc/ros2_ws/src) by extensions ['ignore', 'ignore_ament_install']
[12.665s] Level 1:colcon.colcon_core.package_identification:_identify(/home/luc/ros2_ws/src) by extension 'ignore'
[12.666s] Level 1:colcon.colcon_core.package_identification:_identify(/home/luc/ros2_ws/src) by extension 'ignore_ament_install'
[12.671s] Level 1:colcon.colcon_core.package_identification:_identify(/home/luc/ros2_ws/src) by extensions ['colcon_pkg']
[12.672s] Level 1:colcon.colcon_core.package_identification:_identify(/home/luc/ros2_ws/src) by extension 'colcon_pkg'
[12.673s] Level 1:colcon.colcon_core.package_identification:_identify(/home/luc/ros2_ws/src) by extensions ['colcon_meta']
[12.678s] Level 1:colcon.colcon_core.package_identification:_identify(/home/luc/ros2_ws/src) by extension 'colcon_meta'
[12.680s] Level 1:colcon.colcon_core.package_identification:_identify(/home/luc/ros2_ws/src) by extensions ['ros']
[12.681s] Level 1:colcon.colcon_core.package_identification:_identify(/home/luc/ros2_ws/src) by extension 'ros'
[12.683s] Level 1:colcon.colcon_core.package_identification:_identify(/home/luc/ros2_ws/src) by extensions ['cmake', 'python']
[12.684s] Level 1:colcon.colcon_core.package_identification:_identify(/home/luc/ros2_ws/src) by extension 'cmake'
[12.686s] Level 1:colcon.colcon_core.package_identification:_identify(/home/luc/ros2_ws/src) by extension 'python'
[12.688s] Level 1:colcon.colcon_core.package_identification:_identify(/home/luc/ros2_ws/src) by extensions ['python_setup_py']
[12.690s] Level 1:colcon.colcon_core.package_identification:_identify(/home/luc/ros2_ws/src) by extension 'python_setup_py'
[12.694s] Level 1:colcon.colcon_core.package_identification:_identify(/home/luc/ros2_ws/src/my_robot_controller) by extensions ['ignore', 'ignore_ament_install']
[12.699s] Level 1:colcon.colcon_core.package_identification:_identify(/home/luc/ros2_ws/src/my_robot_controller) by extension 'ignore'
[12.700s] Level 1:colcon.colcon_core.package_identification:_identify(/home/luc/ros2_ws/src/my_robot_controller) by extension 'ignore_ament_install'
[12.701s] Level 1:colcon.colcon_core.package_identification:_identify(/home/luc/ros2_ws/src/my_robot_controller) by extensions ['colcon_pkg']
[12.702s] Level 1:colcon.colcon_core.package_identification:_identify(/home/luc/ros2_ws/src/my_robot_controller) by extension 'colcon_pkg'
[12.705s] Level 1:colcon.colcon_core.package_identification:_identify(/home/luc/ros2_ws/src/my_robot_controller) by extensions ['colcon_meta']
[12.707s] Level 1:colcon.colcon_core.package_identification:_identify(/home/luc/ros2_ws/src/my_robot_controller) by extension 'colcon_meta'
[12.708s] Level 1:colcon.colcon_core.package_identification:_identify(/home/luc/ros2_ws/src/my_robot_controller) by extensions ['ros']
[12.715s] Level 1:colcon.colcon_core.package_identification:_identify(/home/luc/ros2_ws/src/my_robot_controller) by extension 'ros'
[12.742s] DEBUG:colcon.colcon_core.package_identification:Package '/home/luc/ros2_ws/src/my_robot_controller' with type 'ros.ament_python' and name 'my_robot_controller'
[12.746s] Level 1:colcon.colcon_core.package_discovery:discover_packages(recursive) using defaults
