[1.005s] DEBUG:colcon:Command line arguments: ['/usr/bin/colcon', 'build', '--symlink-install']
[1.005s] DEBUG:colcon:Parsed command line arguments: Namespace(log_base=None, log_level=None, verb_name='build', build_base='build', install_base='install', merge_install=False, symlink_install=True, test_result_base=None, continue_on_error=False, executor='parallel', parallel_workers=4, event_handlers=None, ignore_user_meta=False, metas=['./colcon.meta'], base_paths=['.'], packages_ignore=None, packages_ignore_regex=None, paths=None, packages_up_to=None, packages_up_to_regex=None, packages_above=None, packages_above_and_dependencies=None, packages_above_depth=None, packages_select_by_dep=None, packages_skip_by_dep=None, packages_skip_up_to=None, packages_select_build_failed=False, packages_skip_build_finished=False, packages_select_test_failures=False, packages_skip_test_passed=False, packages_select=None, packages_skip=None, packages_select_regex=None, packages_skip_regex=None, packages_start=None, packages_end=None, allow_overriding=[], cmake_args=None, cmake_target=None, cmake_target_skip_unavailable=False, cmake_clean_cache=False, cmake_clean_first=False, cmake_force_configure=False, ament_cmake_args=None, catkin_cmake_args=None, catkin_skip_building_tests=False, verb_parser=<colcon_defaults.argument_parser.defaults.DefaultArgumentsDecorator object at 0xffffa33f0790>, verb_extension=<colcon_core.verb.build.BuildVerb object at 0xffffa33f0340>, main=<bound method BuildVerb.main of <colcon_core.verb.build.BuildVerb object at 0xffffa33f0340>>)
[2.736s] Level 1:colcon.colcon_core.package_discovery:discover_packages(colcon_meta) check parameters
[2.737s] Level 1:colcon.colcon_core.package_discovery:discover_packages(recursive) check parameters
[2.737s] Level 1:colcon.colcon_core.package_discovery:discover_packages(ignore) check parameters
[2.737s] Level 1:colcon.colcon_core.package_discovery:discover_packages(path) check parameters
[2.737s] Level 1:colcon.colcon_core.package_discovery:discover_packages(colcon_meta) discover
[2.738s] Level 1:colcon.colcon_core.package_discovery:discover_packages(recursive) discover
[2.738s] INFO:colcon.colcon_core.package_discovery:Crawling recursively for packages in '/home/luc/ros2_ws'
[2.739s] Level 1:colcon.colcon_core.package_identification:_identify(.) by extensions ['ignore', 'ignore_ament_install']
[2.739s] Level 1:colcon.colcon_core.package_identification:_identify(.) by extension 'ignore'
[2.739s] Level 1:colcon.colcon_core.package_identification:_identify(.) by extension 'ignore_ament_install'
[2.740s] Level 1:colcon.colcon_core.package_identification:_identify(.) by extensions ['colcon_pkg']
[2.740s] Level 1:colcon.colcon_core.package_identification:_identify(.) by extension 'colcon_pkg'
[2.740s] Level 1:colcon.colcon_core.package_identification:_identify(.) by extensions ['colcon_meta']
[2.740s] Level 1:colcon.colcon_core.package_identification:_identify(.) by extension 'colcon_meta'
[2.741s] Level 1:colcon.colcon_core.package_identification:_identify(.) by extensions ['ros']
[2.741s] Level 1:colcon.colcon_core.package_identification:_identify(.) by extension 'ros'
[2.799s] Level 1:colcon.colcon_core.package_identification:_identify(.) by extensions ['cmake', 'python']
[2.799s] Level 1:colcon.colcon_core.package_identification:_identify(.) by extension 'cmake'
[2.799s] Level 1:colcon.colcon_core.package_identification:_identify(.) by extension 'python'
[2.799s] Level 1:colcon.colcon_core.package_identification:_identify(.) by extensions ['python_setup_py']
[2.800s] Level 1:colcon.colcon_core.package_identification:_identify(.) by extension 'python_setup_py'
[2.800s] Level 1:colcon.colcon_core.package_identification:_identify(build) by extensions ['ignore', 'ignore_ament_install']
[2.801s] Level 1:colcon.colcon_core.package_identification:_identify(build) by extension 'ignore'
[2.801s] Level 1:colcon.colcon_core.package_identification:_identify(build) ignored
[2.802s] Level 1:colcon.colcon_core.package_identification:_identify(install) by extensions ['ignore', 'ignore_ament_install']
[2.802s] Level 1:colcon.colcon_core.package_identification:_identify(install) by extension 'ignore'
[2.803s] Level 1:colcon.colcon_core.package_identification:_identify(install) ignored
[2.803s] Level 1:colcon.colcon_core.package_identification:_identify(log) by extensions ['ignore', 'ignore_ament_install']
[2.804s] Level 1:colcon.colcon_core.package_identification:_identify(log) by extension 'ignore'
[2.804s] Level 1:colcon.colcon_core.package_identification:_identify(log) ignored
[2.805s] Level 1:colcon.colcon_core.package_identification:_identify(src) by extensions ['ignore', 'ignore_ament_install']
[2.805s] Level 1:colcon.colcon_core.package_identification:_identify(src) by extension 'ignore'
[2.805s] Level 1:colcon.colcon_core.package_identification:_identify(src) by extension 'ignore_ament_install'
[2.806s] Level 1:colcon.colcon_core.package_identification:_identify(src) by extensions ['colcon_pkg']
[2.806s] Level 1:colcon.colcon_core.package_identification:_identify(src) by extension 'colcon_pkg'
[2.806s] Level 1:colcon.colcon_core.package_identification:_identify(src) by extensions ['colcon_meta']
[2.806s] Level 1:colcon.colcon_core.package_identification:_identify(src) by extension 'colcon_meta'
[2.806s] Level 1:colcon.colcon_core.package_identification:_identify(src) by extensions ['ros']
[2.807s] Level 1:colcon.colcon_core.package_identification:_identify(src) by extension 'ros'
[2.807s] Level 1:colcon.colcon_core.package_identification:_identify(src) by extensions ['cmake', 'python']
[2.807s] Level 1:colcon.colcon_core.package_identification:_identify(src) by extension 'cmake'
[2.808s] Level 1:colcon.colcon_core.package_identification:_identify(src) by extension 'python'
[2.808s] Level 1:colcon.colcon_core.package_identification:_identify(src) by extensions ['python_setup_py']
[2.808s] Level 1:colcon.colcon_core.package_identification:_identify(src) by extension 'python_setup_py'
[2.809s] Level 1:colcon.colcon_core.package_identification:_identify(src/gh_ros) by extensions ['ignore', 'ignore_ament_install']
[2.809s] Level 1:colcon.colcon_core.package_identification:_identify(src/gh_ros) by extension 'ignore'
[2.809s] Level 1:colcon.colcon_core.package_identification:_identify(src/gh_ros) by extension 'ignore_ament_install'
[2.810s] Level 1:colcon.colcon_core.package_identification:_identify(src/gh_ros) by extensions ['colcon_pkg']
[2.810s] Level 1:colcon.colcon_core.package_identification:_identify(src/gh_ros) by extension 'colcon_pkg'
[2.810s] Level 1:colcon.colcon_core.package_identification:_identify(src/gh_ros) by extensions ['colcon_meta']
[2.810s] Level 1:colcon.colcon_core.package_identification:_identify(src/gh_ros) by extension 'colcon_meta'
[2.810s] Level 1:colcon.colcon_core.package_identification:_identify(src/gh_ros) by extensions ['ros']
[2.811s] Level 1:colcon.colcon_core.package_identification:_identify(src/gh_ros) by extension 'ros'
[2.832s] DEBUG:colcon.colcon_core.package_identification:Package 'src/gh_ros' with type 'ros.ament_python' and name 'gh_ros'
[2.833s] Level 1:colcon.colcon_core.package_identification:_identify(src/gh_tcp) by extensions ['ignore', 'ignore_ament_install']
[2.835s] Level 1:colcon.colcon_core.package_identification:_identify(src/gh_tcp) by extension 'ignore'
[2.835s] Level 1:colcon.colcon_core.package_identification:_identify(src/gh_tcp) by extension 'ignore_ament_install'
[2.836s] Level 1:colcon.colcon_core.package_identification:_identify(src/gh_tcp) by extensions ['colcon_pkg']
[2.836s] Level 1:colcon.colcon_core.package_identification:_identify(src/gh_tcp) by extension 'colcon_pkg'
[2.836s] Level 1:colcon.colcon_core.package_identification:_identify(src/gh_tcp) by extensions ['colcon_meta']
[2.836s] Level 1:colcon.colcon_core.package_identification:_identify(src/gh_tcp) by extension 'colcon_meta'
[2.837s] Level 1:colcon.colcon_core.package_identification:_identify(src/gh_tcp) by extensions ['ros']
[2.837s] Level 1:colcon.colcon_core.package_identification:_identify(src/gh_tcp) by extension 'ros'
[2.843s] DEBUG:colcon.colcon_core.package_identification:Package 'src/gh_tcp' with type 'ros.ament_python' and name 'gh_tcp'
[2.844s] Level 1:colcon.colcon_core.package_identification:_identify(src/my_robot_controller) by extensions ['ignore', 'ignore_ament_install']
[2.845s] Level 1:colcon.colcon_core.package_identification:_identify(src/my_robot_controller) by extension 'ignore'
[2.845s] Level 1:colcon.colcon_core.package_identification:_identify(src/my_robot_controller) by extension 'ignore_ament_install'
[2.846s] Level 1:colcon.colcon_core.package_identification:_identify(src/my_robot_controller) by extensions ['colcon_pkg']
[2.846s] Level 1:colcon.colcon_core.package_identification:_identify(src/my_robot_controller) by extension 'colcon_pkg'
[2.846s] Level 1:colcon.colcon_core.package_identification:_identify(src/my_robot_controller) by extensions ['colcon_meta']
[2.846s] Level 1:colcon.colcon_core.package_identification:_identify(src/my_robot_controller) by extension 'colcon_meta'
[2.847s] Level 1:colcon.colcon_core.package_identification:_identify(src/my_robot_controller) by extensions ['ros']
[2.847s] Level 1:colcon.colcon_core.package_identification:_identify(src/my_robot_controller) by extension 'ros'
[2.854s] DEBUG:colcon.colcon_core.package_identification:Package 'src/my_robot_controller' with type 'ros.ament_python' and name 'my_robot_controller'
[2.854s] Level 1:colcon.colcon_core.package_discovery:discover_packages(recursive) using defaults
[2.855s] Level 1:colcon.colcon_core.package_discovery:discover_packages(ignore) discover
[2.855s] Level 1:colcon.colcon_core.package_discovery:discover_packages(ignore) using defaults
[2.855s] Level 1:colcon.colcon_core.package_discovery:discover_packages(path) discover
[2.855s] Level 1:colcon.colcon_core.package_discovery:discover_packages(path) using defaults
[3.024s] Level 1:colcon.colcon_core.package_discovery:discover_packages(prefix_path) check parameters
[3.024s] Level 1:colcon.colcon_core.package_discovery:discover_packages(prefix_path) discover
[3.044s] DEBUG:colcon.colcon_installed_package_information.package_discovery:Found 2 installed packages in /home/luc/ros2_ws/install
[3.055s] DEBUG:colcon.colcon_installed_package_information.package_discovery:Found 276 installed packages in /opt/ros/humble
[3.107s] Level 1:colcon.colcon_core.package_discovery:discover_packages(prefix_path) using defaults
[3.330s] Level 5:colcon.colcon_core.verb:set package 'gh_ros' build argument 'cmake_args' from command line to 'None'
[3.331s] Level 5:colcon.colcon_core.verb:set package 'gh_ros' build argument 'cmake_target' from command line to 'None'
[3.331s] Level 5:colcon.colcon_core.verb:set package 'gh_ros' build argument 'cmake_target_skip_unavailable' from command line to 'False'
[3.331s] Level 5:colcon.colcon_core.verb:set package 'gh_ros' build argument 'cmake_clean_cache' from command line to 'False'
[3.331s] Level 5:colcon.colcon_core.verb:set package 'gh_ros' build argument 'cmake_clean_first' from command line to 'False'
[3.331s] Level 5:colcon.colcon_core.verb:set package 'gh_ros' build argument 'cmake_force_configure' from command line to 'False'
[3.331s] Level 5:colcon.colcon_core.verb:set package 'gh_ros' build argument 'ament_cmake_args' from command line to 'None'
[3.332s] Level 5:colcon.colcon_core.verb:set package 'gh_ros' build argument 'catkin_cmake_args' from command line to 'None'
[3.332s] Level 5:colcon.colcon_core.verb:set package 'gh_ros' build argument 'catkin_skip_building_tests' from command line to 'False'
[3.332s] DEBUG:colcon.colcon_core.verb:Building package 'gh_ros' with the following arguments: {'ament_cmake_args': None, 'build_base': '/home/luc/ros2_ws/build/gh_ros', 'catkin_cmake_args': None, 'catkin_skip_building_tests': False, 'cmake_args': None, 'cmake_clean_cache': False, 'cmake_clean_first': False, 'cmake_force_configure': False, 'cmake_target': None, 'cmake_target_skip_unavailable': False, 'install_base': '/home/luc/ros2_ws/install/gh_ros', 'merge_install': False, 'path': '/home/luc/ros2_ws/src/gh_ros', 'symlink_install': True, 'test_result_base': None}
[3.334s] Level 5:colcon.colcon_core.verb:set package 'gh_tcp' build argument 'cmake_args' from command line to 'None'
[3.334s] Level 5:colcon.colcon_core.verb:set package 'gh_tcp' build argument 'cmake_target' from command line to 'None'
[3.334s] Level 5:colcon.colcon_core.verb:set package 'gh_tcp' build argument 'cmake_target_skip_unavailable' from command line to 'False'
[3.334s] Level 5:colcon.colcon_core.verb:set package 'gh_tcp' build argument 'cmake_clean_cache' from command line to 'False'
[3.335s] Level 5:colcon.colcon_core.verb:set package 'gh_tcp' build argument 'cmake_clean_first' from command line to 'False'
[3.335s] Level 5:colcon.colcon_core.verb:set package 'gh_tcp' build argument 'cmake_force_configure' from command line to 'False'
[3.335s] Level 5:colcon.colcon_core.verb:set package 'gh_tcp' build argument 'ament_cmake_args' from command line to 'None'
[3.335s] Level 5:colcon.colcon_core.verb:set package 'gh_tcp' build argument 'catkin_cmake_args' from command line to 'None'
[3.335s] Level 5:colcon.colcon_core.verb:set package 'gh_tcp' build argument 'catkin_skip_building_tests' from command line to 'False'
[3.335s] DEBUG:colcon.colcon_core.verb:Building package 'gh_tcp' with the following arguments: {'ament_cmake_args': None, 'build_base': '/home/luc/ros2_ws/build/gh_tcp', 'catkin_cmake_args': None, 'catkin_skip_building_tests': False, 'cmake_args': None, 'cmake_clean_cache': False, 'cmake_clean_first': False, 'cmake_force_configure': False, 'cmake_target': None, 'cmake_target_skip_unavailable': False, 'install_base': '/home/luc/ros2_ws/install/gh_tcp', 'merge_install': False, 'path': '/home/luc/ros2_ws/src/gh_tcp', 'symlink_install': True, 'test_result_base': None}
[3.337s] Level 5:colcon.colcon_core.verb:set package 'my_robot_controller' build argument 'cmake_args' from command line to 'None'
[3.338s] Level 5:colcon.colcon_core.verb:set package 'my_robot_controller' build argument 'cmake_target' from command line to 'None'
[3.338s] Level 5:colcon.colcon_core.verb:set package 'my_robot_controller' build argument 'cmake_target_skip_unavailable' from command line to 'False'
[3.338s] Level 5:colcon.colcon_core.verb:set package 'my_robot_controller' build argument 'cmake_clean_cache' from command line to 'False'
[3.338s] Level 5:colcon.colcon_core.verb:set package 'my_robot_controller' build argument 'cmake_clean_first' from command line to 'False'
[3.338s] Level 5:colcon.colcon_core.verb:set package 'my_robot_controller' build argument 'cmake_force_configure' from command line to 'False'
[3.338s] Level 5:colcon.colcon_core.verb:set package 'my_robot_controller' build argument 'ament_cmake_args' from command line to 'None'
[3.338s] Level 5:colcon.colcon_core.verb:set package 'my_robot_controller' build argument 'catkin_cmake_args' from command line to 'None'
[3.338s] Level 5:colcon.colcon_core.verb:set package 'my_robot_controller' build argument 'catkin_skip_building_tests' from command line to 'False'
[3.339s] DEBUG:colcon.colcon_core.verb:Building package 'my_robot_controller' with the following arguments: {'ament_cmake_args': None, 'build_base': '/home/luc/ros2_ws/build/my_robot_controller', 'catkin_cmake_args': None, 'catkin_skip_building_tests': False, 'cmake_args': None, 'cmake_clean_cache': False, 'cmake_clean_first': False, 'cmake_force_configure': False, 'cmake_target': None, 'cmake_target_skip_unavailable': False, 'install_base': '/home/luc/ros2_ws/install/my_robot_controller', 'merge_install': False, 'path': '/home/luc/ros2_ws/src/my_robot_controller', 'symlink_install': True, 'test_result_base': None}
[3.339s] INFO:colcon.colcon_core.executor:Executing jobs using 'parallel' executor
[3.343s] DEBUG:colcon.colcon_parallel_executor.executor.parallel:run_until_complete
[3.344s] INFO:colcon.colcon_ros.task.ament_python.build:Building ROS package in '/home/luc/ros2_ws/src/gh_ros' with build type 'ament_python'
[3.345s] Level 1:colcon.colcon_core.shell:create_environment_hook('gh_ros', 'ament_prefix_path')
[3.372s] INFO:colcon.colcon_core.plugin_system:Skipping extension 'colcon_core.shell.bat': Not used on non-Windows systems
[3.374s] INFO:colcon.colcon_core.shell:Creating environment hook '/home/luc/ros2_ws/install/gh_ros/share/gh_ros/hook/ament_prefix_path.ps1'
[3.382s] INFO:colcon.colcon_core.shell:Creating environment descriptor '/home/luc/ros2_ws/install/gh_ros/share/gh_ros/hook/ament_prefix_path.dsv'
[3.385s] INFO:colcon.colcon_core.shell:Creating environment hook '/home/luc/ros2_ws/install/gh_ros/share/gh_ros/hook/ament_prefix_path.sh'
[3.391s] INFO:colcon.colcon_core.shell:Skip shell extension 'powershell' for command environment: Not usable outside of PowerShell
[3.391s] DEBUG:colcon.colcon_core.shell:Skip shell extension 'dsv' for command environment
[3.416s] INFO:colcon.colcon_ros.task.ament_python.build:Building ROS package in '/home/luc/ros2_ws/src/gh_tcp' with build type 'ament_python'
[3.417s] Level 1:colcon.colcon_core.shell:create_environment_hook('gh_tcp', 'ament_prefix_path')
[3.419s] INFO:colcon.colcon_core.shell:Creating environment hook '/home/luc/ros2_ws/install/gh_tcp/share/gh_tcp/hook/ament_prefix_path.ps1'
[3.423s] INFO:colcon.colcon_core.shell:Creating environment descriptor '/home/luc/ros2_ws/install/gh_tcp/share/gh_tcp/hook/ament_prefix_path.dsv'
[3.427s] INFO:colcon.colcon_core.shell:Creating environment hook '/home/luc/ros2_ws/install/gh_tcp/share/gh_tcp/hook/ament_prefix_path.sh'
[3.432s] INFO:colcon.colcon_core.shell:Skip shell extension 'powershell' for command environment: Not usable outside of PowerShell
[3.433s] DEBUG:colcon.colcon_core.shell:Skip shell extension 'dsv' for command environment
[3.460s] INFO:colcon.colcon_ros.task.ament_python.build:Building ROS package in '/home/luc/ros2_ws/src/my_robot_controller' with build type 'ament_python'
[3.461s] Level 1:colcon.colcon_core.shell:create_environment_hook('my_robot_controller', 'ament_prefix_path')
[3.463s] INFO:colcon.colcon_core.shell:Creating environment hook '/home/luc/ros2_ws/install/my_robot_controller/share/my_robot_controller/hook/ament_prefix_path.ps1'
[3.466s] INFO:colcon.colcon_core.shell:Creating environment descriptor '/home/luc/ros2_ws/install/my_robot_controller/share/my_robot_controller/hook/ament_prefix_path.dsv'
[3.468s] INFO:colcon.colcon_core.shell:Creating environment hook '/home/luc/ros2_ws/install/my_robot_controller/share/my_robot_controller/hook/ament_prefix_path.sh'
[3.473s] INFO:colcon.colcon_core.shell:Skip shell extension 'powershell' for command environment: Not usable outside of PowerShell
[3.473s] DEBUG:colcon.colcon_core.shell:Skip shell extension 'dsv' for command environment
[5.197s] INFO:colcon.colcon_core.task.python.build:Building Python package in '/home/luc/ros2_ws/src/gh_ros'
[5.200s] INFO:colcon.colcon_core.shell:Skip shell extension 'powershell' for command environment: Not usable outside of PowerShell
[5.200s] DEBUG:colcon.colcon_core.shell:Skip shell extension 'dsv' for command environment
[6.696s] INFO:colcon.colcon_core.task.python.build:Building Python package in '/home/luc/ros2_ws/src/gh_tcp'
[6.698s] INFO:colcon.colcon_core.shell:Skip shell extension 'powershell' for command environment: Not usable outside of PowerShell
[6.698s] DEBUG:colcon.colcon_core.shell:Skip shell extension 'dsv' for command environment
[8.192s] INFO:colcon.colcon_core.task.python.build:Building Python package in '/home/luc/ros2_ws/src/my_robot_controller'
[8.193s] INFO:colcon.colcon_core.shell:Skip shell extension 'powershell' for command environment: Not usable outside of PowerShell
[8.194s] DEBUG:colcon.colcon_core.shell:Skip shell extension 'dsv' for command environment
[10.959s] DEBUG:colcon.colcon_core.task.python.build:While undoing a previous installation files outside the Python library path are being ignored: /home/luc/ros2_ws/install/my_robot_controller/share/ament_index/resource_index/packages/my_robot_controller
[10.960s] DEBUG:colcon.colcon_core.task.python.build:While undoing a previous installation files outside the Python library path are being ignored: /home/luc/ros2_ws/install/my_robot_controller/share/my_robot_controller/package.xml
[10.963s] DEBUG:colcon.colcon_core.task.python.build:While undoing a previous installation files outside the Python library path are being ignored: /home/luc/ros2_ws/install/my_robot_controller/lib/my_robot_controller/controlador
[10.963s] DEBUG:colcon.colcon_core.task.python.build:While undoing a previous installation files outside the Python library path are being ignored: /home/luc/ros2_ws/install/my_robot_controller/lib/my_robot_controller/draw_circle
[10.964s] DEBUG:colcon.colcon_core.task.python.build:While undoing a previous installation files outside the Python library path are being ignored: /home/luc/ros2_ws/install/my_robot_controller/lib/my_robot_controller/subscriptor
[10.964s] DEBUG:colcon.colcon_core.task.python.build:While undoing a previous installation files outside the Python library path are being ignored: /home/luc/ros2_ws/install/my_robot_controller/lib/my_robot_controller/test_node
[10.964s] DEBUG:colcon.colcon_core.task.python.build:While undoing a previous installation files outside the Python library path are being ignored: /home/luc/ros2_ws/install/my_robot_controller/lib/my_robot_controller/test_nodo
[10.975s] DEBUG:colcon.colcon_core.event_handler.log_command:Invoking command in '/home/luc/ros2_ws/build/my_robot_controller': PYTHONPATH=/home/luc/ros2_ws/build/my_robot_controller/prefix_override:/usr/lib/python3/dist-packages/colcon_core/task/python/colcon_distutils_commands:/home/luc/ros2_ws/install/my_robot_controller/lib/python3.10/site-packages:${PYTHONPATH} /usr/bin/python3 -W ignore:setup.py install is deprecated setup.py develop --editable --build-directory /home/luc/ros2_ws/build/my_robot_controller/build --no-deps symlink_data --force
[11.008s] DEBUG:colcon.colcon_core.event_handler.log_command:Invoking command in '/home/luc/ros2_ws/build/gh_ros': PYTHONPATH=/home/luc/ros2_ws/build/gh_ros/prefix_override:/usr/lib/python3/dist-packages/colcon_core/task/python/colcon_distutils_commands:/home/luc/ros2_ws/install/gh_ros/lib/python3.10/site-packages:${PYTHONPATH} /usr/bin/python3 -W ignore:setup.py install is deprecated setup.py develop --editable --build-directory /home/luc/ros2_ws/build/gh_ros/build --no-deps symlink_data
[11.041s] DEBUG:colcon.colcon_core.task.python.build:While undoing a previous installation files outside the Python library path are being ignored: /home/luc/ros2_ws/install/gh_tcp/share/ament_index/resource_index/packages/gh_tcp
[11.042s] DEBUG:colcon.colcon_core.task.python.build:While undoing a previous installation files outside the Python library path are being ignored: /home/luc/ros2_ws/install/gh_tcp/share/gh_tcp/package.xml
[11.044s] DEBUG:colcon.colcon_core.task.python.build:While undoing a previous installation files outside the Python library path are being ignored: /home/luc/ros2_ws/install/gh_tcp/lib/gh_tcp/gh_tcp_node
[11.054s] DEBUG:colcon.colcon_core.event_handler.log_command:Invoking command in '/home/luc/ros2_ws/build/gh_tcp': PYTHONPATH=/home/luc/ros2_ws/build/gh_tcp/prefix_override:/usr/lib/python3/dist-packages/colcon_core/task/python/colcon_distutils_commands:/home/luc/ros2_ws/install/gh_tcp/lib/python3.10/site-packages:${PYTHONPATH} /usr/bin/python3 -W ignore:setup.py install is deprecated setup.py develop --editable --build-directory /home/luc/ros2_ws/build/gh_tcp/build --no-deps symlink_data --force
[14.782s] Level 1:colcon.colcon_core.shell:create_environment_hook('gh_ros', 'pythonpath_develop')
[14.784s] INFO:colcon.colcon_core.shell:Creating environment hook '/home/luc/ros2_ws/build/gh_ros/share/gh_ros/hook/pythonpath_develop.ps1'
[14.790s] DEBUG:colcon.colcon_core.event_handler.log_command:Invoked command in '/home/luc/ros2_ws/build/gh_ros' returned '0': PYTHONPATH=/home/luc/ros2_ws/build/gh_ros/prefix_override:/usr/lib/python3/dist-packages/colcon_core/task/python/colcon_distutils_commands:/home/luc/ros2_ws/install/gh_ros/lib/python3.10/site-packages:${PYTHONPATH} /usr/bin/python3 -W ignore:setup.py install is deprecated setup.py develop --editable --build-directory /home/luc/ros2_ws/build/gh_ros/build --no-deps symlink_data
[14.793s] INFO:colcon.colcon_core.shell:Creating environment descriptor '/home/luc/ros2_ws/build/gh_ros/share/gh_ros/hook/pythonpath_develop.dsv'
[14.797s] INFO:colcon.colcon_core.shell:Creating environment hook '/home/luc/ros2_ws/build/gh_ros/share/gh_ros/hook/pythonpath_develop.sh'
[14.848s] Level 1:colcon.colcon_core.environment:checking '/home/luc/ros2_ws/install/gh_ros' for CMake module files
[14.852s] Level 1:colcon.colcon_core.environment:checking '/home/luc/ros2_ws/install/gh_ros' for CMake config files
[14.859s] Level 1:colcon.colcon_core.environment:checking '/home/luc/ros2_ws/install/gh_ros/lib'
[14.861s] Level 1:colcon.colcon_core.environment:checking '/home/luc/ros2_ws/install/gh_ros/bin'
[14.862s] Level 1:colcon.colcon_core.environment:checking '/home/luc/ros2_ws/install/gh_ros/lib/pkgconfig/gh_ros.pc'
[14.865s] Level 1:colcon.colcon_core.environment:checking '/home/luc/ros2_ws/install/gh_ros/lib/python3.10/site-packages'
[14.866s] Level 1:colcon.colcon_core.shell:create_environment_hook('gh_ros', 'pythonpath')
[14.868s] INFO:colcon.colcon_core.shell:Creating environment hook '/home/luc/ros2_ws/install/gh_ros/share/gh_ros/hook/pythonpath.ps1'
[14.872s] INFO:colcon.colcon_core.shell:Creating environment descriptor '/home/luc/ros2_ws/install/gh_ros/share/gh_ros/hook/pythonpath.dsv'
[14.876s] INFO:colcon.colcon_core.shell:Creating environment hook '/home/luc/ros2_ws/install/gh_ros/share/gh_ros/hook/pythonpath.sh'
[14.882s] Level 1:colcon.colcon_core.environment:checking '/home/luc/ros2_ws/install/gh_ros/bin'
[14.883s] Level 1:colcon.colcon_core.environment:create_environment_scripts_only(gh_ros)
[14.896s] INFO:colcon.colcon_core.shell:Creating package script '/home/luc/ros2_ws/install/gh_ros/share/gh_ros/package.ps1'
[14.910s] INFO:colcon.colcon_core.shell:Creating package descriptor '/home/luc/ros2_ws/install/gh_ros/share/gh_ros/package.dsv'
[14.920s] INFO:colcon.colcon_core.shell:Creating package script '/home/luc/ros2_ws/install/gh_ros/share/gh_ros/package.sh'
[14.934s] INFO:colcon.colcon_core.shell:Creating package script '/home/luc/ros2_ws/install/gh_ros/share/gh_ros/package.bash'
[14.945s] INFO:colcon.colcon_core.shell:Creating package script '/home/luc/ros2_ws/install/gh_ros/share/gh_ros/package.zsh'
[14.967s] Level 1:colcon.colcon_core.environment:create_file_with_runtime_dependencies(/home/luc/ros2_ws/install/gh_ros/share/colcon-core/packages/gh_ros)
[15.009s] Level 1:colcon.colcon_core.shell:create_environment_hook('my_robot_controller', 'pythonpath_develop')
[15.013s] INFO:colcon.colcon_core.shell:Creating environment hook '/home/luc/ros2_ws/build/my_robot_controller/share/my_robot_controller/hook/pythonpath_develop.ps1'
[15.014s] DEBUG:colcon.colcon_core.event_handler.log_command:Invoked command in '/home/luc/ros2_ws/build/my_robot_controller' returned '0': PYTHONPATH=/home/luc/ros2_ws/build/my_robot_controller/prefix_override:/usr/lib/python3/dist-packages/colcon_core/task/python/colcon_distutils_commands:/home/luc/ros2_ws/install/my_robot_controller/lib/python3.10/site-packages:${PYTHONPATH} /usr/bin/python3 -W ignore:setup.py install is deprecated setup.py develop --editable --build-directory /home/luc/ros2_ws/build/my_robot_controller/build --no-deps symlink_data --force
[15.021s] INFO:colcon.colcon_core.shell:Creating environment descriptor '/home/luc/ros2_ws/build/my_robot_controller/share/my_robot_controller/hook/pythonpath_develop.dsv'
[15.027s] INFO:colcon.colcon_core.shell:Creating environment hook '/home/luc/ros2_ws/build/my_robot_controller/share/my_robot_controller/hook/pythonpath_develop.sh'
[15.032s] Level 1:colcon.colcon_core.environment:checking '/home/luc/ros2_ws/install/my_robot_controller' for CMake module files
[15.045s] Level 1:colcon.colcon_core.environment:checking '/home/luc/ros2_ws/install/my_robot_controller' for CMake config files
[15.052s] Level 1:colcon.colcon_core.environment:checking '/home/luc/ros2_ws/install/my_robot_controller/lib'
[15.059s] Level 1:colcon.colcon_core.environment:checking '/home/luc/ros2_ws/install/my_robot_controller/bin'
[15.060s] Level 1:colcon.colcon_core.environment:checking '/home/luc/ros2_ws/install/my_robot_controller/lib/pkgconfig/my_robot_controller.pc'
[15.070s] Level 1:colcon.colcon_core.environment:checking '/home/luc/ros2_ws/install/my_robot_controller/lib/python3.10/site-packages'
[15.071s] Level 1:colcon.colcon_core.shell:create_environment_hook('my_robot_controller', 'pythonpath')
[15.072s] INFO:colcon.colcon_core.shell:Creating environment hook '/home/luc/ros2_ws/install/my_robot_controller/share/my_robot_controller/hook/pythonpath.ps1'
[15.083s] INFO:colcon.colcon_core.shell:Creating environment descriptor '/home/luc/ros2_ws/install/my_robot_controller/share/my_robot_controller/hook/pythonpath.dsv'
[15.090s] INFO:colcon.colcon_core.shell:Creating environment hook '/home/luc/ros2_ws/install/my_robot_controller/share/my_robot_controller/hook/pythonpath.sh'
[15.097s] Level 1:colcon.colcon_core.environment:checking '/home/luc/ros2_ws/install/my_robot_controller/bin'
[15.098s] Level 1:colcon.colcon_core.environment:create_environment_scripts_only(my_robot_controller)
[15.100s] INFO:colcon.colcon_core.shell:Creating package script '/home/luc/ros2_ws/install/my_robot_controller/share/my_robot_controller/package.ps1'
[15.112s] INFO:colcon.colcon_core.shell:Creating package descriptor '/home/luc/ros2_ws/install/my_robot_controller/share/my_robot_controller/package.dsv'
[15.124s] INFO:colcon.colcon_core.shell:Creating package script '/home/luc/ros2_ws/install/my_robot_controller/share/my_robot_controller/package.sh'
[15.132s] INFO:colcon.colcon_core.shell:Creating package script '/home/luc/ros2_ws/install/my_robot_controller/share/my_robot_controller/package.bash'
[15.138s] INFO:colcon.colcon_core.shell:Creating package script '/home/luc/ros2_ws/install/my_robot_controller/share/my_robot_controller/package.zsh'
[15.149s] Level 1:colcon.colcon_core.environment:create_file_with_runtime_dependencies(/home/luc/ros2_ws/install/my_robot_controller/share/colcon-core/packages/my_robot_controller)
[15.312s] Level 1:colcon.colcon_core.shell:create_environment_hook('gh_tcp', 'pythonpath_develop')
[15.314s] INFO:colcon.colcon_core.shell:Creating environment hook '/home/luc/ros2_ws/build/gh_tcp/share/gh_tcp/hook/pythonpath_develop.ps1'
[15.318s] INFO:colcon.colcon_core.shell:Creating environment descriptor '/home/luc/ros2_ws/build/gh_tcp/share/gh_tcp/hook/pythonpath_develop.dsv'
[15.320s] DEBUG:colcon.colcon_core.event_handler.log_command:Invoked command in '/home/luc/ros2_ws/build/gh_tcp' returned '0': PYTHONPATH=/home/luc/ros2_ws/build/gh_tcp/prefix_override:/usr/lib/python3/dist-packages/colcon_core/task/python/colcon_distutils_commands:/home/luc/ros2_ws/install/gh_tcp/lib/python3.10/site-packages:${PYTHONPATH} /usr/bin/python3 -W ignore:setup.py install is deprecated setup.py develop --editable --build-directory /home/luc/ros2_ws/build/gh_tcp/build --no-deps symlink_data --force
[15.324s] INFO:colcon.colcon_core.shell:Creating environment hook '/home/luc/ros2_ws/build/gh_tcp/share/gh_tcp/hook/pythonpath_develop.sh'
[15.327s] Level 1:colcon.colcon_core.environment:checking '/home/luc/ros2_ws/install/gh_tcp' for CMake module files
[15.330s] Level 1:colcon.colcon_core.environment:checking '/home/luc/ros2_ws/install/gh_tcp' for CMake config files
[15.335s] Level 1:colcon.colcon_core.environment:checking '/home/luc/ros2_ws/install/gh_tcp/lib'
[15.336s] Level 1:colcon.colcon_core.environment:checking '/home/luc/ros2_ws/install/gh_tcp/bin'
[15.336s] Level 1:colcon.colcon_core.environment:checking '/home/luc/ros2_ws/install/gh_tcp/lib/pkgconfig/gh_tcp.pc'
[15.337s] Level 1:colcon.colcon_core.environment:checking '/home/luc/ros2_ws/install/gh_tcp/lib/python3.10/site-packages'
[15.338s] Level 1:colcon.colcon_core.shell:create_environment_hook('gh_tcp', 'pythonpath')
[15.339s] INFO:colcon.colcon_core.shell:Creating environment hook '/home/luc/ros2_ws/install/gh_tcp/share/gh_tcp/hook/pythonpath.ps1'
[15.342s] INFO:colcon.colcon_core.shell:Creating environment descriptor '/home/luc/ros2_ws/install/gh_tcp/share/gh_tcp/hook/pythonpath.dsv'
[15.345s] INFO:colcon.colcon_core.shell:Creating environment hook '/home/luc/ros2_ws/install/gh_tcp/share/gh_tcp/hook/pythonpath.sh'
[15.349s] Level 1:colcon.colcon_core.environment:checking '/home/luc/ros2_ws/install/gh_tcp/bin'
[15.350s] Level 1:colcon.colcon_core.environment:create_environment_scripts_only(gh_tcp)
[15.352s] INFO:colcon.colcon_core.shell:Creating package script '/home/luc/ros2_ws/install/gh_tcp/share/gh_tcp/package.ps1'
[15.355s] INFO:colcon.colcon_core.shell:Creating package descriptor '/home/luc/ros2_ws/install/gh_tcp/share/gh_tcp/package.dsv'
[15.359s] INFO:colcon.colcon_core.shell:Creating package script '/home/luc/ros2_ws/install/gh_tcp/share/gh_tcp/package.sh'
[15.362s] INFO:colcon.colcon_core.shell:Creating package script '/home/luc/ros2_ws/install/gh_tcp/share/gh_tcp/package.bash'
[15.365s] INFO:colcon.colcon_core.shell:Creating package script '/home/luc/ros2_ws/install/gh_tcp/share/gh_tcp/package.zsh'
[15.367s] Level 1:colcon.colcon_core.environment:create_file_with_runtime_dependencies(/home/luc/ros2_ws/install/gh_tcp/share/colcon-core/packages/gh_tcp)
[15.370s] DEBUG:colcon.colcon_parallel_executor.executor.parallel:closing loop
[15.374s] DEBUG:colcon.colcon_parallel_executor.executor.parallel:loop closed
[15.375s] DEBUG:colcon.colcon_parallel_executor.executor.parallel:run_until_complete finished with '0'
[15.375s] DEBUG:colcon.colcon_core.event_reactor:joining thread
[15.456s] INFO:colcon.colcon_core.plugin_system:Skipping extension 'colcon_notification.desktop_notification.terminal_notifier': Not used on non-Darwin systems
[15.457s] INFO:colcon.colcon_core.plugin_system:Skipping extension 'colcon_notification.desktop_notification.win32': Not used on non-Windows systems
[15.458s] INFO:colcon.colcon_notification.desktop_notification:Sending desktop notification using 'notify2'
[15.851s] DEBUG:colcon.colcon_core.event_reactor:joined thread
[15.854s] INFO:colcon.colcon_core.shell:Creating prefix script '/home/luc/ros2_ws/install/local_setup.ps1'
[15.864s] INFO:colcon.colcon_core.shell:Creating prefix util module '/home/luc/ros2_ws/install/_local_setup_util_ps1.py'
[15.883s] INFO:colcon.colcon_core.shell:Creating prefix chain script '/home/luc/ros2_ws/install/setup.ps1'
[15.893s] INFO:colcon.colcon_core.shell:Creating prefix script '/home/luc/ros2_ws/install/local_setup.sh'
[15.906s] INFO:colcon.colcon_core.shell:Creating prefix util module '/home/luc/ros2_ws/install/_local_setup_util_sh.py'
[15.913s] INFO:colcon.colcon_core.shell:Creating prefix chain script '/home/luc/ros2_ws/install/setup.sh'
[15.926s] INFO:colcon.colcon_core.shell:Creating prefix script '/home/luc/ros2_ws/install/local_setup.bash'
[15.934s] INFO:colcon.colcon_core.shell:Creating prefix chain script '/home/luc/ros2_ws/install/setup.bash'
[15.952s] INFO:colcon.colcon_core.shell:Creating prefix script '/home/luc/ros2_ws/install/local_setup.zsh'
[15.964s] INFO:colcon.colcon_core.shell:Creating prefix chain script '/home/luc/ros2_ws/install/setup.zsh'
