[7.926s] Invoking command in '/home/luc/ros2_ws/build/my_robot_controller': PYTHONPATH=/home/luc/ros2_ws/build/my_robot_controller/prefix_override:/usr/lib/python3/dist-packages/colcon_core/task/python/colcon_distutils_commands:/home/luc/ros2_ws/install/my_robot_controller/lib/python3.10/site-packages:${PYTHONPATH} /usr/bin/python3 -W ignore:setup.py install is deprecated setup.py develop --editable --build-directory /home/luc/ros2_ws/build/my_robot_controller/build --no-deps symlink_data
[10.046s] running develop
[10.055s] /usr/lib/python3/dist-packages/setuptools/command/easy_install.py:158: EasyInstallDeprecationWarning: easy_install command is deprecated. Use build and pip and other standards-based tools.
[10.056s]   warnings.warn(
[13.415s] running egg_info
[13.418s] writing my_robot_controller.egg-info/PKG-INFO
[13.449s] writing dependency_links to my_robot_controller.egg-info/dependency_links.txt
[13.471s] writing entry points to my_robot_controller.egg-info/entry_points.txt
[13.482s] writing requirements to my_robot_controller.egg-info/requires.txt
[13.490s] writing top-level names to my_robot_controller.egg-info/top_level.txt
[13.527s] reading manifest file 'my_robot_controller.egg-info/SOURCES.txt'
[13.552s] writing manifest file 'my_robot_controller.egg-info/SOURCES.txt'
[13.583s] running build_ext
[13.586s] Creating /home/luc/ros2_ws/install/my_robot_controller/lib/python3.10/site-packages/my-robot-controller.egg-link (link to .)
[13.625s] Installing controlador script to /home/luc/ros2_ws/install/my_robot_controller/lib/my_robot_controller
[13.647s] Installing draw_circle script to /home/luc/ros2_ws/install/my_robot_controller/lib/my_robot_controller
[13.660s] Installing subscriptor script to /home/luc/ros2_ws/install/my_robot_controller/lib/my_robot_controller
[13.666s] Installing test_node script to /home/luc/ros2_ws/install/my_robot_controller/lib/my_robot_controller
[13.686s] Installing test_nodo script to /home/luc/ros2_ws/install/my_robot_controller/lib/my_robot_controller
[13.783s] 
[13.786s] Installed /home/luc/ros2_ws/build/my_robot_controller
[13.800s] running symlink_data
[15.137s] Invoked command in '/home/luc/ros2_ws/build/my_robot_controller' returned '0': PYTHONPATH=/home/luc/ros2_ws/build/my_robot_controller/prefix_override:/usr/lib/python3/dist-packages/colcon_core/task/python/colcon_distutils_commands:/home/luc/ros2_ws/install/my_robot_controller/lib/python3.10/site-packages:${PYTHONPATH} /usr/bin/python3 -W ignore:setup.py install is deprecated setup.py develop --editable --build-directory /home/luc/ros2_ws/build/my_robot_controller/build --no-deps symlink_data
