running develop
running egg_info
creating ard_ros.egg-info
writing ard_ros.egg-info/PKG-INFO
writing dependency_links to ard_ros.egg-info/dependency_links.txt
writing entry points to ard_ros.egg-info/entry_points.txt
writing requirements to ard_ros.egg-info/requires.txt
writing top-level names to ard_ros.egg-info/top_level.txt
writing manifest file 'ard_ros.egg-info/SOURCES.txt'
reading manifest file 'ard_ros.egg-info/SOURCES.txt'
writing manifest file 'ard_ros.egg-info/SOURCES.txt'
running build_ext
Creating /home/luc/ros2_ws/src/install/ard_ros/lib/python3.10/site-packages/ard-ros.egg-link (link to .)
Installing serial_comm script to /home/luc/ros2_ws/src/install/ard_ros/lib/ard_ros

Installed /home/luc/ros2_ws/src/build/ard_ros
running symlink_data
creating /home/luc/ros2_ws/src/install/ard_ros/share/ament_index
creating /home/luc/ros2_ws/src/install/ard_ros/share/ament_index/resource_index
creating /home/luc/ros2_ws/src/install/ard_ros/share/ament_index/resource_index/packages
symbolically linking /home/luc/ros2_ws/src/build/ard_ros/resource/ard_ros -> /home/luc/ros2_ws/src/install/ard_ros/share/ament_index/resource_index/packages
symbolically linking /home/luc/ros2_ws/src/build/ard_ros/package.xml -> /home/luc/ros2_ws/src/install/ard_ros/share/ard_ros
