[5.755s] Invoking command in '/home/luc/ros2_ws/src/build/my_robot_controller': PYTHONPATH=/home/luc/ros2_ws/src/build/my_robot_controller/prefix_override:/usr/lib/python3/dist-packages/colcon_core/task/python/colcon_distutils_commands:/home/luc/ros2_ws/src/install/my_robot_controller/lib/python3.10/site-packages:${PYTHONPATH} /usr/bin/python3 -W ignore:setup.py install is deprecated setup.py develop --editable --build-directory /home/luc/ros2_ws/src/build/my_robot_controller/build --no-deps symlink_data
[8.398s] running develop
[8.401s] /usr/lib/python3/dist-packages/setuptools/command/easy_install.py:158: EasyInstallDeprecationWarning: easy_install command is deprecated. Use build and pip and other standards-based tools.
[8.402s]   warnings.warn(
[10.015s] running egg_info
[10.016s] creating my_robot_controller.egg-info
[10.018s] writing my_robot_controller.egg-info/PKG-INFO
[10.021s] writing dependency_links to my_robot_controller.egg-info/dependency_links.txt
[10.023s] writing entry points to my_robot_controller.egg-info/entry_points.txt
[10.024s] writing requirements to my_robot_controller.egg-info/requires.txt
[10.025s] writing top-level names to my_robot_controller.egg-info/top_level.txt
[10.026s] writing manifest file 'my_robot_controller.egg-info/SOURCES.txt'
[10.035s] reading manifest file 'my_robot_controller.egg-info/SOURCES.txt'
[10.038s] writing manifest file 'my_robot_controller.egg-info/SOURCES.txt'
[10.048s] running build_ext
[10.049s] Creating /home/luc/ros2_ws/src/install/my_robot_controller/lib/python3.10/site-packages/my-robot-controller.egg-link (link to .)
[10.054s] Installing controlador script to /home/luc/ros2_ws/src/install/my_robot_controller/lib/my_robot_controller
[10.055s] Installing draw_circle script to /home/luc/ros2_ws/src/install/my_robot_controller/lib/my_robot_controller
[10.056s] Installing subscriptor script to /home/luc/ros2_ws/src/install/my_robot_controller/lib/my_robot_controller
[10.057s] Installing test_node script to /home/luc/ros2_ws/src/install/my_robot_controller/lib/my_robot_controller
[10.058s] Installing test_nodo script to /home/luc/ros2_ws/src/install/my_robot_controller/lib/my_robot_controller
[10.060s] 
[10.060s] Installed /home/luc/ros2_ws/src/build/my_robot_controller
[10.061s] running symlink_data
[10.062s] creating /home/luc/ros2_ws/src/install/my_robot_controller/share/ament_index
[10.063s] creating /home/luc/ros2_ws/src/install/my_robot_controller/share/ament_index/resource_index
[10.064s] creating /home/luc/ros2_ws/src/install/my_robot_controller/share/ament_index/resource_index/packages
[10.065s] symbolically linking /home/luc/ros2_ws/src/build/my_robot_controller/resource/my_robot_controller -> /home/luc/ros2_ws/src/install/my_robot_controller/share/ament_index/resource_index/packages
[10.066s] symbolically linking /home/luc/ros2_ws/src/build/my_robot_controller/package.xml -> /home/luc/ros2_ws/src/install/my_robot_controller/share/my_robot_controller
[10.253s] Invoked command in '/home/luc/ros2_ws/src/build/my_robot_controller' returned '0': PYTHONPATH=/home/luc/ros2_ws/src/build/my_robot_controller/prefix_override:/usr/lib/python3/dist-packages/colcon_core/task/python/colcon_distutils_commands:/home/luc/ros2_ws/src/install/my_robot_controller/lib/python3.10/site-packages:${PYTHONPATH} /usr/bin/python3 -W ignore:setup.py install is deprecated setup.py develop --editable --build-directory /home/luc/ros2_ws/src/build/my_robot_controller/build --no-deps symlink_data
