[0.554s] DEBUG:colcon:Command line arguments: ['/usr/bin/colcon', 'build', '--symlink-install']
[0.554s] DEBUG:colcon:Parsed command line arguments: Namespace(log_base=None, log_level=None, verb_name='build', build_base='build', install_base='install', merge_install=False, symlink_install=True, test_result_base=None, continue_on_error=False, executor='parallel', parallel_workers=4, event_handlers=None, ignore_user_meta=False, metas=['./colcon.meta'], base_paths=['.'], packages_ignore=None, packages_ignore_regex=None, paths=None, packages_up_to=None, packages_up_to_regex=None, packages_above=None, packages_above_and_dependencies=None, packages_above_depth=None, packages_select_by_dep=None, packages_skip_by_dep=None, packages_skip_up_to=None, packages_select_build_failed=False, packages_skip_build_finished=False, packages_select_test_failures=False, packages_skip_test_passed=False, packages_select=None, packages_skip=None, packages_select_regex=None, packages_skip_regex=None, packages_start=None, packages_end=None, allow_overriding=[], cmake_args=None, cmake_target=None, cmake_target_skip_unavailable=False, cmake_clean_cache=False, cmake_clean_first=False, cmake_force_configure=False, ament_cmake_args=None, catkin_cmake_args=None, catkin_skip_building_tests=False, verb_parser=<colcon_defaults.argument_parser.defaults.DefaultArgumentsDecorator object at 0xffffa7d049a0>, verb_extension=<colcon_core.verb.build.BuildVerb object at 0xffffa7d04550>, main=<bound method BuildVerb.main of <colcon_core.verb.build.BuildVerb object at 0xffffa7d04550>>)
[1.844s] Level 1:colcon.colcon_core.package_discovery:discover_packages(colcon_meta) check parameters
[1.845s] Level 1:colcon.colcon_core.package_discovery:discover_packages(recursive) check parameters
[1.845s] Level 1:colcon.colcon_core.package_discovery:discover_packages(ignore) check parameters
[1.845s] Level 1:colcon.colcon_core.package_discovery:discover_packages(path) check parameters
[1.845s] Level 1:colcon.colcon_core.package_discovery:discover_packages(colcon_meta) discover
[1.846s] Level 1:colcon.colcon_core.package_discovery:discover_packages(recursive) discover
[1.846s] INFO:colcon.colcon_core.package_discovery:Crawling recursively for packages in '/home/luc/ros2_ws'
[1.850s] Level 1:colcon.colcon_core.package_identification:_identify(.) by extensions ['ignore', 'ignore_ament_install']
[1.850s] Level 1:colcon.colcon_core.package_identification:_identify(.) by extension 'ignore'
[1.851s] Level 1:colcon.colcon_core.package_identification:_identify(.) by extension 'ignore_ament_install'
[1.851s] Level 1:colcon.colcon_core.package_identification:_identify(.) by extensions ['colcon_pkg']
[1.851s] Level 1:colcon.colcon_core.package_identification:_identify(.) by extension 'colcon_pkg'
[1.851s] Level 1:colcon.colcon_core.package_identification:_identify(.) by extensions ['colcon_meta']
[1.851s] Level 1:colcon.colcon_core.package_identification:_identify(.) by extension 'colcon_meta'
[1.851s] Level 1:colcon.colcon_core.package_identification:_identify(.) by extensions ['ros']
[1.852s] Level 1:colcon.colcon_core.package_identification:_identify(.) by extension 'ros'
[1.919s] Level 1:colcon.colcon_core.package_identification:_identify(.) by extensions ['cmake', 'python']
[1.919s] Level 1:colcon.colcon_core.package_identification:_identify(.) by extension 'cmake'
[1.919s] Level 1:colcon.colcon_core.package_identification:_identify(.) by extension 'python'
[1.920s] Level 1:colcon.colcon_core.package_identification:_identify(.) by extensions ['python_setup_py']
[1.920s] Level 1:colcon.colcon_core.package_identification:_identify(.) by extension 'python_setup_py'
[1.920s] Level 1:colcon.colcon_core.package_identification:_identify(build) by extensions ['ignore', 'ignore_ament_install']
[1.921s] Level 1:colcon.colcon_core.package_identification:_identify(build) by extension 'ignore'
[1.921s] Level 1:colcon.colcon_core.package_identification:_identify(build) ignored
[1.925s] Level 1:colcon.colcon_core.package_identification:_identify(install) by extensions ['ignore', 'ignore_ament_install']
[1.926s] Level 1:colcon.colcon_core.package_identification:_identify(install) by extension 'ignore'
[1.926s] Level 1:colcon.colcon_core.package_identification:_identify(install) ignored
[1.927s] Level 1:colcon.colcon_core.package_identification:_identify(log) by extensions ['ignore', 'ignore_ament_install']
[1.927s] Level 1:colcon.colcon_core.package_identification:_identify(log) by extension 'ignore'
[1.927s] Level 1:colcon.colcon_core.package_identification:_identify(log) ignored
[1.928s] Level 1:colcon.colcon_core.package_identification:_identify(src) by extensions ['ignore', 'ignore_ament_install']
[1.928s] Level 1:colcon.colcon_core.package_identification:_identify(src) by extension 'ignore'
[1.928s] Level 1:colcon.colcon_core.package_identification:_identify(src) by extension 'ignore_ament_install'
[1.928s] Level 1:colcon.colcon_core.package_identification:_identify(src) by extensions ['colcon_pkg']
[1.929s] Level 1:colcon.colcon_core.package_identification:_identify(src) by extension 'colcon_pkg'
[1.929s] Level 1:colcon.colcon_core.package_identification:_identify(src) by extensions ['colcon_meta']
[1.929s] Level 1:colcon.colcon_core.package_identification:_identify(src) by extension 'colcon_meta'
[1.929s] Level 1:colcon.colcon_core.package_identification:_identify(src) by extensions ['ros']
[1.929s] Level 1:colcon.colcon_core.package_identification:_identify(src) by extension 'ros'
[1.930s] Level 1:colcon.colcon_core.package_identification:_identify(src) by extensions ['cmake', 'python']
[1.930s] Level 1:colcon.colcon_core.package_identification:_identify(src) by extension 'cmake'
[1.930s] Level 1:colcon.colcon_core.package_identification:_identify(src) by extension 'python'
[1.930s] Level 1:colcon.colcon_core.package_identification:_identify(src) by extensions ['python_setup_py']
[1.931s] Level 1:colcon.colcon_core.package_identification:_identify(src) by extension 'python_setup_py'
[1.931s] Level 1:colcon.colcon_core.package_identification:_identify(src/gcode_serial) by extensions ['ignore', 'ignore_ament_install']
[1.932s] Level 1:colcon.colcon_core.package_identification:_identify(src/gcode_serial) by extension 'ignore'
[1.932s] Level 1:colcon.colcon_core.package_identification:_identify(src/gcode_serial) by extension 'ignore_ament_install'
[1.932s] Level 1:colcon.colcon_core.package_identification:_identify(src/gcode_serial) by extensions ['colcon_pkg']
[1.932s] Level 1:colcon.colcon_core.package_identification:_identify(src/gcode_serial) by extension 'colcon_pkg'
[1.933s] Level 1:colcon.colcon_core.package_identification:_identify(src/gcode_serial) by extensions ['colcon_meta']
[1.933s] Level 1:colcon.colcon_core.package_identification:_identify(src/gcode_serial) by extension 'colcon_meta'
[1.933s] Level 1:colcon.colcon_core.package_identification:_identify(src/gcode_serial) by extensions ['ros']
[1.933s] Level 1:colcon.colcon_core.package_identification:_identify(src/gcode_serial) by extension 'ros'
[1.945s] DEBUG:colcon.colcon_core.package_identification:Package 'src/gcode_serial' with type 'ros.ament_python' and name 'gcode_serial'
[1.946s] Level 1:colcon.colcon_core.package_identification:_identify(src/gh_ros) by extensions ['ignore', 'ignore_ament_install']
[1.947s] Level 1:colcon.colcon_core.package_identification:_identify(src/gh_ros) by extension 'ignore'
[1.947s] Level 1:colcon.colcon_core.package_identification:_identify(src/gh_ros) by extension 'ignore_ament_install'
[1.947s] Level 1:colcon.colcon_core.package_identification:_identify(src/gh_ros) by extensions ['colcon_pkg']
[1.947s] Level 1:colcon.colcon_core.package_identification:_identify(src/gh_ros) by extension 'colcon_pkg'
[1.947s] Level 1:colcon.colcon_core.package_identification:_identify(src/gh_ros) by extensions ['colcon_meta']
[1.948s] Level 1:colcon.colcon_core.package_identification:_identify(src/gh_ros) by extension 'colcon_meta'
[1.948s] Level 1:colcon.colcon_core.package_identification:_identify(src/gh_ros) by extensions ['ros']
[1.948s] Level 1:colcon.colcon_core.package_identification:_identify(src/gh_ros) by extension 'ros'
[1.951s] DEBUG:colcon.colcon_core.package_identification:Package 'src/gh_ros' with type 'ros.ament_python' and name 'gh_ros'
[1.952s] Level 1:colcon.colcon_core.package_identification:_identify(src/my_robot_controller) by extensions ['ignore', 'ignore_ament_install']
[1.952s] Level 1:colcon.colcon_core.package_identification:_identify(src/my_robot_controller) by extension 'ignore'
[1.952s] Level 1:colcon.colcon_core.package_identification:_identify(src/my_robot_controller) by extension 'ignore_ament_install'
[1.953s] Level 1:colcon.colcon_core.package_identification:_identify(src/my_robot_controller) by extensions ['colcon_pkg']
[1.953s] Level 1:colcon.colcon_core.package_identification:_identify(src/my_robot_controller) by extension 'colcon_pkg'
[1.953s] Level 1:colcon.colcon_core.package_identification:_identify(src/my_robot_controller) by extensions ['colcon_meta']
[1.953s] Level 1:colcon.colcon_core.package_identification:_identify(src/my_robot_controller) by extension 'colcon_meta'
[1.953s] Level 1:colcon.colcon_core.package_identification:_identify(src/my_robot_controller) by extensions ['ros']
[1.954s] Level 1:colcon.colcon_core.package_identification:_identify(src/my_robot_controller) by extension 'ros'
[1.957s] DEBUG:colcon.colcon_core.package_identification:Package 'src/my_robot_controller' with type 'ros.ament_python' and name 'my_robot_controller'
[1.957s] Level 1:colcon.colcon_core.package_discovery:discover_packages(recursive) using defaults
[1.957s] Level 1:colcon.colcon_core.package_discovery:discover_packages(ignore) discover
[1.958s] Level 1:colcon.colcon_core.package_discovery:discover_packages(ignore) using defaults
[1.958s] Level 1:colcon.colcon_core.package_discovery:discover_packages(path) discover
[1.958s] Level 1:colcon.colcon_core.package_discovery:discover_packages(path) using defaults
[2.099s] Level 1:colcon.colcon_core.package_discovery:discover_packages(prefix_path) check parameters
[2.099s] Level 1:colcon.colcon_core.package_discovery:discover_packages(prefix_path) discover
[2.121s] DEBUG:colcon.colcon_installed_package_information.package_discovery:Found 4 installed packages in /home/luc/ros2_ws/install
[2.136s] DEBUG:colcon.colcon_installed_package_information.package_discovery:Found 276 installed packages in /opt/ros/humble
[2.189s] Level 1:colcon.colcon_core.package_discovery:discover_packages(prefix_path) using defaults
[2.594s] Level 5:colcon.colcon_core.verb:set package 'gcode_serial' build argument 'cmake_args' from command line to 'None'
[2.594s] Level 5:colcon.colcon_core.verb:set package 'gcode_serial' build argument 'cmake_target' from command line to 'None'
[2.594s] Level 5:colcon.colcon_core.verb:set package 'gcode_serial' build argument 'cmake_target_skip_unavailable' from command line to 'False'
[2.595s] Level 5:colcon.colcon_core.verb:set package 'gcode_serial' build argument 'cmake_clean_cache' from command line to 'False'
[2.595s] Level 5:colcon.colcon_core.verb:set package 'gcode_serial' build argument 'cmake_clean_first' from command line to 'False'
[2.595s] Level 5:colcon.colcon_core.verb:set package 'gcode_serial' build argument 'cmake_force_configure' from command line to 'False'
[2.595s] Level 5:colcon.colcon_core.verb:set package 'gcode_serial' build argument 'ament_cmake_args' from command line to 'None'
[2.595s] Level 5:colcon.colcon_core.verb:set package 'gcode_serial' build argument 'catkin_cmake_args' from command line to 'None'
[2.595s] Level 5:colcon.colcon_core.verb:set package 'gcode_serial' build argument 'catkin_skip_building_tests' from command line to 'False'
[2.595s] DEBUG:colcon.colcon_core.verb:Building package 'gcode_serial' with the following arguments: {'ament_cmake_args': None, 'build_base': '/home/luc/ros2_ws/build/gcode_serial', 'catkin_cmake_args': None, 'catkin_skip_building_tests': False, 'cmake_args': None, 'cmake_clean_cache': False, 'cmake_clean_first': False, 'cmake_force_configure': False, 'cmake_target': None, 'cmake_target_skip_unavailable': False, 'install_base': '/home/luc/ros2_ws/install/gcode_serial', 'merge_install': False, 'path': '/home/luc/ros2_ws/src/gcode_serial', 'symlink_install': True, 'test_result_base': None}
[2.597s] Level 5:colcon.colcon_core.verb:set package 'gh_ros' build argument 'cmake_args' from command line to 'None'
[2.597s] Level 5:colcon.colcon_core.verb:set package 'gh_ros' build argument 'cmake_target' from command line to 'None'
[2.597s] Level 5:colcon.colcon_core.verb:set package 'gh_ros' build argument 'cmake_target_skip_unavailable' from command line to 'False'
[2.598s] Level 5:colcon.colcon_core.verb:set package 'gh_ros' build argument 'cmake_clean_cache' from command line to 'False'
[2.598s] Level 5:colcon.colcon_core.verb:set package 'gh_ros' build argument 'cmake_clean_first' from command line to 'False'
[2.598s] Level 5:colcon.colcon_core.verb:set package 'gh_ros' build argument 'cmake_force_configure' from command line to 'False'
[2.598s] Level 5:colcon.colcon_core.verb:set package 'gh_ros' build argument 'ament_cmake_args' from command line to 'None'
[2.598s] Level 5:colcon.colcon_core.verb:set package 'gh_ros' build argument 'catkin_cmake_args' from command line to 'None'
[2.598s] Level 5:colcon.colcon_core.verb:set package 'gh_ros' build argument 'catkin_skip_building_tests' from command line to 'False'
[2.598s] DEBUG:colcon.colcon_core.verb:Building package 'gh_ros' with the following arguments: {'ament_cmake_args': None, 'build_base': '/home/luc/ros2_ws/build/gh_ros', 'catkin_cmake_args': None, 'catkin_skip_building_tests': False, 'cmake_args': None, 'cmake_clean_cache': False, 'cmake_clean_first': False, 'cmake_force_configure': False, 'cmake_target': None, 'cmake_target_skip_unavailable': False, 'install_base': '/home/luc/ros2_ws/install/gh_ros', 'merge_install': False, 'path': '/home/luc/ros2_ws/src/gh_ros', 'symlink_install': True, 'test_result_base': None}
[2.600s] Level 5:colcon.colcon_core.verb:set package 'my_robot_controller' build argument 'cmake_args' from command line to 'None'
[2.600s] Level 5:colcon.colcon_core.verb:set package 'my_robot_controller' build argument 'cmake_target' from command line to 'None'
[2.600s] Level 5:colcon.colcon_core.verb:set package 'my_robot_controller' build argument 'cmake_target_skip_unavailable' from command line to 'False'
[2.601s] Level 5:colcon.colcon_core.verb:set package 'my_robot_controller' build argument 'cmake_clean_cache' from command line to 'False'
[2.601s] Level 5:colcon.colcon_core.verb:set package 'my_robot_controller' build argument 'cmake_clean_first' from command line to 'False'
[2.601s] Level 5:colcon.colcon_core.verb:set package 'my_robot_controller' build argument 'cmake_force_configure' from command line to 'False'
[2.601s] Level 5:colcon.colcon_core.verb:set package 'my_robot_controller' build argument 'ament_cmake_args' from command line to 'None'
[2.601s] Level 5:colcon.colcon_core.verb:set package 'my_robot_controller' build argument 'catkin_cmake_args' from command line to 'None'
[2.601s] Level 5:colcon.colcon_core.verb:set package 'my_robot_controller' build argument 'catkin_skip_building_tests' from command line to 'False'
[2.601s] DEBUG:colcon.colcon_core.verb:Building package 'my_robot_controller' with the following arguments: {'ament_cmake_args': None, 'build_base': '/home/luc/ros2_ws/build/my_robot_controller', 'catkin_cmake_args': None, 'catkin_skip_building_tests': False, 'cmake_args': None, 'cmake_clean_cache': False, 'cmake_clean_first': False, 'cmake_force_configure': False, 'cmake_target': None, 'cmake_target_skip_unavailable': False, 'install_base': '/home/luc/ros2_ws/install/my_robot_controller', 'merge_install': False, 'path': '/home/luc/ros2_ws/src/my_robot_controller', 'symlink_install': True, 'test_result_base': None}
[2.602s] INFO:colcon.colcon_core.executor:Executing jobs using 'parallel' executor
[2.606s] DEBUG:colcon.colcon_parallel_executor.executor.parallel:run_until_complete
[2.607s] INFO:colcon.colcon_ros.task.ament_python.build:Building ROS package in '/home/luc/ros2_ws/src/gcode_serial' with build type 'ament_python'
[2.608s] Level 1:colcon.colcon_core.shell:create_environment_hook('gcode_serial', 'ament_prefix_path')
[2.636s] INFO:colcon.colcon_core.plugin_system:Skipping extension 'colcon_core.shell.bat': Not used on non-Windows systems
[2.638s] INFO:colcon.colcon_core.shell:Creating environment hook '/home/luc/ros2_ws/install/gcode_serial/share/gcode_serial/hook/ament_prefix_path.ps1'
[2.648s] INFO:colcon.colcon_core.shell:Creating environment descriptor '/home/luc/ros2_ws/install/gcode_serial/share/gcode_serial/hook/ament_prefix_path.dsv'
[2.655s] INFO:colcon.colcon_core.shell:Creating environment hook '/home/luc/ros2_ws/install/gcode_serial/share/gcode_serial/hook/ament_prefix_path.sh'
[2.662s] INFO:colcon.colcon_core.shell:Skip shell extension 'powershell' for command environment: Not usable outside of PowerShell
[2.663s] DEBUG:colcon.colcon_core.shell:Skip shell extension 'dsv' for command environment
[2.694s] INFO:colcon.colcon_ros.task.ament_python.build:Building ROS package in '/home/luc/ros2_ws/src/gh_ros' with build type 'ament_python'
[2.695s] Level 1:colcon.colcon_core.shell:create_environment_hook('gh_ros', 'ament_prefix_path')
[2.698s] INFO:colcon.colcon_core.shell:Creating environment hook '/home/luc/ros2_ws/install/gh_ros/share/gh_ros/hook/ament_prefix_path.ps1'
[2.702s] INFO:colcon.colcon_core.shell:Creating environment descriptor '/home/luc/ros2_ws/install/gh_ros/share/gh_ros/hook/ament_prefix_path.dsv'
[2.708s] INFO:colcon.colcon_core.shell:Creating environment hook '/home/luc/ros2_ws/install/gh_ros/share/gh_ros/hook/ament_prefix_path.sh'
[2.716s] INFO:colcon.colcon_core.shell:Skip shell extension 'powershell' for command environment: Not usable outside of PowerShell
[2.717s] DEBUG:colcon.colcon_core.shell:Skip shell extension 'dsv' for command environment
[2.749s] INFO:colcon.colcon_ros.task.ament_python.build:Building ROS package in '/home/luc/ros2_ws/src/my_robot_controller' with build type 'ament_python'
[2.750s] Level 1:colcon.colcon_core.shell:create_environment_hook('my_robot_controller', 'ament_prefix_path')
[2.753s] INFO:colcon.colcon_core.shell:Creating environment hook '/home/luc/ros2_ws/install/my_robot_controller/share/my_robot_controller/hook/ament_prefix_path.ps1'
[2.756s] INFO:colcon.colcon_core.shell:Creating environment descriptor '/home/luc/ros2_ws/install/my_robot_controller/share/my_robot_controller/hook/ament_prefix_path.dsv'
[2.759s] INFO:colcon.colcon_core.shell:Creating environment hook '/home/luc/ros2_ws/install/my_robot_controller/share/my_robot_controller/hook/ament_prefix_path.sh'
[2.764s] INFO:colcon.colcon_core.shell:Skip shell extension 'powershell' for command environment: Not usable outside of PowerShell
[2.764s] DEBUG:colcon.colcon_core.shell:Skip shell extension 'dsv' for command environment
[4.363s] INFO:colcon.colcon_core.task.python.build:Building Python package in '/home/luc/ros2_ws/src/gcode_serial'
[4.365s] INFO:colcon.colcon_core.shell:Skip shell extension 'powershell' for command environment: Not usable outside of PowerShell
[4.365s] DEBUG:colcon.colcon_core.shell:Skip shell extension 'dsv' for command environment
[6.054s] INFO:colcon.colcon_core.task.python.build:Building Python package in '/home/luc/ros2_ws/src/gh_ros'
[6.056s] INFO:colcon.colcon_core.shell:Skip shell extension 'powershell' for command environment: Not usable outside of PowerShell
[6.056s] DEBUG:colcon.colcon_core.shell:Skip shell extension 'dsv' for command environment
[7.567s] INFO:colcon.colcon_core.task.python.build:Building Python package in '/home/luc/ros2_ws/src/my_robot_controller'
[7.569s] INFO:colcon.colcon_core.shell:Skip shell extension 'powershell' for command environment: Not usable outside of PowerShell
[7.569s] DEBUG:colcon.colcon_core.shell:Skip shell extension 'dsv' for command environment
[10.551s] DEBUG:colcon.colcon_core.task.python.build:While undoing a previous installation files outside the Python library path are being ignored: /home/luc/ros2_ws/install/my_robot_controller/share/ament_index/resource_index/packages/my_robot_controller
[10.552s] DEBUG:colcon.colcon_core.task.python.build:While undoing a previous installation files outside the Python library path are being ignored: /home/luc/ros2_ws/install/my_robot_controller/share/my_robot_controller/package.xml
[10.555s] DEBUG:colcon.colcon_core.task.python.build:While undoing a previous installation files outside the Python library path are being ignored: /home/luc/ros2_ws/install/my_robot_controller/lib/my_robot_controller/controlador
[10.555s] DEBUG:colcon.colcon_core.task.python.build:While undoing a previous installation files outside the Python library path are being ignored: /home/luc/ros2_ws/install/my_robot_controller/lib/my_robot_controller/draw_circle
[10.555s] DEBUG:colcon.colcon_core.task.python.build:While undoing a previous installation files outside the Python library path are being ignored: /home/luc/ros2_ws/install/my_robot_controller/lib/my_robot_controller/subscriptor
[10.555s] DEBUG:colcon.colcon_core.task.python.build:While undoing a previous installation files outside the Python library path are being ignored: /home/luc/ros2_ws/install/my_robot_controller/lib/my_robot_controller/test_node
[10.555s] DEBUG:colcon.colcon_core.task.python.build:While undoing a previous installation files outside the Python library path are being ignored: /home/luc/ros2_ws/install/my_robot_controller/lib/my_robot_controller/test_nodo
[10.563s] DEBUG:colcon.colcon_core.event_handler.log_command:Invoking command in '/home/luc/ros2_ws/build/my_robot_controller': PYTHONPATH=/home/luc/ros2_ws/build/my_robot_controller/prefix_override:/usr/lib/python3/dist-packages/colcon_core/task/python/colcon_distutils_commands:/home/luc/ros2_ws/install/my_robot_controller/lib/python3.10/site-packages:${PYTHONPATH} /usr/bin/python3 -W ignore:setup.py install is deprecated setup.py develop --editable --build-directory /home/luc/ros2_ws/build/my_robot_controller/build --no-deps symlink_data --force
[10.586s] DEBUG:colcon.colcon_core.task.python.build:While undoing a previous installation files outside the Python library path are being ignored: /home/luc/ros2_ws/install/gcode_serial/share/ament_index/resource_index/packages/gcode_serial
[10.587s] DEBUG:colcon.colcon_core.task.python.build:While undoing a previous installation files outside the Python library path are being ignored: /home/luc/ros2_ws/install/gcode_serial/share/gcode_serial/package.xml
[10.589s] DEBUG:colcon.colcon_core.task.python.build:While undoing a previous installation files outside the Python library path are being ignored: /home/luc/ros2_ws/install/gcode_serial/lib/gcode_serial/gcode_manager
[10.590s] DEBUG:colcon.colcon_core.task.python.build:While undoing a previous installation files outside the Python library path are being ignored: /home/luc/ros2_ws/install/gcode_serial/lib/gcode_serial/gcode_sender
[10.607s] DEBUG:colcon.colcon_core.event_handler.log_command:Invoking command in '/home/luc/ros2_ws/build/gcode_serial': PYTHONPATH=/home/luc/ros2_ws/build/gcode_serial/prefix_override:/usr/lib/python3/dist-packages/colcon_core/task/python/colcon_distutils_commands:/home/luc/ros2_ws/install/gcode_serial/lib/python3.10/site-packages:${PYTHONPATH} /usr/bin/python3 -W ignore:setup.py install is deprecated setup.py develop --editable --build-directory /home/luc/ros2_ws/build/gcode_serial/build --no-deps symlink_data --force
[10.614s] DEBUG:colcon.colcon_core.task.python.build:While undoing a previous installation files outside the Python library path are being ignored: /home/luc/ros2_ws/install/gh_ros/share/ament_index/resource_index/packages/gh_ros
[10.615s] DEBUG:colcon.colcon_core.task.python.build:While undoing a previous installation files outside the Python library path are being ignored: /home/luc/ros2_ws/install/gh_ros/share/gh_ros/package.xml
[10.616s] DEBUG:colcon.colcon_core.task.python.build:While undoing a previous installation files outside the Python library path are being ignored: /home/luc/ros2_ws/install/gh_ros/lib/gh_ros/gh_subscriber
[10.648s] DEBUG:colcon.colcon_core.event_handler.log_command:Invoking command in '/home/luc/ros2_ws/build/gh_ros': PYTHONPATH=/home/luc/ros2_ws/build/gh_ros/prefix_override:/usr/lib/python3/dist-packages/colcon_core/task/python/colcon_distutils_commands:/home/luc/ros2_ws/install/gh_ros/lib/python3.10/site-packages:${PYTHONPATH} /usr/bin/python3 -W ignore:setup.py install is deprecated setup.py develop --editable --build-directory /home/luc/ros2_ws/build/gh_ros/build --no-deps symlink_data --force
[14.494s] Level 1:colcon.colcon_core.shell:create_environment_hook('gh_ros', 'pythonpath_develop')
[14.498s] DEBUG:colcon.colcon_core.event_handler.log_command:Invoked command in '/home/luc/ros2_ws/build/gh_ros' returned '0': PYTHONPATH=/home/luc/ros2_ws/build/gh_ros/prefix_override:/usr/lib/python3/dist-packages/colcon_core/task/python/colcon_distutils_commands:/home/luc/ros2_ws/install/gh_ros/lib/python3.10/site-packages:${PYTHONPATH} /usr/bin/python3 -W ignore:setup.py install is deprecated setup.py develop --editable --build-directory /home/luc/ros2_ws/build/gh_ros/build --no-deps symlink_data --force
[14.505s] INFO:colcon.colcon_core.shell:Creating environment hook '/home/luc/ros2_ws/build/gh_ros/share/gh_ros/hook/pythonpath_develop.ps1'
[14.535s] INFO:colcon.colcon_core.shell:Creating environment descriptor '/home/luc/ros2_ws/build/gh_ros/share/gh_ros/hook/pythonpath_develop.dsv'
[14.541s] INFO:colcon.colcon_core.shell:Creating environment hook '/home/luc/ros2_ws/build/gh_ros/share/gh_ros/hook/pythonpath_develop.sh'
[14.603s] Level 1:colcon.colcon_core.environment:checking '/home/luc/ros2_ws/install/gh_ros' for CMake module files
[14.606s] Level 1:colcon.colcon_core.environment:checking '/home/luc/ros2_ws/install/gh_ros' for CMake config files
[14.619s] Level 1:colcon.colcon_core.environment:checking '/home/luc/ros2_ws/install/gh_ros/lib'
[14.621s] Level 1:colcon.colcon_core.environment:checking '/home/luc/ros2_ws/install/gh_ros/bin'
[14.621s] Level 1:colcon.colcon_core.environment:checking '/home/luc/ros2_ws/install/gh_ros/lib/pkgconfig/gh_ros.pc'
[14.623s] Level 1:colcon.colcon_core.environment:checking '/home/luc/ros2_ws/install/gh_ros/lib/python3.10/site-packages'
[14.624s] Level 1:colcon.colcon_core.shell:create_environment_hook('gh_ros', 'pythonpath')
[14.626s] INFO:colcon.colcon_core.shell:Creating environment hook '/home/luc/ros2_ws/install/gh_ros/share/gh_ros/hook/pythonpath.ps1'
[14.632s] INFO:colcon.colcon_core.shell:Creating environment descriptor '/home/luc/ros2_ws/install/gh_ros/share/gh_ros/hook/pythonpath.dsv'
[14.635s] INFO:colcon.colcon_core.shell:Creating environment hook '/home/luc/ros2_ws/install/gh_ros/share/gh_ros/hook/pythonpath.sh'
[14.638s] Level 1:colcon.colcon_core.environment:checking '/home/luc/ros2_ws/install/gh_ros/bin'
[14.638s] Level 1:colcon.colcon_core.environment:create_environment_scripts_only(gh_ros)
[14.640s] INFO:colcon.colcon_core.shell:Creating package script '/home/luc/ros2_ws/install/gh_ros/share/gh_ros/package.ps1'
[14.649s] INFO:colcon.colcon_core.shell:Creating package descriptor '/home/luc/ros2_ws/install/gh_ros/share/gh_ros/package.dsv'
[14.656s] INFO:colcon.colcon_core.shell:Creating package script '/home/luc/ros2_ws/install/gh_ros/share/gh_ros/package.sh'
[14.663s] INFO:colcon.colcon_core.shell:Creating package script '/home/luc/ros2_ws/install/gh_ros/share/gh_ros/package.bash'
[14.671s] INFO:colcon.colcon_core.shell:Creating package script '/home/luc/ros2_ws/install/gh_ros/share/gh_ros/package.zsh'
[14.676s] Level 1:colcon.colcon_core.environment:create_file_with_runtime_dependencies(/home/luc/ros2_ws/install/gh_ros/share/colcon-core/packages/gh_ros)
[14.684s] Level 1:colcon.colcon_core.shell:create_environment_hook('gcode_serial', 'pythonpath_develop')
[14.686s] INFO:colcon.colcon_core.shell:Creating environment hook '/home/luc/ros2_ws/build/gcode_serial/share/gcode_serial/hook/pythonpath_develop.ps1'
[14.690s] DEBUG:colcon.colcon_core.event_handler.log_command:Invoked command in '/home/luc/ros2_ws/build/gcode_serial' returned '0': PYTHONPATH=/home/luc/ros2_ws/build/gcode_serial/prefix_override:/usr/lib/python3/dist-packages/colcon_core/task/python/colcon_distutils_commands:/home/luc/ros2_ws/install/gcode_serial/lib/python3.10/site-packages:${PYTHONPATH} /usr/bin/python3 -W ignore:setup.py install is deprecated setup.py develop --editable --build-directory /home/luc/ros2_ws/build/gcode_serial/build --no-deps symlink_data --force
[14.695s] INFO:colcon.colcon_core.shell:Creating environment descriptor '/home/luc/ros2_ws/build/gcode_serial/share/gcode_serial/hook/pythonpath_develop.dsv'
[14.699s] INFO:colcon.colcon_core.shell:Creating environment hook '/home/luc/ros2_ws/build/gcode_serial/share/gcode_serial/hook/pythonpath_develop.sh'
[14.704s] Level 1:colcon.colcon_core.environment:checking '/home/luc/ros2_ws/install/gcode_serial' for CMake module files
[14.708s] Level 1:colcon.colcon_core.environment:checking '/home/luc/ros2_ws/install/gcode_serial' for CMake config files
[14.715s] Level 1:colcon.colcon_core.environment:checking '/home/luc/ros2_ws/install/gcode_serial/lib'
[14.716s] Level 1:colcon.colcon_core.environment:checking '/home/luc/ros2_ws/install/gcode_serial/bin'
[14.717s] Level 1:colcon.colcon_core.environment:checking '/home/luc/ros2_ws/install/gcode_serial/lib/pkgconfig/gcode_serial.pc'
[14.718s] Level 1:colcon.colcon_core.environment:checking '/home/luc/ros2_ws/install/gcode_serial/lib/python3.10/site-packages'
[14.719s] Level 1:colcon.colcon_core.shell:create_environment_hook('gcode_serial', 'pythonpath')
[14.720s] INFO:colcon.colcon_core.shell:Creating environment hook '/home/luc/ros2_ws/install/gcode_serial/share/gcode_serial/hook/pythonpath.ps1'
[14.724s] INFO:colcon.colcon_core.shell:Creating environment descriptor '/home/luc/ros2_ws/install/gcode_serial/share/gcode_serial/hook/pythonpath.dsv'
[14.727s] INFO:colcon.colcon_core.shell:Creating environment hook '/home/luc/ros2_ws/install/gcode_serial/share/gcode_serial/hook/pythonpath.sh'
[14.731s] Level 1:colcon.colcon_core.environment:checking '/home/luc/ros2_ws/install/gcode_serial/bin'
[14.732s] Level 1:colcon.colcon_core.environment:create_environment_scripts_only(gcode_serial)
[14.734s] INFO:colcon.colcon_core.shell:Creating package script '/home/luc/ros2_ws/install/gcode_serial/share/gcode_serial/package.ps1'
[14.738s] INFO:colcon.colcon_core.shell:Creating package descriptor '/home/luc/ros2_ws/install/gcode_serial/share/gcode_serial/package.dsv'
[14.741s] INFO:colcon.colcon_core.shell:Creating package script '/home/luc/ros2_ws/install/gcode_serial/share/gcode_serial/package.sh'
[14.744s] INFO:colcon.colcon_core.shell:Creating package script '/home/luc/ros2_ws/install/gcode_serial/share/gcode_serial/package.bash'
[14.749s] INFO:colcon.colcon_core.shell:Creating package script '/home/luc/ros2_ws/install/gcode_serial/share/gcode_serial/package.zsh'
[14.755s] Level 1:colcon.colcon_core.environment:create_file_with_runtime_dependencies(/home/luc/ros2_ws/install/gcode_serial/share/colcon-core/packages/gcode_serial)
[14.757s] Level 1:colcon.colcon_core.shell:create_environment_hook('my_robot_controller', 'pythonpath_develop')
[14.759s] INFO:colcon.colcon_core.shell:Creating environment hook '/home/luc/ros2_ws/build/my_robot_controller/share/my_robot_controller/hook/pythonpath_develop.ps1'
[14.767s] DEBUG:colcon.colcon_core.event_handler.log_command:Invoked command in '/home/luc/ros2_ws/build/my_robot_controller' returned '0': PYTHONPATH=/home/luc/ros2_ws/build/my_robot_controller/prefix_override:/usr/lib/python3/dist-packages/colcon_core/task/python/colcon_distutils_commands:/home/luc/ros2_ws/install/my_robot_controller/lib/python3.10/site-packages:${PYTHONPATH} /usr/bin/python3 -W ignore:setup.py install is deprecated setup.py develop --editable --build-directory /home/luc/ros2_ws/build/my_robot_controller/build --no-deps symlink_data --force
[14.771s] INFO:colcon.colcon_core.shell:Creating environment descriptor '/home/luc/ros2_ws/build/my_robot_controller/share/my_robot_controller/hook/pythonpath_develop.dsv'
[14.774s] INFO:colcon.colcon_core.shell:Creating environment hook '/home/luc/ros2_ws/build/my_robot_controller/share/my_robot_controller/hook/pythonpath_develop.sh'
[14.779s] Level 1:colcon.colcon_core.environment:checking '/home/luc/ros2_ws/install/my_robot_controller' for CMake module files
[14.784s] Level 1:colcon.colcon_core.environment:checking '/home/luc/ros2_ws/install/my_robot_controller' for CMake config files
[14.803s] Level 1:colcon.colcon_core.environment:checking '/home/luc/ros2_ws/install/my_robot_controller/lib'
[14.804s] Level 1:colcon.colcon_core.environment:checking '/home/luc/ros2_ws/install/my_robot_controller/bin'
[14.805s] Level 1:colcon.colcon_core.environment:checking '/home/luc/ros2_ws/install/my_robot_controller/lib/pkgconfig/my_robot_controller.pc'
[14.807s] Level 1:colcon.colcon_core.environment:checking '/home/luc/ros2_ws/install/my_robot_controller/lib/python3.10/site-packages'
[14.808s] Level 1:colcon.colcon_core.shell:create_environment_hook('my_robot_controller', 'pythonpath')
[14.810s] INFO:colcon.colcon_core.shell:Creating environment hook '/home/luc/ros2_ws/install/my_robot_controller/share/my_robot_controller/hook/pythonpath.ps1'
[14.814s] INFO:colcon.colcon_core.shell:Creating environment descriptor '/home/luc/ros2_ws/install/my_robot_controller/share/my_robot_controller/hook/pythonpath.dsv'
[14.816s] INFO:colcon.colcon_core.shell:Creating environment hook '/home/luc/ros2_ws/install/my_robot_controller/share/my_robot_controller/hook/pythonpath.sh'
[14.824s] Level 1:colcon.colcon_core.environment:checking '/home/luc/ros2_ws/install/my_robot_controller/bin'
[14.825s] Level 1:colcon.colcon_core.environment:create_environment_scripts_only(my_robot_controller)
[14.827s] INFO:colcon.colcon_core.shell:Creating package script '/home/luc/ros2_ws/install/my_robot_controller/share/my_robot_controller/package.ps1'
[14.832s] INFO:colcon.colcon_core.shell:Creating package descriptor '/home/luc/ros2_ws/install/my_robot_controller/share/my_robot_controller/package.dsv'
[14.840s] INFO:colcon.colcon_core.shell:Creating package script '/home/luc/ros2_ws/install/my_robot_controller/share/my_robot_controller/package.sh'
[14.845s] INFO:colcon.colcon_core.shell:Creating package script '/home/luc/ros2_ws/install/my_robot_controller/share/my_robot_controller/package.bash'
[14.853s] INFO:colcon.colcon_core.shell:Creating package script '/home/luc/ros2_ws/install/my_robot_controller/share/my_robot_controller/package.zsh'
[14.859s] Level 1:colcon.colcon_core.environment:create_file_with_runtime_dependencies(/home/luc/ros2_ws/install/my_robot_controller/share/colcon-core/packages/my_robot_controller)
[14.864s] DEBUG:colcon.colcon_parallel_executor.executor.parallel:closing loop
[14.867s] DEBUG:colcon.colcon_parallel_executor.executor.parallel:loop closed
[14.871s] DEBUG:colcon.colcon_parallel_executor.executor.parallel:run_until_complete finished with '0'
[14.872s] DEBUG:colcon.colcon_core.event_reactor:joining thread
[15.045s] INFO:colcon.colcon_core.plugin_system:Skipping extension 'colcon_notification.desktop_notification.terminal_notifier': Not used on non-Darwin systems
[15.046s] INFO:colcon.colcon_core.plugin_system:Skipping extension 'colcon_notification.desktop_notification.win32': Not used on non-Windows systems
[15.046s] INFO:colcon.colcon_notification.desktop_notification:Sending desktop notification using 'notify2'
[15.199s] DEBUG:colcon.colcon_core.event_reactor:joined thread
[15.202s] INFO:colcon.colcon_core.shell:Creating prefix script '/home/luc/ros2_ws/install/local_setup.ps1'
[15.211s] INFO:colcon.colcon_core.shell:Creating prefix util module '/home/luc/ros2_ws/install/_local_setup_util_ps1.py'
[15.224s] INFO:colcon.colcon_core.shell:Creating prefix chain script '/home/luc/ros2_ws/install/setup.ps1'
[15.236s] INFO:colcon.colcon_core.shell:Creating prefix script '/home/luc/ros2_ws/install/local_setup.sh'
[15.243s] INFO:colcon.colcon_core.shell:Creating prefix util module '/home/luc/ros2_ws/install/_local_setup_util_sh.py'
[15.248s] INFO:colcon.colcon_core.shell:Creating prefix chain script '/home/luc/ros2_ws/install/setup.sh'
[15.259s] INFO:colcon.colcon_core.shell:Creating prefix script '/home/luc/ros2_ws/install/local_setup.bash'
[15.269s] INFO:colcon.colcon_core.shell:Creating prefix chain script '/home/luc/ros2_ws/install/setup.bash'
[15.280s] INFO:colcon.colcon_core.shell:Creating prefix script '/home/luc/ros2_ws/install/local_setup.zsh'
[15.329s] INFO:colcon.colcon_core.shell:Creating prefix chain script '/home/luc/ros2_ws/install/setup.zsh'
