[0.517s] DEBUG:colcon:Command line arguments: ['/usr/bin/colcon', 'build', '--symlink-install']
[0.517s] DEBUG:colcon:Parsed command line arguments: Namespace(log_base=None, log_level=None, verb_name='build', build_base='build', install_base='install', merge_install=False, symlink_install=True, test_result_base=None, continue_on_error=False, executor='parallel', parallel_workers=4, event_handlers=None, ignore_user_meta=False, metas=['./colcon.meta'], base_paths=['.'], packages_ignore=None, packages_ignore_regex=None, paths=None, packages_up_to=None, packages_up_to_regex=None, packages_above=None, packages_above_and_dependencies=None, packages_above_depth=None, packages_select_by_dep=None, packages_skip_by_dep=None, packages_skip_up_to=None, packages_select_build_failed=False, packages_skip_build_finished=False, packages_select_test_failures=False, packages_skip_test_passed=False, packages_select=None, packages_skip=None, packages_select_regex=None, packages_skip_regex=None, packages_start=None, packages_end=None, allow_overriding=[], cmake_args=None, cmake_target=None, cmake_target_skip_unavailable=False, cmake_clean_cache=False, cmake_clean_first=False, cmake_force_configure=False, ament_cmake_args=None, catkin_cmake_args=None, catkin_skip_building_tests=False, verb_parser=<colcon_defaults.argument_parser.defaults.DefaultArgumentsDecorator object at 0xffffaf8bbfd0>, verb_extension=<colcon_core.verb.build.BuildVerb object at 0xffffaf8bbb80>, main=<bound method BuildVerb.main of <colcon_core.verb.build.BuildVerb object at 0xffffaf8bbb80>>)
[1.419s] Level 1:colcon.colcon_core.package_discovery:discover_packages(colcon_meta) check parameters
[1.419s] Level 1:colcon.colcon_core.package_discovery:discover_packages(recursive) check parameters
[1.420s] Level 1:colcon.colcon_core.package_discovery:discover_packages(ignore) check parameters
[1.420s] Level 1:colcon.colcon_core.package_discovery:discover_packages(path) check parameters
[1.420s] Level 1:colcon.colcon_core.package_discovery:discover_packages(colcon_meta) discover
[1.420s] Level 1:colcon.colcon_core.package_discovery:discover_packages(recursive) discover
[1.420s] INFO:colcon.colcon_core.package_discovery:Crawling recursively for packages in '/home/luc/ros2_ws'
[1.421s] Level 1:colcon.colcon_core.package_identification:_identify(.) by extensions ['ignore', 'ignore_ament_install']
[1.421s] Level 1:colcon.colcon_core.package_identification:_identify(.) by extension 'ignore'
[1.422s] Level 1:colcon.colcon_core.package_identification:_identify(.) by extension 'ignore_ament_install'
[1.422s] Level 1:colcon.colcon_core.package_identification:_identify(.) by extensions ['colcon_pkg']
[1.422s] Level 1:colcon.colcon_core.package_identification:_identify(.) by extension 'colcon_pkg'
[1.422s] Level 1:colcon.colcon_core.package_identification:_identify(.) by extensions ['colcon_meta']
[1.423s] Level 1:colcon.colcon_core.package_identification:_identify(.) by extension 'colcon_meta'
[1.423s] Level 1:colcon.colcon_core.package_identification:_identify(.) by extensions ['ros']
[1.423s] Level 1:colcon.colcon_core.package_identification:_identify(.) by extension 'ros'
[1.479s] Level 1:colcon.colcon_core.package_identification:_identify(.) by extensions ['cmake', 'python']
[1.480s] Level 1:colcon.colcon_core.package_identification:_identify(.) by extension 'cmake'
[1.480s] Level 1:colcon.colcon_core.package_identification:_identify(.) by extension 'python'
[1.480s] Level 1:colcon.colcon_core.package_identification:_identify(.) by extensions ['python_setup_py']
[1.480s] Level 1:colcon.colcon_core.package_identification:_identify(.) by extension 'python_setup_py'
[1.481s] Level 1:colcon.colcon_core.package_identification:_identify(build) by extensions ['ignore', 'ignore_ament_install']
[1.481s] Level 1:colcon.colcon_core.package_identification:_identify(build) by extension 'ignore'
[1.482s] Level 1:colcon.colcon_core.package_identification:_identify(build) ignored
[1.482s] Level 1:colcon.colcon_core.package_identification:_identify(install) by extensions ['ignore', 'ignore_ament_install']
[1.483s] Level 1:colcon.colcon_core.package_identification:_identify(install) by extension 'ignore'
[1.483s] Level 1:colcon.colcon_core.package_identification:_identify(install) ignored
[1.484s] Level 1:colcon.colcon_core.package_identification:_identify(log) by extensions ['ignore', 'ignore_ament_install']
[1.484s] Level 1:colcon.colcon_core.package_identification:_identify(log) by extension 'ignore'
[1.484s] Level 1:colcon.colcon_core.package_identification:_identify(log) ignored
[1.485s] Level 1:colcon.colcon_core.package_identification:_identify(src) by extensions ['ignore', 'ignore_ament_install']
[1.485s] Level 1:colcon.colcon_core.package_identification:_identify(src) by extension 'ignore'
[1.485s] Level 1:colcon.colcon_core.package_identification:_identify(src) by extension 'ignore_ament_install'
[1.486s] Level 1:colcon.colcon_core.package_identification:_identify(src) by extensions ['colcon_pkg']
[1.486s] Level 1:colcon.colcon_core.package_identification:_identify(src) by extension 'colcon_pkg'
[1.486s] Level 1:colcon.colcon_core.package_identification:_identify(src) by extensions ['colcon_meta']
[1.486s] Level 1:colcon.colcon_core.package_identification:_identify(src) by extension 'colcon_meta'
[1.486s] Level 1:colcon.colcon_core.package_identification:_identify(src) by extensions ['ros']
[1.486s] Level 1:colcon.colcon_core.package_identification:_identify(src) by extension 'ros'
[1.487s] Level 1:colcon.colcon_core.package_identification:_identify(src) by extensions ['cmake', 'python']
[1.487s] Level 1:colcon.colcon_core.package_identification:_identify(src) by extension 'cmake'
[1.487s] Level 1:colcon.colcon_core.package_identification:_identify(src) by extension 'python'
[1.487s] Level 1:colcon.colcon_core.package_identification:_identify(src) by extensions ['python_setup_py']
[1.487s] Level 1:colcon.colcon_core.package_identification:_identify(src) by extension 'python_setup_py'
[1.488s] Level 1:colcon.colcon_core.package_identification:_identify(src/my_robot_controller) by extensions ['ignore', 'ignore_ament_install']
[1.488s] Level 1:colcon.colcon_core.package_identification:_identify(src/my_robot_controller) by extension 'ignore'
[1.489s] Level 1:colcon.colcon_core.package_identification:_identify(src/my_robot_controller) by extension 'ignore_ament_install'
[1.489s] Level 1:colcon.colcon_core.package_identification:_identify(src/my_robot_controller) by extensions ['colcon_pkg']
[1.489s] Level 1:colcon.colcon_core.package_identification:_identify(src/my_robot_controller) by extension 'colcon_pkg'
[1.489s] Level 1:colcon.colcon_core.package_identification:_identify(src/my_robot_controller) by extensions ['colcon_meta']
[1.489s] Level 1:colcon.colcon_core.package_identification:_identify(src/my_robot_controller) by extension 'colcon_meta'
[1.490s] Level 1:colcon.colcon_core.package_identification:_identify(src/my_robot_controller) by extensions ['ros']
[1.490s] Level 1:colcon.colcon_core.package_identification:_identify(src/my_robot_controller) by extension 'ros'
[1.501s] DEBUG:colcon.colcon_core.package_identification:Package 'src/my_robot_controller' with type 'ros.ament_python' and name 'my_robot_controller'
[1.502s] Level 1:colcon.colcon_core.package_discovery:discover_packages(recursive) using defaults
[1.502s] Level 1:colcon.colcon_core.package_discovery:discover_packages(ignore) discover
[1.502s] Level 1:colcon.colcon_core.package_discovery:discover_packages(ignore) using defaults
[1.502s] Level 1:colcon.colcon_core.package_discovery:discover_packages(path) discover
[1.503s] Level 1:colcon.colcon_core.package_discovery:discover_packages(path) using defaults
[1.592s] Level 1:colcon.colcon_core.package_discovery:discover_packages(prefix_path) check parameters
[1.592s] Level 1:colcon.colcon_core.package_discovery:discover_packages(prefix_path) discover
[1.601s] DEBUG:colcon.colcon_installed_package_information.package_discovery:Found 1 installed packages in /home/luc/ros2_ws/install
[1.612s] DEBUG:colcon.colcon_installed_package_information.package_discovery:Found 270 installed packages in /opt/ros/humble
[1.619s] Level 1:colcon.colcon_core.package_discovery:discover_packages(prefix_path) using defaults
[1.860s] Level 5:colcon.colcon_core.verb:set package 'my_robot_controller' build argument 'cmake_args' from command line to 'None'
[1.860s] Level 5:colcon.colcon_core.verb:set package 'my_robot_controller' build argument 'cmake_target' from command line to 'None'
[1.861s] Level 5:colcon.colcon_core.verb:set package 'my_robot_controller' build argument 'cmake_target_skip_unavailable' from command line to 'False'
[1.861s] Level 5:colcon.colcon_core.verb:set package 'my_robot_controller' build argument 'cmake_clean_cache' from command line to 'False'
[1.861s] Level 5:colcon.colcon_core.verb:set package 'my_robot_controller' build argument 'cmake_clean_first' from command line to 'False'
[1.861s] Level 5:colcon.colcon_core.verb:set package 'my_robot_controller' build argument 'cmake_force_configure' from command line to 'False'
[1.861s] Level 5:colcon.colcon_core.verb:set package 'my_robot_controller' build argument 'ament_cmake_args' from command line to 'None'
[1.861s] Level 5:colcon.colcon_core.verb:set package 'my_robot_controller' build argument 'catkin_cmake_args' from command line to 'None'
[1.861s] Level 5:colcon.colcon_core.verb:set package 'my_robot_controller' build argument 'catkin_skip_building_tests' from command line to 'False'
[1.862s] DEBUG:colcon.colcon_core.verb:Building package 'my_robot_controller' with the following arguments: {'ament_cmake_args': None, 'build_base': '/home/luc/ros2_ws/build/my_robot_controller', 'catkin_cmake_args': None, 'catkin_skip_building_tests': False, 'cmake_args': None, 'cmake_clean_cache': False, 'cmake_clean_first': False, 'cmake_force_configure': False, 'cmake_target': None, 'cmake_target_skip_unavailable': False, 'install_base': '/home/luc/ros2_ws/install/my_robot_controller', 'merge_install': False, 'path': '/home/luc/ros2_ws/src/my_robot_controller', 'symlink_install': True, 'test_result_base': None}
[1.862s] INFO:colcon.colcon_core.executor:Executing jobs using 'parallel' executor
[1.866s] DEBUG:colcon.colcon_parallel_executor.executor.parallel:run_until_complete
[1.867s] INFO:colcon.colcon_ros.task.ament_python.build:Building ROS package in '/home/luc/ros2_ws/src/my_robot_controller' with build type 'ament_python'
[1.868s] Level 1:colcon.colcon_core.shell:create_environment_hook('my_robot_controller', 'ament_prefix_path')
[1.878s] INFO:colcon.colcon_core.plugin_system:Skipping extension 'colcon_core.shell.bat': Not used on non-Windows systems
[1.879s] INFO:colcon.colcon_core.shell:Creating environment hook '/home/luc/ros2_ws/install/my_robot_controller/share/my_robot_controller/hook/ament_prefix_path.ps1'
[1.883s] INFO:colcon.colcon_core.shell:Creating environment descriptor '/home/luc/ros2_ws/install/my_robot_controller/share/my_robot_controller/hook/ament_prefix_path.dsv'
[1.889s] INFO:colcon.colcon_core.shell:Creating environment hook '/home/luc/ros2_ws/install/my_robot_controller/share/my_robot_controller/hook/ament_prefix_path.sh'
[1.897s] INFO:colcon.colcon_core.shell:Skip shell extension 'powershell' for command environment: Not usable outside of PowerShell
[1.897s] DEBUG:colcon.colcon_core.shell:Skip shell extension 'dsv' for command environment
[3.284s] INFO:colcon.colcon_core.task.python.build:Building Python package in '/home/luc/ros2_ws/src/my_robot_controller'
[3.285s] INFO:colcon.colcon_core.shell:Skip shell extension 'powershell' for command environment: Not usable outside of PowerShell
[3.286s] DEBUG:colcon.colcon_core.shell:Skip shell extension 'dsv' for command environment
[4.989s] DEBUG:colcon.colcon_core.task.python.build:While undoing a previous installation files outside the Python library path are being ignored: /home/luc/ros2_ws/install/my_robot_controller/share/ament_index/resource_index/packages/my_robot_controller
[4.989s] DEBUG:colcon.colcon_core.task.python.build:While undoing a previous installation files outside the Python library path are being ignored: /home/luc/ros2_ws/install/my_robot_controller/share/my_robot_controller/package.xml
[4.991s] DEBUG:colcon.colcon_core.task.python.build:While undoing a previous installation files outside the Python library path are being ignored: /home/luc/ros2_ws/install/my_robot_controller/lib/my_robot_controller/controlador
[4.992s] DEBUG:colcon.colcon_core.task.python.build:While undoing a previous installation files outside the Python library path are being ignored: /home/luc/ros2_ws/install/my_robot_controller/lib/my_robot_controller/draw_circle
[4.992s] DEBUG:colcon.colcon_core.task.python.build:While undoing a previous installation files outside the Python library path are being ignored: /home/luc/ros2_ws/install/my_robot_controller/lib/my_robot_controller/subscriptor
[4.992s] DEBUG:colcon.colcon_core.task.python.build:While undoing a previous installation files outside the Python library path are being ignored: /home/luc/ros2_ws/install/my_robot_controller/lib/my_robot_controller/test_node
[4.992s] DEBUG:colcon.colcon_core.task.python.build:While undoing a previous installation files outside the Python library path are being ignored: /home/luc/ros2_ws/install/my_robot_controller/lib/my_robot_controller/test_nodo
[5.010s] DEBUG:colcon.colcon_core.event_handler.log_command:Invoking command in '/home/luc/ros2_ws/build/my_robot_controller': PYTHONPATH=/home/luc/ros2_ws/build/my_robot_controller/prefix_override:/usr/lib/python3/dist-packages/colcon_core/task/python/colcon_distutils_commands:/home/luc/ros2_ws/install/my_robot_controller/lib/python3.10/site-packages:${PYTHONPATH} /usr/bin/python3 -W ignore:setup.py install is deprecated setup.py develop --editable --build-directory /home/luc/ros2_ws/build/my_robot_controller/build --no-deps symlink_data --force
[7.467s] Level 1:colcon.colcon_core.shell:create_environment_hook('my_robot_controller', 'pythonpath_develop')
[7.469s] INFO:colcon.colcon_core.shell:Creating environment hook '/home/luc/ros2_ws/build/my_robot_controller/share/my_robot_controller/hook/pythonpath_develop.ps1'
[7.470s] DEBUG:colcon.colcon_core.event_handler.log_command:Invoked command in '/home/luc/ros2_ws/build/my_robot_controller' returned '0': PYTHONPATH=/home/luc/ros2_ws/build/my_robot_controller/prefix_override:/usr/lib/python3/dist-packages/colcon_core/task/python/colcon_distutils_commands:/home/luc/ros2_ws/install/my_robot_controller/lib/python3.10/site-packages:${PYTHONPATH} /usr/bin/python3 -W ignore:setup.py install is deprecated setup.py develop --editable --build-directory /home/luc/ros2_ws/build/my_robot_controller/build --no-deps symlink_data --force
[7.473s] INFO:colcon.colcon_core.shell:Creating environment descriptor '/home/luc/ros2_ws/build/my_robot_controller/share/my_robot_controller/hook/pythonpath_develop.dsv'
[7.475s] INFO:colcon.colcon_core.shell:Creating environment hook '/home/luc/ros2_ws/build/my_robot_controller/share/my_robot_controller/hook/pythonpath_develop.sh'
[7.490s] Level 1:colcon.colcon_core.environment:checking '/home/luc/ros2_ws/install/my_robot_controller' for CMake module files
[7.493s] Level 1:colcon.colcon_core.environment:checking '/home/luc/ros2_ws/install/my_robot_controller' for CMake config files
[7.497s] Level 1:colcon.colcon_core.environment:checking '/home/luc/ros2_ws/install/my_robot_controller/lib'
[7.498s] Level 1:colcon.colcon_core.environment:checking '/home/luc/ros2_ws/install/my_robot_controller/bin'
[7.498s] Level 1:colcon.colcon_core.environment:checking '/home/luc/ros2_ws/install/my_robot_controller/lib/pkgconfig/my_robot_controller.pc'
[7.499s] Level 1:colcon.colcon_core.environment:checking '/home/luc/ros2_ws/install/my_robot_controller/lib/python3.10/site-packages'
[7.500s] Level 1:colcon.colcon_core.shell:create_environment_hook('my_robot_controller', 'pythonpath')
[7.501s] INFO:colcon.colcon_core.shell:Creating environment hook '/home/luc/ros2_ws/install/my_robot_controller/share/my_robot_controller/hook/pythonpath.ps1'
[7.503s] INFO:colcon.colcon_core.shell:Creating environment descriptor '/home/luc/ros2_ws/install/my_robot_controller/share/my_robot_controller/hook/pythonpath.dsv'
[7.507s] INFO:colcon.colcon_core.shell:Creating environment hook '/home/luc/ros2_ws/install/my_robot_controller/share/my_robot_controller/hook/pythonpath.sh'
[7.510s] Level 1:colcon.colcon_core.environment:checking '/home/luc/ros2_ws/install/my_robot_controller/bin'
[7.511s] Level 1:colcon.colcon_core.environment:create_environment_scripts_only(my_robot_controller)
[7.512s] INFO:colcon.colcon_core.shell:Creating package script '/home/luc/ros2_ws/install/my_robot_controller/share/my_robot_controller/package.ps1'
[7.518s] INFO:colcon.colcon_core.shell:Creating package descriptor '/home/luc/ros2_ws/install/my_robot_controller/share/my_robot_controller/package.dsv'
[7.522s] INFO:colcon.colcon_core.shell:Creating package script '/home/luc/ros2_ws/install/my_robot_controller/share/my_robot_controller/package.sh'
[7.527s] INFO:colcon.colcon_core.shell:Creating package script '/home/luc/ros2_ws/install/my_robot_controller/share/my_robot_controller/package.bash'
[7.532s] INFO:colcon.colcon_core.shell:Creating package script '/home/luc/ros2_ws/install/my_robot_controller/share/my_robot_controller/package.zsh'
[7.537s] Level 1:colcon.colcon_core.environment:create_file_with_runtime_dependencies(/home/luc/ros2_ws/install/my_robot_controller/share/colcon-core/packages/my_robot_controller)
[7.540s] DEBUG:colcon.colcon_parallel_executor.executor.parallel:closing loop
[7.542s] DEBUG:colcon.colcon_parallel_executor.executor.parallel:loop closed
[7.542s] DEBUG:colcon.colcon_parallel_executor.executor.parallel:run_until_complete finished with '0'
[7.543s] DEBUG:colcon.colcon_core.event_reactor:joining thread
[7.569s] INFO:colcon.colcon_core.plugin_system:Skipping extension 'colcon_notification.desktop_notification.terminal_notifier': Not used on non-Darwin systems
[7.570s] INFO:colcon.colcon_core.plugin_system:Skipping extension 'colcon_notification.desktop_notification.win32': Not used on non-Windows systems
[7.570s] INFO:colcon.colcon_notification.desktop_notification:Sending desktop notification using 'notify2'
[7.636s] DEBUG:colcon.colcon_core.event_reactor:joined thread
[7.637s] INFO:colcon.colcon_core.shell:Creating prefix script '/home/luc/ros2_ws/install/local_setup.ps1'
[7.643s] INFO:colcon.colcon_core.shell:Creating prefix util module '/home/luc/ros2_ws/install/_local_setup_util_ps1.py'
[7.652s] INFO:colcon.colcon_core.shell:Creating prefix chain script '/home/luc/ros2_ws/install/setup.ps1'
[7.660s] INFO:colcon.colcon_core.shell:Creating prefix script '/home/luc/ros2_ws/install/local_setup.sh'
[7.665s] INFO:colcon.colcon_core.shell:Creating prefix util module '/home/luc/ros2_ws/install/_local_setup_util_sh.py'
[7.669s] INFO:colcon.colcon_core.shell:Creating prefix chain script '/home/luc/ros2_ws/install/setup.sh'
[7.675s] INFO:colcon.colcon_core.shell:Creating prefix script '/home/luc/ros2_ws/install/local_setup.bash'
[7.678s] INFO:colcon.colcon_core.shell:Creating prefix chain script '/home/luc/ros2_ws/install/setup.bash'
[7.686s] INFO:colcon.colcon_core.shell:Creating prefix script '/home/luc/ros2_ws/install/local_setup.zsh'
[7.689s] INFO:colcon.colcon_core.shell:Creating prefix chain script '/home/luc/ros2_ws/install/setup.zsh'
