[3.430s] Invoking command in '/home/luc/ros2_ws/src/my_robot_controller': PYTHONPATH=/home/luc/ros2_ws/build/my_robot_controller/prefix_override:/usr/lib/python3/dist-packages/colcon_core/task/python/colcon_distutils_commands:/home/luc/ros2_ws/install/my_robot_controller/lib/python3.10/site-packages:${PYTHONPATH} /usr/bin/python3 -W ignore:setup.py install is deprecated setup.py egg_info --egg-base ../../build/my_robot_controller build --build-base /home/luc/ros2_ws/build/my_robot_controller/build install --record /home/luc/ros2_ws/build/my_robot_controller/install.log --single-version-externally-managed install_data
[4.721s] running egg_info
[4.725s] writing ../../build/my_robot_controller/my_robot_controller.egg-info/PKG-INFO
[4.726s] writing dependency_links to ../../build/my_robot_controller/my_robot_controller.egg-info/dependency_links.txt
[4.728s] writing entry points to ../../build/my_robot_controller/my_robot_controller.egg-info/entry_points.txt
[4.729s] writing requirements to ../../build/my_robot_controller/my_robot_controller.egg-info/requires.txt
[4.730s] writing top-level names to ../../build/my_robot_controller/my_robot_controller.egg-info/top_level.txt
[4.740s] reading manifest file '../../build/my_robot_controller/my_robot_controller.egg-info/SOURCES.txt'
[4.747s] writing manifest file '../../build/my_robot_controller/my_robot_controller.egg-info/SOURCES.txt'
[4.748s] running build
[4.748s] running build_py
[4.750s] copying my_robot_controller/controlador.py -> /home/luc/ros2_ws/build/my_robot_controller/build/lib/my_robot_controller
[4.753s] running install
[4.754s] running install_lib
[4.759s] copying /home/luc/ros2_ws/build/my_robot_controller/build/lib/my_robot_controller/controlador.py -> /home/luc/ros2_ws/install/my_robot_controller/lib/python3.10/site-packages/my_robot_controller
[4.764s] byte-compiling /home/luc/ros2_ws/install/my_robot_controller/lib/python3.10/site-packages/my_robot_controller/controlador.py to controlador.cpython-310.pyc
[4.768s] running install_data
[4.771s] running install_egg_info
[4.782s] removing '/home/luc/ros2_ws/install/my_robot_controller/lib/python3.10/site-packages/my_robot_controller-0.0.0-py3.10.egg-info' (and everything under it)
[4.784s] Copying ../../build/my_robot_controller/my_robot_controller.egg-info to /home/luc/ros2_ws/install/my_robot_controller/lib/python3.10/site-packages/my_robot_controller-0.0.0-py3.10.egg-info
[4.795s] running install_scripts
[4.894s] Installing controlador script to /home/luc/ros2_ws/install/my_robot_controller/lib/my_robot_controller
[4.895s] Installing draw_circle script to /home/luc/ros2_ws/install/my_robot_controller/lib/my_robot_controller
[4.896s] Installing subscriptor script to /home/luc/ros2_ws/install/my_robot_controller/lib/my_robot_controller
[4.897s] Installing test_node script to /home/luc/ros2_ws/install/my_robot_controller/lib/my_robot_controller
[4.898s] Installing test_nodo script to /home/luc/ros2_ws/install/my_robot_controller/lib/my_robot_controller
[4.900s] writing list of installed files to '/home/luc/ros2_ws/build/my_robot_controller/install.log'
[5.032s] Invoked command in '/home/luc/ros2_ws/src/my_robot_controller' returned '0': PYTHONPATH=/home/luc/ros2_ws/build/my_robot_controller/prefix_override:/usr/lib/python3/dist-packages/colcon_core/task/python/colcon_distutils_commands:/home/luc/ros2_ws/install/my_robot_controller/lib/python3.10/site-packages:${PYTHONPATH} /usr/bin/python3 -W ignore:setup.py install is deprecated setup.py egg_info --egg-base ../../build/my_robot_controller build --build-base /home/luc/ros2_ws/build/my_robot_controller/build install --record /home/luc/ros2_ws/build/my_robot_controller/install.log --single-version-externally-managed install_data
