[11.048s] Invoking command in '/home/luc/ros2_ws/build/gh_ros': PYTHONPATH=/home/luc/ros2_ws/build/gh_ros/prefix_override:/usr/lib/python3/dist-packages/colcon_core/task/python/colcon_distutils_commands:/home/luc/ros2_ws/install/gh_ros/lib/python3.10/site-packages:${PYTHONPATH} /usr/bin/python3 -W ignore:setup.py install is deprecated setup.py develop --editable --build-directory /home/luc/ros2_ws/build/gh_ros/build --no-deps symlink_data
[14.488s] running develop
[14.500s] /usr/lib/python3/dist-packages/setuptools/command/easy_install.py:158: EasyInstallDeprecationWarning: easy_install command is deprecated. Use build and pip and other standards-based tools.
[14.508s]   warnings.warn(
[17.212s] running egg_info
[17.213s] writing gh_ros.egg-info/PKG-INFO
[17.214s] writing dependency_links to gh_ros.egg-info/dependency_links.txt
[17.228s] writing entry points to gh_ros.egg-info/entry_points.txt
[17.229s] writing requirements to gh_ros.egg-info/requires.txt
[17.229s] writing top-level names to gh_ros.egg-info/top_level.txt
[17.260s] reading manifest file 'gh_ros.egg-info/SOURCES.txt'
[17.280s] writing manifest file 'gh_ros.egg-info/SOURCES.txt'
[17.298s] running build_ext
[17.298s] Creating /home/luc/ros2_ws/install/gh_ros/lib/python3.10/site-packages/gh-ros.egg-link (link to .)
[17.317s] Installing gh_subscriber script to /home/luc/ros2_ws/install/gh_ros/lib/gh_ros
[17.318s] Installing ros_to_gh script to /home/luc/ros2_ws/install/gh_ros/lib/gh_ros
[17.320s] 
[17.320s] Installed /home/luc/ros2_ws/build/gh_ros
[17.322s] running symlink_data
[17.613s] Invoked command in '/home/luc/ros2_ws/build/gh_ros' returned '0': PYTHONPATH=/home/luc/ros2_ws/build/gh_ros/prefix_override:/usr/lib/python3/dist-packages/colcon_core/task/python/colcon_distutils_commands:/home/luc/ros2_ws/install/gh_ros/lib/python3.10/site-packages:${PYTHONPATH} /usr/bin/python3 -W ignore:setup.py install is deprecated setup.py develop --editable --build-directory /home/luc/ros2_ws/build/gh_ros/build --no-deps symlink_data
