[9.649s] Invoking command in '/home/luc/ros2_ws/build/my_robot_controller': PYTHONPATH=/home/luc/ros2_ws/build/my_robot_controller/prefix_override:/usr/lib/python3/dist-packages/colcon_core/task/python/colcon_distutils_commands:/home/luc/ros2_ws/install/my_robot_controller/lib/python3.10/site-packages:${PYTHONPATH} /usr/bin/python3 -W ignore:setup.py install is deprecated setup.py develop --editable --build-directory /home/luc/ros2_ws/build/my_robot_controller/build --no-deps symlink_data
[12.063s] running develop
[12.075s] /usr/lib/python3/dist-packages/setuptools/command/easy_install.py:158: EasyInstallDeprecationWarning: easy_install command is deprecated. Use build and pip and other standards-based tools.
[12.076s]   warnings.warn(
[16.330s] running egg_info
[16.332s] writing my_robot_controller.egg-info/PKG-INFO
[16.358s] writing dependency_links to my_robot_controller.egg-info/dependency_links.txt
[16.359s] writing entry points to my_robot_controller.egg-info/entry_points.txt
[16.360s] writing requirements to my_robot_controller.egg-info/requires.txt
[16.362s] writing top-level names to my_robot_controller.egg-info/top_level.txt
[16.388s] reading manifest file 'my_robot_controller.egg-info/SOURCES.txt'
[16.396s] writing manifest file 'my_robot_controller.egg-info/SOURCES.txt'
[16.434s] running build_ext
[16.441s] Creating /home/luc/ros2_ws/install/my_robot_controller/lib/python3.10/site-packages/my-robot-controller.egg-link (link to .)
[16.446s] Installing controlador script to /home/luc/ros2_ws/install/my_robot_controller/lib/my_robot_controller
[16.455s] Installing draw_circle script to /home/luc/ros2_ws/install/my_robot_controller/lib/my_robot_controller
[16.463s] Installing subscriptor script to /home/luc/ros2_ws/install/my_robot_controller/lib/my_robot_controller
[16.464s] Installing test_node script to /home/luc/ros2_ws/install/my_robot_controller/lib/my_robot_controller
[16.465s] Installing test_nodo script to /home/luc/ros2_ws/install/my_robot_controller/lib/my_robot_controller
[16.471s] 
[16.473s] Installed /home/luc/ros2_ws/build/my_robot_controller
[16.491s] running symlink_data
[16.906s] Invoked command in '/home/luc/ros2_ws/build/my_robot_controller' returned '0': PYTHONPATH=/home/luc/ros2_ws/build/my_robot_controller/prefix_override:/usr/lib/python3/dist-packages/colcon_core/task/python/colcon_distutils_commands:/home/luc/ros2_ws/install/my_robot_controller/lib/python3.10/site-packages:${PYTHONPATH} /usr/bin/python3 -W ignore:setup.py install is deprecated setup.py develop --editable --build-directory /home/luc/ros2_ws/build/my_robot_controller/build --no-deps symlink_data
