[10.858s] Invoking command in '/home/luc/ros2_ws/build/gcode_serial': PYTHONPATH=/home/luc/ros2_ws/build/gcode_serial/prefix_override:/usr/lib/python3/dist-packages/colcon_core/task/python/colcon_distutils_commands:/home/luc/ros2_ws/install/gcode_serial/lib/python3.10/site-packages:${PYTHONPATH} /usr/bin/python3 -W ignore:setup.py install is deprecated setup.py develop --editable --build-directory /home/luc/ros2_ws/build/gcode_serial/build --no-deps symlink_data
[15.757s] running develop
[15.761s] /usr/lib/python3/dist-packages/setuptools/command/easy_install.py:158: EasyInstallDeprecationWarning: easy_install command is deprecated. Use build and pip and other standards-based tools.
[15.762s]   warnings.warn(
[24.579s] running egg_info
[24.603s] writing gcode_serial.egg-info/PKG-INFO
[24.604s] writing dependency_links to gcode_serial.egg-info/dependency_links.txt
[24.605s] writing entry points to gcode_serial.egg-info/entry_points.txt
[24.606s] writing requirements to gcode_serial.egg-info/requires.txt
[24.607s] writing top-level names to gcode_serial.egg-info/top_level.txt
[24.630s] reading manifest file 'gcode_serial.egg-info/SOURCES.txt'
[24.677s] writing manifest file 'gcode_serial.egg-info/SOURCES.txt'
[24.710s] running build_ext
[24.711s] Creating /home/luc/ros2_ws/install/gcode_serial/lib/python3.10/site-packages/gcode-serial.egg-link (link to .)
[24.723s] Installing gcode_manager script to /home/luc/ros2_ws/install/gcode_serial/lib/gcode_serial
[24.744s] Installing gcode_sender script to /home/luc/ros2_ws/install/gcode_serial/lib/gcode_serial
[24.780s] 
[24.855s] Installed /home/luc/ros2_ws/build/gcode_serial
[24.857s] running symlink_data
[31.918s] Invoked command in '/home/luc/ros2_ws/build/gcode_serial' returned '0': PYTHONPATH=/home/luc/ros2_ws/build/gcode_serial/prefix_override:/usr/lib/python3/dist-packages/colcon_core/task/python/colcon_distutils_commands:/home/luc/ros2_ws/install/gcode_serial/lib/python3.10/site-packages:${PYTHONPATH} /usr/bin/python3 -W ignore:setup.py install is deprecated setup.py develop --editable --build-directory /home/luc/ros2_ws/build/gcode_serial/build --no-deps symlink_data
