[7.636s] Invoking command in '/home/luc/ros2_ws/build/gh_tcp': PYTHONPATH=/home/luc/ros2_ws/build/gh_tcp/prefix_override:/usr/lib/python3/dist-packages/colcon_core/task/python/colcon_distutils_commands:/home/luc/ros2_ws/install/gh_tcp/lib/python3.10/site-packages:${PYTHONPATH} /usr/bin/python3 -W ignore:setup.py install is deprecated setup.py develop --editable --build-directory /home/luc/ros2_ws/build/gh_tcp/build --no-deps symlink_data --force
[9.757s] running develop
[9.761s] /usr/lib/python3/dist-packages/setuptools/command/easy_install.py:158: EasyInstallDeprecationWarning: easy_install command is deprecated. Use build and pip and other standards-based tools.
[9.765s]   warnings.warn(
[11.634s] running egg_info
[11.648s] writing gh_tcp.egg-info/PKG-INFO
[11.649s] writing dependency_links to gh_tcp.egg-info/dependency_links.txt
[11.649s] writing entry points to gh_tcp.egg-info/entry_points.txt
[11.650s] writing requirements to gh_tcp.egg-info/requires.txt
[11.651s] writing top-level names to gh_tcp.egg-info/top_level.txt
[11.657s] reading manifest file 'gh_tcp.egg-info/SOURCES.txt'
[11.669s] writing manifest file 'gh_tcp.egg-info/SOURCES.txt'
[11.684s] running build_ext
[11.693s] Creating /home/luc/ros2_ws/install/gh_tcp/lib/python3.10/site-packages/gh-tcp.egg-link (link to .)
[11.700s] Installing gh_tcp_node script to /home/luc/ros2_ws/install/gh_tcp/lib/gh_tcp
[11.702s] 
[11.703s] Installed /home/luc/ros2_ws/build/gh_tcp
[11.726s] running symlink_data
[11.728s] symbolically linking /home/luc/ros2_ws/build/gh_tcp/resource/gh_tcp -> /home/luc/ros2_ws/install/gh_tcp/share/ament_index/resource_index/packages
[11.730s] symbolically linking /home/luc/ros2_ws/build/gh_tcp/package.xml -> /home/luc/ros2_ws/install/gh_tcp/share/gh_tcp
[11.902s] Invoked command in '/home/luc/ros2_ws/build/gh_tcp' returned '0': PYTHONPATH=/home/luc/ros2_ws/build/gh_tcp/prefix_override:/usr/lib/python3/dist-packages/colcon_core/task/python/colcon_distutils_commands:/home/luc/ros2_ws/install/gh_tcp/lib/python3.10/site-packages:${PYTHONPATH} /usr/bin/python3 -W ignore:setup.py install is deprecated setup.py develop --editable --build-directory /home/luc/ros2_ws/build/gh_tcp/build --no-deps symlink_data --force
