running develop
/usr/lib/python3/dist-packages/setuptools/command/easy_install.py:158: EasyInstallDeprecationWarning: easy_install command is deprecated. Use build and pip and other standards-based tools.
  warnings.warn(
Removing /home/luc/ros2_ws/install/gh_ros/lib/python3.10/site-packages/gh-ros.egg-link (link to .)
running egg_info
writing ../../build/gh_ros/gh_ros.egg-info/PKG-INFO
writing dependency_links to ../../build/gh_ros/gh_ros.egg-info/dependency_links.txt
writing entry points to ../../build/gh_ros/gh_ros.egg-info/entry_points.txt
writing requirements to ../../build/gh_ros/gh_ros.egg-info/requires.txt
writing top-level names to ../../build/gh_ros/gh_ros.egg-info/top_level.txt
reading manifest file '../../build/gh_ros/gh_ros.egg-info/SOURCES.txt'
writing manifest file '../../build/gh_ros/gh_ros.egg-info/SOURCES.txt'
running build
running build_py
creating /home/luc/ros2_ws/build/gh_ros/build
creating /home/luc/ros2_ws/build/gh_ros/build/lib
creating /home/luc/ros2_ws/build/gh_ros/build/lib/gh_ros
copying gh_ros/gh_subscriber.py -> /home/luc/ros2_ws/build/gh_ros/build/lib/gh_ros
copying gh_ros/__init__.py -> /home/luc/ros2_ws/build/gh_ros/build/lib/gh_ros
running install
running install_lib
creating /home/luc/ros2_ws/install/gh_ros/lib/python3.10/site-packages/gh_ros
copying /home/luc/ros2_ws/build/gh_ros/build/lib/gh_ros/gh_subscriber.py -> /home/luc/ros2_ws/install/gh_ros/lib/python3.10/site-packages/gh_ros
copying /home/luc/ros2_ws/build/gh_ros/build/lib/gh_ros/__init__.py -> /home/luc/ros2_ws/install/gh_ros/lib/python3.10/site-packages/gh_ros
byte-compiling /home/luc/ros2_ws/install/gh_ros/lib/python3.10/site-packages/gh_ros/gh_subscriber.py to gh_subscriber.cpython-310.pyc
byte-compiling /home/luc/ros2_ws/install/gh_ros/lib/python3.10/site-packages/gh_ros/__init__.py to __init__.cpython-310.pyc
running install_data
copying resource/gh_ros -> /home/luc/ros2_ws/install/gh_ros/share/ament_index/resource_index/packages
copying package.xml -> /home/luc/ros2_ws/install/gh_ros/share/gh_ros
running install_egg_info
Copying ../../build/gh_ros/gh_ros.egg-info to /home/luc/ros2_ws/install/gh_ros/lib/python3.10/site-packages/gh_ros-0.0.0-py3.10.egg-info
running install_scripts
Installing gh_subscriber script to /home/luc/ros2_ws/install/gh_ros/lib/gh_ros
writing list of installed files to '/home/luc/ros2_ws/build/gh_ros/install.log'
