[10.840s] Invoking command in '/home/luc/ros2_ws/build/gh_ros': PYTHONPATH=/home/luc/ros2_ws/build/gh_ros/prefix_override:/usr/lib/python3/dist-packages/colcon_core/task/python/colcon_distutils_commands:/home/luc/ros2_ws/install/gh_ros/lib/python3.10/site-packages:${PYTHONPATH} /usr/bin/python3 -W ignore:setup.py install is deprecated setup.py develop --editable --build-directory /home/luc/ros2_ws/build/gh_ros/build --no-deps symlink_data
[15.691s] running develop
[15.702s] /usr/lib/python3/dist-packages/setuptools/command/easy_install.py:158: EasyInstallDeprecationWarning: easy_install command is deprecated. Use build and pip and other standards-based tools.
[15.704s]   warnings.warn(
[24.244s] running egg_info
[24.251s] writing gh_ros.egg-info/PKG-INFO
[24.273s] writing dependency_links to gh_ros.egg-info/dependency_links.txt
[24.274s] writing entry points to gh_ros.egg-info/entry_points.txt
[24.286s] writing requirements to gh_ros.egg-info/requires.txt
[24.292s] writing top-level names to gh_ros.egg-info/top_level.txt
[24.374s] reading manifest file 'gh_ros.egg-info/SOURCES.txt'
[24.389s] writing manifest file 'gh_ros.egg-info/SOURCES.txt'
[24.425s] running build_ext
[24.428s] Creating /home/luc/ros2_ws/install/gh_ros/lib/python3.10/site-packages/gh-ros.egg-link (link to .)
[24.446s] Installing gh_subscriber script to /home/luc/ros2_ws/install/gh_ros/lib/gh_ros
[24.453s] Installing ros_to_gh script to /home/luc/ros2_ws/install/gh_ros/lib/gh_ros
[24.455s] 
[24.481s] Installed /home/luc/ros2_ws/build/gh_ros
[24.515s] running symlink_data
[31.673s] Invoked command in '/home/luc/ros2_ws/build/gh_ros' returned '0': PYTHONPATH=/home/luc/ros2_ws/build/gh_ros/prefix_override:/usr/lib/python3/dist-packages/colcon_core/task/python/colcon_distutils_commands:/home/luc/ros2_ws/install/gh_ros/lib/python3.10/site-packages:${PYTHONPATH} /usr/bin/python3 -W ignore:setup.py install is deprecated setup.py develop --editable --build-directory /home/luc/ros2_ws/build/gh_ros/build --no-deps symlink_data
