[7.673s] Invoking command in '/home/luc/ros2_ws/build/my_robot_controller': PYTHONPATH=/home/luc/ros2_ws/build/my_robot_controller/prefix_override:/usr/lib/python3/dist-packages/colcon_core/task/python/colcon_distutils_commands:/home/luc/ros2_ws/install/my_robot_controller/lib/python3.10/site-packages:${PYTHONPATH} /usr/bin/python3 -W ignore:setup.py install is deprecated setup.py develop --editable --build-directory /home/luc/ros2_ws/build/my_robot_controller/build --no-deps symlink_data
[9.572s] running develop
[9.574s] /usr/lib/python3/dist-packages/setuptools/command/easy_install.py:158: EasyInstallDeprecationWarning: easy_install command is deprecated. Use build and pip and other standards-based tools.
[9.575s]   warnings.warn(
[11.170s] running egg_info
[11.173s] writing my_robot_controller.egg-info/PKG-INFO
[11.177s] writing dependency_links to my_robot_controller.egg-info/dependency_links.txt
[11.181s] writing entry points to my_robot_controller.egg-info/entry_points.txt
[11.184s] writing requirements to my_robot_controller.egg-info/requires.txt
[11.188s] writing top-level names to my_robot_controller.egg-info/top_level.txt
[11.208s] reading manifest file 'my_robot_controller.egg-info/SOURCES.txt'
[11.209s] writing manifest file 'my_robot_controller.egg-info/SOURCES.txt'
[11.221s] running build_ext
[11.222s] Creating /home/luc/ros2_ws/install/my_robot_controller/lib/python3.10/site-packages/my-robot-controller.egg-link (link to .)
[11.227s] Installing controlador script to /home/luc/ros2_ws/install/my_robot_controller/lib/my_robot_controller
[11.229s] Installing draw_circle script to /home/luc/ros2_ws/install/my_robot_controller/lib/my_robot_controller
[11.230s] Installing subscriptor script to /home/luc/ros2_ws/install/my_robot_controller/lib/my_robot_controller
[11.231s] Installing test_node script to /home/luc/ros2_ws/install/my_robot_controller/lib/my_robot_controller
[11.233s] Installing test_nodo script to /home/luc/ros2_ws/install/my_robot_controller/lib/my_robot_controller
[11.235s] 
[11.236s] Installed /home/luc/ros2_ws/build/my_robot_controller
[11.237s] running symlink_data
[11.534s] Invoked command in '/home/luc/ros2_ws/build/my_robot_controller' returned '0': PYTHONPATH=/home/luc/ros2_ws/build/my_robot_controller/prefix_override:/usr/lib/python3/dist-packages/colcon_core/task/python/colcon_distutils_commands:/home/luc/ros2_ws/install/my_robot_controller/lib/python3.10/site-packages:${PYTHONPATH} /usr/bin/python3 -W ignore:setup.py install is deprecated setup.py develop --editable --build-directory /home/luc/ros2_ws/build/my_robot_controller/build --no-deps symlink_data
