running develop
/usr/lib/python3/dist-packages/setuptools/command/easy_install.py:158: EasyInstallDeprecationWarning: easy_install command is deprecated. Use build and pip and other standards-based tools.
  warnings.warn(
running egg_info
creating image_manager.egg-info
writing image_manager.egg-info/PKG-INFO
writing dependency_links to image_manager.egg-info/dependency_links.txt
writing entry points to image_manager.egg-info/entry_points.txt
writing requirements to image_manager.egg-info/requires.txt
writing top-level names to image_manager.egg-info/top_level.txt
writing manifest file 'image_manager.egg-info/SOURCES.txt'
reading manifest file 'image_manager.egg-info/SOURCES.txt'
writing manifest file 'image_manager.egg-info/SOURCES.txt'
running build_ext
Creating /home/luc/ros2_ws/install/image_manager/lib/python3.10/site-packages/image-manager.egg-link (link to .)
Installing image_manager script to /home/luc/ros2_ws/install/image_manager/lib/image_manager

Installed /home/luc/ros2_ws/build/image_manager
running symlink_data
creating /home/luc/ros2_ws/install/image_manager/share/ament_index
creating /home/luc/ros2_ws/install/image_manager/share/ament_index/resource_index
creating /home/luc/ros2_ws/install/image_manager/share/ament_index/resource_index/packages
symbolically linking /home/luc/ros2_ws/build/image_manager/resource/image_manager -> /home/luc/ros2_ws/install/image_manager/share/ament_index/resource_index/packages
symbolically linking /home/luc/ros2_ws/build/image_manager/package.xml -> /home/luc/ros2_ws/install/image_manager/share/image_manager
