[3.426s] Invoking command in '/home/luc/ros2_ws/build/my_robot_controller': PYTHONPATH=/home/luc/ros2_ws/build/my_robot_controller/prefix_override:/usr/lib/python3/dist-packages/colcon_core/task/python/colcon_distutils_commands:/home/luc/ros2_ws/install/my_robot_controller/lib/python3.10/site-packages:${PYTHONPATH} /usr/bin/python3 -W ignore:setup.py install is deprecated setup.py develop --editable --build-directory /home/luc/ros2_ws/build/my_robot_controller/build --no-deps symlink_data --force
[4.954s] running develop
[4.961s] /usr/lib/python3/dist-packages/setuptools/command/easy_install.py:158: EasyInstallDeprecationWarning: easy_install command is deprecated. Use build and pip and other standards-based tools.
[4.961s]   warnings.warn(
[5.856s] running egg_info
[5.856s] writing my_robot_controller.egg-info/PKG-INFO
[5.858s] writing dependency_links to my_robot_controller.egg-info/dependency_links.txt
[5.859s] writing entry points to my_robot_controller.egg-info/entry_points.txt
[5.859s] writing requirements to my_robot_controller.egg-info/requires.txt
[5.860s] writing top-level names to my_robot_controller.egg-info/top_level.txt
[5.869s] reading manifest file 'my_robot_controller.egg-info/SOURCES.txt'
[5.876s] writing manifest file 'my_robot_controller.egg-info/SOURCES.txt'
[5.885s] running build_ext
[5.886s] Creating /home/luc/ros2_ws/install/my_robot_controller/lib/python3.10/site-packages/my-robot-controller.egg-link (link to .)
[5.890s] Installing test_node script to /home/luc/ros2_ws/install/my_robot_controller/lib/my_robot_controller
[5.892s] 
[5.892s] Installed /home/luc/ros2_ws/build/my_robot_controller
[5.893s] running symlink_data
[5.893s] symbolically linking /home/luc/ros2_ws/build/my_robot_controller/resource/my_robot_controller -> /home/luc/ros2_ws/install/my_robot_controller/share/ament_index/resource_index/packages
[5.895s] symbolically linking /home/luc/ros2_ws/build/my_robot_controller/package.xml -> /home/luc/ros2_ws/install/my_robot_controller/share/my_robot_controller
[6.042s] Invoked command in '/home/luc/ros2_ws/build/my_robot_controller' returned '0': PYTHONPATH=/home/luc/ros2_ws/build/my_robot_controller/prefix_override:/usr/lib/python3/dist-packages/colcon_core/task/python/colcon_distutils_commands:/home/luc/ros2_ws/install/my_robot_controller/lib/python3.10/site-packages:${PYTHONPATH} /usr/bin/python3 -W ignore:setup.py install is deprecated setup.py develop --editable --build-directory /home/luc/ros2_ws/build/my_robot_controller/build --no-deps symlink_data --force
