[10.492s] Invoking command in '/home/luc/ros2_ws/build/gcode_serial': PYTHONPATH=/home/luc/ros2_ws/build/gcode_serial/prefix_override:/usr/lib/python3/dist-packages/colcon_core/task/python/colcon_distutils_commands:/home/luc/ros2_ws/install/gcode_serial/lib/python3.10/site-packages:${PYTHONPATH} /usr/bin/python3 -W ignore:setup.py install is deprecated setup.py develop --editable --build-directory /home/luc/ros2_ws/build/gcode_serial/build --no-deps symlink_data
[13.493s] running develop
[13.496s] /usr/lib/python3/dist-packages/setuptools/command/easy_install.py:158: EasyInstallDeprecationWarning: easy_install command is deprecated. Use build and pip and other standards-based tools.
[13.497s]   warnings.warn(
[21.956s] running egg_info
[21.958s] writing gcode_serial.egg-info/PKG-INFO
[21.979s] writing dependency_links to gcode_serial.egg-info/dependency_links.txt
[21.979s] writing entry points to gcode_serial.egg-info/entry_points.txt
[21.993s] writing requirements to gcode_serial.egg-info/requires.txt
[22.019s] writing top-level names to gcode_serial.egg-info/top_level.txt
[22.021s] reading manifest file 'gcode_serial.egg-info/SOURCES.txt'
[22.082s] writing manifest file 'gcode_serial.egg-info/SOURCES.txt'
[22.084s] running build_ext
[22.085s] Creating /home/luc/ros2_ws/install/gcode_serial/lib/python3.10/site-packages/gcode-serial.egg-link (link to .)
[22.169s] Installing gcode_manager script to /home/luc/ros2_ws/install/gcode_serial/lib/gcode_serial
[22.221s] Installing gcode_sender script to /home/luc/ros2_ws/install/gcode_serial/lib/gcode_serial
[22.272s] 
[22.287s] Installed /home/luc/ros2_ws/build/gcode_serial
[22.302s] running symlink_data
[23.639s] Invoked command in '/home/luc/ros2_ws/build/gcode_serial' returned '0': PYTHONPATH=/home/luc/ros2_ws/build/gcode_serial/prefix_override:/usr/lib/python3/dist-packages/colcon_core/task/python/colcon_distutils_commands:/home/luc/ros2_ws/install/gcode_serial/lib/python3.10/site-packages:${PYTHONPATH} /usr/bin/python3 -W ignore:setup.py install is deprecated setup.py develop --editable --build-directory /home/luc/ros2_ws/build/gcode_serial/build --no-deps symlink_data
