[7.989s] Invoking command in '/home/luc/ros2_ws/build/my_robot_controller': PYTHONPATH=/home/luc/ros2_ws/build/my_robot_controller/prefix_override:/usr/lib/python3/dist-packages/colcon_core/task/python/colcon_distutils_commands:/home/luc/ros2_ws/install/my_robot_controller/lib/python3.10/site-packages:${PYTHONPATH} /usr/bin/python3 -W ignore:setup.py install is deprecated setup.py develop --uninstall --editable --build-directory /home/luc/ros2_ws/build/my_robot_controller/build
[10.049s] running develop
[10.051s] /usr/lib/python3/dist-packages/setuptools/command/easy_install.py:158: EasyInstallDeprecationWarning: easy_install command is deprecated. Use build and pip and other standards-based tools.
[10.052s]   warnings.warn(
[13.432s] Removing /home/luc/ros2_ws/install/my_robot_controller/lib/python3.10/site-packages/my-robot-controller.egg-link (link to .)
[14.703s] Invoked command in '/home/luc/ros2_ws/build/my_robot_controller' returned '0': PYTHONPATH=/home/luc/ros2_ws/build/my_robot_controller/prefix_override:/usr/lib/python3/dist-packages/colcon_core/task/python/colcon_distutils_commands:/home/luc/ros2_ws/install/my_robot_controller/lib/python3.10/site-packages:${PYTHONPATH} /usr/bin/python3 -W ignore:setup.py install is deprecated setup.py develop --uninstall --editable --build-directory /home/luc/ros2_ws/build/my_robot_controller/build
[14.766s] Invoking command in '/home/luc/ros2_ws/src/my_robot_controller': PYTHONPATH=/home/luc/ros2_ws/build/my_robot_controller/prefix_override:/usr/lib/python3/dist-packages/colcon_core/task/python/colcon_distutils_commands:/home/luc/ros2_ws/install/my_robot_controller/lib/python3.10/site-packages:${PYTHONPATH} /usr/bin/python3 -W ignore:setup.py install is deprecated setup.py egg_info --egg-base ../../build/my_robot_controller build --build-base /home/luc/ros2_ws/build/my_robot_controller/build install --record /home/luc/ros2_ws/build/my_robot_controller/install.log --single-version-externally-managed install_data --force
[25.737s] running egg_info
[25.760s] writing ../../build/my_robot_controller/my_robot_controller.egg-info/PKG-INFO
[25.776s] writing dependency_links to ../../build/my_robot_controller/my_robot_controller.egg-info/dependency_links.txt
[25.779s] writing entry points to ../../build/my_robot_controller/my_robot_controller.egg-info/entry_points.txt
[25.786s] writing requirements to ../../build/my_robot_controller/my_robot_controller.egg-info/requires.txt
[25.787s] writing top-level names to ../../build/my_robot_controller/my_robot_controller.egg-info/top_level.txt
[25.811s] reading manifest file '../../build/my_robot_controller/my_robot_controller.egg-info/SOURCES.txt'
[25.831s] writing manifest file '../../build/my_robot_controller/my_robot_controller.egg-info/SOURCES.txt'
[25.838s] running build
[25.851s] running build_py
[25.861s] running install
[25.867s] running install_lib
[25.886s] creating /home/luc/ros2_ws/install/my_robot_controller/lib/python3.10/site-packages/my_robot_controller
[25.891s] copying /home/luc/ros2_ws/build/my_robot_controller/build/lib/my_robot_controller/my_first_node.py -> /home/luc/ros2_ws/install/my_robot_controller/lib/python3.10/site-packages/my_robot_controller
[25.907s] copying /home/luc/ros2_ws/build/my_robot_controller/build/lib/my_robot_controller/subscriptor.py -> /home/luc/ros2_ws/install/my_robot_controller/lib/python3.10/site-packages/my_robot_controller
[25.914s] copying /home/luc/ros2_ws/build/my_robot_controller/build/lib/my_robot_controller/segundo_nodo.py -> /home/luc/ros2_ws/install/my_robot_controller/lib/python3.10/site-packages/my_robot_controller
[25.916s] copying /home/luc/ros2_ws/build/my_robot_controller/build/lib/my_robot_controller/controlador.py -> /home/luc/ros2_ws/install/my_robot_controller/lib/python3.10/site-packages/my_robot_controller
[25.924s] copying /home/luc/ros2_ws/build/my_robot_controller/build/lib/my_robot_controller/__init__.py -> /home/luc/ros2_ws/install/my_robot_controller/lib/python3.10/site-packages/my_robot_controller
[25.926s] copying /home/luc/ros2_ws/build/my_robot_controller/build/lib/my_robot_controller/circulo.py -> /home/luc/ros2_ws/install/my_robot_controller/lib/python3.10/site-packages/my_robot_controller
[25.939s] byte-compiling /home/luc/ros2_ws/install/my_robot_controller/lib/python3.10/site-packages/my_robot_controller/my_first_node.py to my_first_node.cpython-310.pyc
[25.946s] byte-compiling /home/luc/ros2_ws/install/my_robot_controller/lib/python3.10/site-packages/my_robot_controller/subscriptor.py to subscriptor.cpython-310.pyc
[25.975s] byte-compiling /home/luc/ros2_ws/install/my_robot_controller/lib/python3.10/site-packages/my_robot_controller/segundo_nodo.py to segundo_nodo.cpython-310.pyc
[25.985s] byte-compiling /home/luc/ros2_ws/install/my_robot_controller/lib/python3.10/site-packages/my_robot_controller/controlador.py to controlador.cpython-310.pyc
[25.987s] byte-compiling /home/luc/ros2_ws/install/my_robot_controller/lib/python3.10/site-packages/my_robot_controller/__init__.py to __init__.cpython-310.pyc
[25.990s] byte-compiling /home/luc/ros2_ws/install/my_robot_controller/lib/python3.10/site-packages/my_robot_controller/circulo.py to circulo.cpython-310.pyc
[25.995s] running install_data
[25.997s] copying resource/my_robot_controller -> /home/luc/ros2_ws/install/my_robot_controller/share/ament_index/resource_index/packages
[26.007s] copying package.xml -> /home/luc/ros2_ws/install/my_robot_controller/share/my_robot_controller
[26.011s] running install_egg_info
[26.042s] Copying ../../build/my_robot_controller/my_robot_controller.egg-info to /home/luc/ros2_ws/install/my_robot_controller/lib/python3.10/site-packages/my_robot_controller-0.0.0-py3.10.egg-info
[26.074s] running install_scripts
[26.435s] Installing controlador script to /home/luc/ros2_ws/install/my_robot_controller/lib/my_robot_controller
[26.438s] Installing draw_circle script to /home/luc/ros2_ws/install/my_robot_controller/lib/my_robot_controller
[26.450s] Installing subscriptor script to /home/luc/ros2_ws/install/my_robot_controller/lib/my_robot_controller
[26.456s] Installing test_node script to /home/luc/ros2_ws/install/my_robot_controller/lib/my_robot_controller
[26.472s] Installing test_nodo script to /home/luc/ros2_ws/install/my_robot_controller/lib/my_robot_controller
[26.504s] writing list of installed files to '/home/luc/ros2_ws/build/my_robot_controller/install.log'
[27.086s] Invoked command in '/home/luc/ros2_ws/src/my_robot_controller' returned '0': PYTHONPATH=/home/luc/ros2_ws/build/my_robot_controller/prefix_override:/usr/lib/python3/dist-packages/colcon_core/task/python/colcon_distutils_commands:/home/luc/ros2_ws/install/my_robot_controller/lib/python3.10/site-packages:${PYTHONPATH} /usr/bin/python3 -W ignore:setup.py install is deprecated setup.py egg_info --egg-base ../../build/my_robot_controller build --build-base /home/luc/ros2_ws/build/my_robot_controller/build install --record /home/luc/ros2_ws/build/my_robot_controller/install.log --single-version-externally-managed install_data --force
