[7.997s] Invoking command in '/home/luc/ros2_ws/build/gcode_serial': PYTHONPATH=/home/luc/ros2_ws/build/gcode_serial/prefix_override:/usr/lib/python3/dist-packages/colcon_core/task/python/colcon_distutils_commands:/home/luc/ros2_ws/install/gcode_serial/lib/python3.10/site-packages:${PYTHONPATH} /usr/bin/python3 -W ignore:setup.py install is deprecated setup.py develop --editable --build-directory /home/luc/ros2_ws/build/gcode_serial/build --no-deps symlink_data --force
[10.064s] running develop
[10.070s] /usr/lib/python3/dist-packages/setuptools/command/easy_install.py:158: EasyInstallDeprecationWarning: easy_install command is deprecated. Use build and pip and other standards-based tools.
[10.071s]   warnings.warn(
[11.570s] running egg_info
[11.571s] writing gcode_serial.egg-info/PKG-INFO
[11.575s] writing dependency_links to gcode_serial.egg-info/dependency_links.txt
[11.576s] writing entry points to gcode_serial.egg-info/entry_points.txt
[11.576s] writing requirements to gcode_serial.egg-info/requires.txt
[11.577s] writing top-level names to gcode_serial.egg-info/top_level.txt
[11.587s] reading manifest file 'gcode_serial.egg-info/SOURCES.txt'
[11.607s] writing manifest file 'gcode_serial.egg-info/SOURCES.txt'
[11.630s] running build_ext
[11.631s] Creating /home/luc/ros2_ws/install/gcode_serial/lib/python3.10/site-packages/gcode-serial.egg-link (link to .)
[11.636s] Installing gcode_manager script to /home/luc/ros2_ws/install/gcode_serial/lib/gcode_serial
[11.646s] Installing gcode_sender script to /home/luc/ros2_ws/install/gcode_serial/lib/gcode_serial
[11.651s] 
[11.654s] Installed /home/luc/ros2_ws/build/gcode_serial
[11.656s] running symlink_data
[11.658s] symbolically linking /home/luc/ros2_ws/build/gcode_serial/resource/gcode_serial -> /home/luc/ros2_ws/install/gcode_serial/share/ament_index/resource_index/packages
[11.663s] symbolically linking /home/luc/ros2_ws/build/gcode_serial/package.xml -> /home/luc/ros2_ws/install/gcode_serial/share/gcode_serial
[12.080s] Invoked command in '/home/luc/ros2_ws/build/gcode_serial' returned '0': PYTHONPATH=/home/luc/ros2_ws/build/gcode_serial/prefix_override:/usr/lib/python3/dist-packages/colcon_core/task/python/colcon_distutils_commands:/home/luc/ros2_ws/install/gcode_serial/lib/python3.10/site-packages:${PYTHONPATH} /usr/bin/python3 -W ignore:setup.py install is deprecated setup.py develop --editable --build-directory /home/luc/ros2_ws/build/gcode_serial/build --no-deps symlink_data --force
