[0.663s] DEBUG:colcon:Command line arguments: ['/usr/bin/colcon', 'build']
[0.663s] DEBUG:colcon:Parsed command line arguments: Namespace(log_base=None, log_level=None, verb_name='build', build_base='build', install_base='install', merge_install=False, symlink_install=False, test_result_base=None, continue_on_error=False, executor='parallel', parallel_workers=4, event_handlers=None, ignore_user_meta=False, metas=['./colcon.meta'], base_paths=['.'], packages_ignore=None, packages_ignore_regex=None, paths=None, packages_up_to=None, packages_up_to_regex=None, packages_above=None, packages_above_and_dependencies=None, packages_above_depth=None, packages_select_by_dep=None, packages_skip_by_dep=None, packages_skip_up_to=None, packages_select_build_failed=False, packages_skip_build_finished=False, packages_select_test_failures=False, packages_skip_test_passed=False, packages_select=None, packages_skip=None, packages_select_regex=None, packages_skip_regex=None, packages_start=None, packages_end=None, allow_overriding=[], cmake_args=None, cmake_target=None, cmake_target_skip_unavailable=False, cmake_clean_cache=False, cmake_clean_first=False, cmake_force_configure=False, ament_cmake_args=None, catkin_cmake_args=None, catkin_skip_building_tests=False, verb_parser=<colcon_defaults.argument_parser.defaults.DefaultArgumentsDecorator object at 0xfffface5bfd0>, verb_extension=<colcon_core.verb.build.BuildVerb object at 0xfffface5bb80>, main=<bound method BuildVerb.main of <colcon_core.verb.build.BuildVerb object at 0xfffface5bb80>>)
[1.653s] Level 1:colcon.colcon_core.package_discovery:discover_packages(colcon_meta) check parameters
[1.654s] Level 1:colcon.colcon_core.package_discovery:discover_packages(recursive) check parameters
[1.654s] Level 1:colcon.colcon_core.package_discovery:discover_packages(ignore) check parameters
[1.654s] Level 1:colcon.colcon_core.package_discovery:discover_packages(path) check parameters
[1.654s] Level 1:colcon.colcon_core.package_discovery:discover_packages(colcon_meta) discover
[1.655s] Level 1:colcon.colcon_core.package_discovery:discover_packages(recursive) discover
[1.655s] INFO:colcon.colcon_core.package_discovery:Crawling recursively for packages in '/home/luc/ros2_ws'
[1.655s] Level 1:colcon.colcon_core.package_identification:_identify(.) by extensions ['ignore', 'ignore_ament_install']
[1.656s] Level 1:colcon.colcon_core.package_identification:_identify(.) by extension 'ignore'
[1.656s] Level 1:colcon.colcon_core.package_identification:_identify(.) by extension 'ignore_ament_install'
[1.656s] Level 1:colcon.colcon_core.package_identification:_identify(.) by extensions ['colcon_pkg']
[1.656s] Level 1:colcon.colcon_core.package_identification:_identify(.) by extension 'colcon_pkg'
[1.657s] Level 1:colcon.colcon_core.package_identification:_identify(.) by extensions ['colcon_meta']
[1.657s] Level 1:colcon.colcon_core.package_identification:_identify(.) by extension 'colcon_meta'
[1.657s] Level 1:colcon.colcon_core.package_identification:_identify(.) by extensions ['ros']
[1.657s] Level 1:colcon.colcon_core.package_identification:_identify(.) by extension 'ros'
[1.744s] Level 1:colcon.colcon_core.package_identification:_identify(.) by extensions ['cmake', 'python']
[1.744s] Level 1:colcon.colcon_core.package_identification:_identify(.) by extension 'cmake'
[1.744s] Level 1:colcon.colcon_core.package_identification:_identify(.) by extension 'python'
[1.745s] Level 1:colcon.colcon_core.package_identification:_identify(.) by extensions ['python_setup_py']
[1.745s] Level 1:colcon.colcon_core.package_identification:_identify(.) by extension 'python_setup_py'
[1.745s] Level 1:colcon.colcon_core.package_identification:_identify(build) by extensions ['ignore', 'ignore_ament_install']
[1.746s] Level 1:colcon.colcon_core.package_identification:_identify(build) by extension 'ignore'
[1.746s] Level 1:colcon.colcon_core.package_identification:_identify(build) ignored
[1.747s] Level 1:colcon.colcon_core.package_identification:_identify(install) by extensions ['ignore', 'ignore_ament_install']
[1.747s] Level 1:colcon.colcon_core.package_identification:_identify(install) by extension 'ignore'
[1.747s] Level 1:colcon.colcon_core.package_identification:_identify(install) ignored
[1.752s] Level 1:colcon.colcon_core.package_identification:_identify(log) by extensions ['ignore', 'ignore_ament_install']
[1.753s] Level 1:colcon.colcon_core.package_identification:_identify(log) by extension 'ignore'
[1.753s] Level 1:colcon.colcon_core.package_identification:_identify(log) ignored
[1.754s] Level 1:colcon.colcon_core.package_identification:_identify(src) by extensions ['ignore', 'ignore_ament_install']
[1.754s] Level 1:colcon.colcon_core.package_identification:_identify(src) by extension 'ignore'
[1.754s] Level 1:colcon.colcon_core.package_identification:_identify(src) by extension 'ignore_ament_install'
[1.755s] Level 1:colcon.colcon_core.package_identification:_identify(src) by extensions ['colcon_pkg']
[1.755s] Level 1:colcon.colcon_core.package_identification:_identify(src) by extension 'colcon_pkg'
[1.755s] Level 1:colcon.colcon_core.package_identification:_identify(src) by extensions ['colcon_meta']
[1.755s] Level 1:colcon.colcon_core.package_identification:_identify(src) by extension 'colcon_meta'
[1.755s] Level 1:colcon.colcon_core.package_identification:_identify(src) by extensions ['ros']
[1.756s] Level 1:colcon.colcon_core.package_identification:_identify(src) by extension 'ros'
[1.756s] Level 1:colcon.colcon_core.package_identification:_identify(src) by extensions ['cmake', 'python']
[1.756s] Level 1:colcon.colcon_core.package_identification:_identify(src) by extension 'cmake'
[1.757s] Level 1:colcon.colcon_core.package_identification:_identify(src) by extension 'python'
[1.757s] Level 1:colcon.colcon_core.package_identification:_identify(src) by extensions ['python_setup_py']
[1.757s] Level 1:colcon.colcon_core.package_identification:_identify(src) by extension 'python_setup_py'
[1.758s] Level 1:colcon.colcon_core.package_identification:_identify(src/my_robot_controller) by extensions ['ignore', 'ignore_ament_install']
[1.758s] Level 1:colcon.colcon_core.package_identification:_identify(src/my_robot_controller) by extension 'ignore'
[1.759s] Level 1:colcon.colcon_core.package_identification:_identify(src/my_robot_controller) by extension 'ignore_ament_install'
[1.759s] Level 1:colcon.colcon_core.package_identification:_identify(src/my_robot_controller) by extensions ['colcon_pkg']
[1.759s] Level 1:colcon.colcon_core.package_identification:_identify(src/my_robot_controller) by extension 'colcon_pkg'
[1.759s] Level 1:colcon.colcon_core.package_identification:_identify(src/my_robot_controller) by extensions ['colcon_meta']
[1.759s] Level 1:colcon.colcon_core.package_identification:_identify(src/my_robot_controller) by extension 'colcon_meta'
[1.760s] Level 1:colcon.colcon_core.package_identification:_identify(src/my_robot_controller) by extensions ['ros']
[1.760s] Level 1:colcon.colcon_core.package_identification:_identify(src/my_robot_controller) by extension 'ros'
[1.779s] DEBUG:colcon.colcon_core.package_identification:Package 'src/my_robot_controller' with type 'ros.ament_python' and name 'my_robot_controller'
[1.779s] Level 1:colcon.colcon_core.package_discovery:discover_packages(recursive) using defaults
[1.780s] Level 1:colcon.colcon_core.package_discovery:discover_packages(ignore) discover
[1.780s] Level 1:colcon.colcon_core.package_discovery:discover_packages(ignore) using defaults
[1.780s] Level 1:colcon.colcon_core.package_discovery:discover_packages(path) discover
[1.780s] Level 1:colcon.colcon_core.package_discovery:discover_packages(path) using defaults
[1.896s] Level 1:colcon.colcon_core.package_discovery:discover_packages(prefix_path) check parameters
[1.896s] Level 1:colcon.colcon_core.package_discovery:discover_packages(prefix_path) discover
[1.912s] DEBUG:colcon.colcon_installed_package_information.package_discovery:Found 1 installed packages in /home/luc/ros2_ws/install
[1.924s] DEBUG:colcon.colcon_installed_package_information.package_discovery:Found 270 installed packages in /opt/ros/humble
[1.933s] Level 1:colcon.colcon_core.package_discovery:discover_packages(prefix_path) using defaults
[2.191s] Level 5:colcon.colcon_core.verb:set package 'my_robot_controller' build argument 'cmake_args' from command line to 'None'
[2.191s] Level 5:colcon.colcon_core.verb:set package 'my_robot_controller' build argument 'cmake_target' from command line to 'None'
[2.192s] Level 5:colcon.colcon_core.verb:set package 'my_robot_controller' build argument 'cmake_target_skip_unavailable' from command line to 'False'
[2.192s] Level 5:colcon.colcon_core.verb:set package 'my_robot_controller' build argument 'cmake_clean_cache' from command line to 'False'
[2.192s] Level 5:colcon.colcon_core.verb:set package 'my_robot_controller' build argument 'cmake_clean_first' from command line to 'False'
[2.192s] Level 5:colcon.colcon_core.verb:set package 'my_robot_controller' build argument 'cmake_force_configure' from command line to 'False'
[2.192s] Level 5:colcon.colcon_core.verb:set package 'my_robot_controller' build argument 'ament_cmake_args' from command line to 'None'
[2.192s] Level 5:colcon.colcon_core.verb:set package 'my_robot_controller' build argument 'catkin_cmake_args' from command line to 'None'
[2.192s] Level 5:colcon.colcon_core.verb:set package 'my_robot_controller' build argument 'catkin_skip_building_tests' from command line to 'False'
[2.192s] DEBUG:colcon.colcon_core.verb:Building package 'my_robot_controller' with the following arguments: {'ament_cmake_args': None, 'build_base': '/home/luc/ros2_ws/build/my_robot_controller', 'catkin_cmake_args': None, 'catkin_skip_building_tests': False, 'cmake_args': None, 'cmake_clean_cache': False, 'cmake_clean_first': False, 'cmake_force_configure': False, 'cmake_target': None, 'cmake_target_skip_unavailable': False, 'install_base': '/home/luc/ros2_ws/install/my_robot_controller', 'merge_install': False, 'path': '/home/luc/ros2_ws/src/my_robot_controller', 'symlink_install': False, 'test_result_base': None}
[2.193s] INFO:colcon.colcon_core.executor:Executing jobs using 'parallel' executor
[2.197s] DEBUG:colcon.colcon_parallel_executor.executor.parallel:run_until_complete
[2.197s] INFO:colcon.colcon_ros.task.ament_python.build:Building ROS package in '/home/luc/ros2_ws/src/my_robot_controller' with build type 'ament_python'
[2.198s] Level 1:colcon.colcon_core.shell:create_environment_hook('my_robot_controller', 'ament_prefix_path')
[2.224s] INFO:colcon.colcon_core.plugin_system:Skipping extension 'colcon_core.shell.bat': Not used on non-Windows systems
[2.225s] INFO:colcon.colcon_core.shell:Creating environment hook '/home/luc/ros2_ws/install/my_robot_controller/share/my_robot_controller/hook/ament_prefix_path.ps1'
[2.232s] INFO:colcon.colcon_core.shell:Creating environment descriptor '/home/luc/ros2_ws/install/my_robot_controller/share/my_robot_controller/hook/ament_prefix_path.dsv'
[2.236s] INFO:colcon.colcon_core.shell:Creating environment hook '/home/luc/ros2_ws/install/my_robot_controller/share/my_robot_controller/hook/ament_prefix_path.sh'
[2.242s] INFO:colcon.colcon_core.shell:Skip shell extension 'powershell' for command environment: Not usable outside of PowerShell
[2.242s] DEBUG:colcon.colcon_core.shell:Skip shell extension 'dsv' for command environment
[3.658s] INFO:colcon.colcon_core.task.python.build:Building Python package in '/home/luc/ros2_ws/src/my_robot_controller'
[3.659s] INFO:colcon.colcon_core.shell:Skip shell extension 'powershell' for command environment: Not usable outside of PowerShell
[3.660s] DEBUG:colcon.colcon_core.shell:Skip shell extension 'dsv' for command environment
[5.630s] DEBUG:colcon.colcon_core.event_handler.log_command:Invoking command in '/home/luc/ros2_ws/src/my_robot_controller': PYTHONPATH=/home/luc/ros2_ws/build/my_robot_controller/prefix_override:/usr/lib/python3/dist-packages/colcon_core/task/python/colcon_distutils_commands:/home/luc/ros2_ws/install/my_robot_controller/lib/python3.10/site-packages:${PYTHONPATH} /usr/bin/python3 -W ignore:setup.py install is deprecated setup.py egg_info --egg-base ../../build/my_robot_controller build --build-base /home/luc/ros2_ws/build/my_robot_controller/build install --record /home/luc/ros2_ws/build/my_robot_controller/install.log --single-version-externally-managed install_data
[7.233s] DEBUG:colcon.colcon_core.event_handler.log_command:Invoked command in '/home/luc/ros2_ws/src/my_robot_controller' returned '0': PYTHONPATH=/home/luc/ros2_ws/build/my_robot_controller/prefix_override:/usr/lib/python3/dist-packages/colcon_core/task/python/colcon_distutils_commands:/home/luc/ros2_ws/install/my_robot_controller/lib/python3.10/site-packages:${PYTHONPATH} /usr/bin/python3 -W ignore:setup.py install is deprecated setup.py egg_info --egg-base ../../build/my_robot_controller build --build-base /home/luc/ros2_ws/build/my_robot_controller/build install --record /home/luc/ros2_ws/build/my_robot_controller/install.log --single-version-externally-managed install_data
[7.260s] Level 1:colcon.colcon_core.environment:checking '/home/luc/ros2_ws/install/my_robot_controller' for CMake module files
[7.263s] Level 1:colcon.colcon_core.environment:checking '/home/luc/ros2_ws/install/my_robot_controller' for CMake config files
[7.273s] Level 1:colcon.colcon_core.environment:checking '/home/luc/ros2_ws/install/my_robot_controller/lib'
[7.274s] Level 1:colcon.colcon_core.environment:checking '/home/luc/ros2_ws/install/my_robot_controller/bin'
[7.274s] Level 1:colcon.colcon_core.environment:checking '/home/luc/ros2_ws/install/my_robot_controller/lib/pkgconfig/my_robot_controller.pc'
[7.275s] Level 1:colcon.colcon_core.environment:checking '/home/luc/ros2_ws/install/my_robot_controller/lib/python3.10/site-packages'
[7.276s] Level 1:colcon.colcon_core.shell:create_environment_hook('my_robot_controller', 'pythonpath')
[7.277s] INFO:colcon.colcon_core.shell:Creating environment hook '/home/luc/ros2_ws/install/my_robot_controller/share/my_robot_controller/hook/pythonpath.ps1'
[7.281s] INFO:colcon.colcon_core.shell:Creating environment descriptor '/home/luc/ros2_ws/install/my_robot_controller/share/my_robot_controller/hook/pythonpath.dsv'
[7.283s] INFO:colcon.colcon_core.shell:Creating environment hook '/home/luc/ros2_ws/install/my_robot_controller/share/my_robot_controller/hook/pythonpath.sh'
[7.286s] Level 1:colcon.colcon_core.environment:checking '/home/luc/ros2_ws/install/my_robot_controller/bin'
[7.287s] Level 1:colcon.colcon_core.environment:create_environment_scripts_only(my_robot_controller)
[7.288s] INFO:colcon.colcon_core.shell:Creating package script '/home/luc/ros2_ws/install/my_robot_controller/share/my_robot_controller/package.ps1'
[7.294s] INFO:colcon.colcon_core.shell:Creating package descriptor '/home/luc/ros2_ws/install/my_robot_controller/share/my_robot_controller/package.dsv'
[7.298s] INFO:colcon.colcon_core.shell:Creating package script '/home/luc/ros2_ws/install/my_robot_controller/share/my_robot_controller/package.sh'
[7.302s] INFO:colcon.colcon_core.shell:Creating package script '/home/luc/ros2_ws/install/my_robot_controller/share/my_robot_controller/package.bash'
[7.307s] INFO:colcon.colcon_core.shell:Creating package script '/home/luc/ros2_ws/install/my_robot_controller/share/my_robot_controller/package.zsh'
[7.312s] Level 1:colcon.colcon_core.environment:create_file_with_runtime_dependencies(/home/luc/ros2_ws/install/my_robot_controller/share/colcon-core/packages/my_robot_controller)
[7.314s] DEBUG:colcon.colcon_parallel_executor.executor.parallel:closing loop
[7.315s] DEBUG:colcon.colcon_parallel_executor.executor.parallel:loop closed
[7.316s] DEBUG:colcon.colcon_parallel_executor.executor.parallel:run_until_complete finished with '0'
[7.316s] DEBUG:colcon.colcon_core.event_reactor:joining thread
[7.356s] INFO:colcon.colcon_core.plugin_system:Skipping extension 'colcon_notification.desktop_notification.terminal_notifier': Not used on non-Darwin systems
[7.357s] INFO:colcon.colcon_core.plugin_system:Skipping extension 'colcon_notification.desktop_notification.win32': Not used on non-Windows systems
[7.357s] INFO:colcon.colcon_notification.desktop_notification:Sending desktop notification using 'notify2'
[7.488s] DEBUG:colcon.colcon_core.event_reactor:joined thread
[7.492s] INFO:colcon.colcon_core.shell:Creating prefix script '/home/luc/ros2_ws/install/local_setup.ps1'
[7.503s] INFO:colcon.colcon_core.shell:Creating prefix util module '/home/luc/ros2_ws/install/_local_setup_util_ps1.py'
[7.513s] INFO:colcon.colcon_core.shell:Creating prefix chain script '/home/luc/ros2_ws/install/setup.ps1'
[7.523s] INFO:colcon.colcon_core.shell:Creating prefix script '/home/luc/ros2_ws/install/local_setup.sh'
[7.527s] INFO:colcon.colcon_core.shell:Creating prefix util module '/home/luc/ros2_ws/install/_local_setup_util_sh.py'
[7.531s] INFO:colcon.colcon_core.shell:Creating prefix chain script '/home/luc/ros2_ws/install/setup.sh'
[7.538s] INFO:colcon.colcon_core.shell:Creating prefix script '/home/luc/ros2_ws/install/local_setup.bash'
[7.542s] INFO:colcon.colcon_core.shell:Creating prefix chain script '/home/luc/ros2_ws/install/setup.bash'
[7.549s] INFO:colcon.colcon_core.shell:Creating prefix script '/home/luc/ros2_ws/install/local_setup.zsh'
[7.554s] INFO:colcon.colcon_core.shell:Creating prefix chain script '/home/luc/ros2_ws/install/setup.zsh'
