[4.858s] Invoking command in '/home/luc/ros2_ws/build/startup_automation': AMENT_PREFIX_PATH=/home/luc/ros2_ws/install/gh_ros:/home/luc/ros2_ws/install/gcode_serial:/home/luc/ros2_ws/install/my_robot_controller:/home/luc/ros2_ws/install/gh_tcp:/opt/ros/humble PYTHONPATH=/home/luc/ros2_ws/build/startup_automation/prefix_override:/usr/lib/python3/dist-packages/colcon_core/task/python/colcon_distutils_commands:/home/luc/ros2_ws/install/startup_automation/lib/python3.10/site-packages:/home/luc/ros2_ws/build/gh_ros:/home/luc/ros2_ws/install/gh_ros/lib/python3.10/site-packages:/home/luc/ros2_ws/build/gcode_serial:/home/luc/ros2_ws/install/gcode_serial/lib/python3.10/site-packages:/home/luc/ros2_ws/build/my_robot_controller:/home/luc/ros2_ws/install/my_robot_controller/lib/python3.10/site-packages:/home/luc/ros2_ws/build/gh_tcp:/home/luc/ros2_ws/install/gh_tcp/lib/python3.10/site-packages:/opt/ros/humble/lib/python3.10/site-packages:/opt/ros/humble/local/lib/python3.10/dist-packages /usr/bin/python3 -W ignore:setup.py install is deprecated setup.py develop --editable --build-directory /home/luc/ros2_ws/build/startup_automation/build --no-deps symlink_data
[6.437s] running develop
[6.438s] /usr/lib/python3/dist-packages/setuptools/command/easy_install.py:158: EasyInstallDeprecationWarning: easy_install command is deprecated. Use build and pip and other standards-based tools.
[6.439s]   warnings.warn(
[7.437s] running egg_info
[7.437s] creating startup_automation.egg-info
[7.438s] writing startup_automation.egg-info/PKG-INFO
[7.439s] writing dependency_links to startup_automation.egg-info/dependency_links.txt
[7.439s] writing entry points to startup_automation.egg-info/entry_points.txt
[7.440s] writing requirements to startup_automation.egg-info/requires.txt
[7.441s] writing top-level names to startup_automation.egg-info/top_level.txt
[7.442s] writing manifest file 'startup_automation.egg-info/SOURCES.txt'
[7.449s] reading manifest file 'startup_automation.egg-info/SOURCES.txt'
[7.452s] writing manifest file 'startup_automation.egg-info/SOURCES.txt'
[7.460s] running build_ext
[7.461s] Creating /home/luc/ros2_ws/install/startup_automation/lib/python3.10/site-packages/startup-automation.egg-link (link to .)
[7.465s] 
[7.465s] Installed /home/luc/ros2_ws/build/startup_automation
[7.466s] running symlink_data
[7.466s] symbolically linking /home/luc/ros2_ws/build/startup_automation/package.xml -> /home/luc/ros2_ws/install/startup_automation/share/startup_automation
[7.467s] creating /home/luc/ros2_ws/install/startup_automation/share/startup_automation/launch
[7.468s] symbolically linking /home/luc/ros2_ws/build/startup_automation/launch/startup.launch.py -> /home/luc/ros2_ws/install/startup_automation/share/startup_automation/launch
[7.617s] Invoked command in '/home/luc/ros2_ws/build/startup_automation' returned '0': AMENT_PREFIX_PATH=/home/luc/ros2_ws/install/gh_ros:/home/luc/ros2_ws/install/gcode_serial:/home/luc/ros2_ws/install/my_robot_controller:/home/luc/ros2_ws/install/gh_tcp:/opt/ros/humble PYTHONPATH=/home/luc/ros2_ws/build/startup_automation/prefix_override:/usr/lib/python3/dist-packages/colcon_core/task/python/colcon_distutils_commands:/home/luc/ros2_ws/install/startup_automation/lib/python3.10/site-packages:/home/luc/ros2_ws/build/gh_ros:/home/luc/ros2_ws/install/gh_ros/lib/python3.10/site-packages:/home/luc/ros2_ws/build/gcode_serial:/home/luc/ros2_ws/install/gcode_serial/lib/python3.10/site-packages:/home/luc/ros2_ws/build/my_robot_controller:/home/luc/ros2_ws/install/my_robot_controller/lib/python3.10/site-packages:/home/luc/ros2_ws/build/gh_tcp:/home/luc/ros2_ws/install/gh_tcp/lib/python3.10/site-packages:/opt/ros/humble/lib/python3.10/site-packages:/opt/ros/humble/local/lib/python3.10/dist-packages /usr/bin/python3 -W ignore:setup.py install is deprecated setup.py develop --editable --build-directory /home/luc/ros2_ws/build/startup_automation/build --no-deps symlink_data
