[8.101s] Invoking command in '/home/luc/ros2_ws/src/gh_ros': PYTHONPATH=/home/luc/ros2_ws/build/gh_ros/prefix_override:/usr/lib/python3/dist-packages/colcon_core/task/python/colcon_distutils_commands:/home/luc/ros2_ws/install/gh_ros/lib/python3.10/site-packages:${PYTHONPATH} /usr/bin/python3 -W ignore:setup.py install is deprecated setup.py egg_info --egg-base ../../build/gh_ros build --build-base /home/luc/ros2_ws/build/gh_ros/build install --record /home/luc/ros2_ws/build/gh_ros/install.log --single-version-externally-managed install_data
[9.939s] running egg_info
[9.945s] writing ../../build/gh_ros/gh_ros.egg-info/PKG-INFO
[9.947s] writing dependency_links to ../../build/gh_ros/gh_ros.egg-info/dependency_links.txt
[9.949s] writing entry points to ../../build/gh_ros/gh_ros.egg-info/entry_points.txt
[9.951s] writing requirements to ../../build/gh_ros/gh_ros.egg-info/requires.txt
[9.951s] writing top-level names to ../../build/gh_ros/gh_ros.egg-info/top_level.txt
[9.963s] reading manifest file '../../build/gh_ros/gh_ros.egg-info/SOURCES.txt'
[9.967s] writing manifest file '../../build/gh_ros/gh_ros.egg-info/SOURCES.txt'
[9.968s] running build
[9.969s] running build_py
[9.974s] running install
[9.975s] running install_lib
[9.987s] running install_data
[9.991s] running install_egg_info
[10.013s] removing '/home/luc/ros2_ws/install/gh_ros/lib/python3.10/site-packages/gh_ros-0.0.0-py3.10.egg-info' (and everything under it)
[10.014s] Copying ../../build/gh_ros/gh_ros.egg-info to /home/luc/ros2_ws/install/gh_ros/lib/python3.10/site-packages/gh_ros-0.0.0-py3.10.egg-info
[10.021s] running install_scripts
[10.156s] Installing gh_subscriber script to /home/luc/ros2_ws/install/gh_ros/lib/gh_ros
[10.164s] writing list of installed files to '/home/luc/ros2_ws/build/gh_ros/install.log'
[10.479s] Invoked command in '/home/luc/ros2_ws/src/gh_ros' returned '0': PYTHONPATH=/home/luc/ros2_ws/build/gh_ros/prefix_override:/usr/lib/python3/dist-packages/colcon_core/task/python/colcon_distutils_commands:/home/luc/ros2_ws/install/gh_ros/lib/python3.10/site-packages:${PYTHONPATH} /usr/bin/python3 -W ignore:setup.py install is deprecated setup.py egg_info --egg-base ../../build/gh_ros build --build-base /home/luc/ros2_ws/build/gh_ros/build install --record /home/luc/ros2_ws/build/gh_ros/install.log --single-version-externally-managed install_data
