[1.610s] DEBUG:colcon:Command line arguments: ['/usr/bin/colcon', 'build']
[1.611s] DEBUG:colcon:Parsed command line arguments: Namespace(log_base=None, log_level=None, verb_name='build', build_base='build', install_base='install', merge_install=False, symlink_install=False, test_result_base=None, continue_on_error=False, executor='parallel', parallel_workers=4, event_handlers=None, ignore_user_meta=False, metas=['./colcon.meta'], base_paths=['.'], packages_ignore=None, packages_ignore_regex=None, paths=None, packages_up_to=None, packages_up_to_regex=None, packages_above=None, packages_above_and_dependencies=None, packages_above_depth=None, packages_select_by_dep=None, packages_skip_by_dep=None, packages_skip_up_to=None, packages_select_build_failed=False, packages_skip_build_finished=False, packages_select_test_failures=False, packages_skip_test_passed=False, packages_select=None, packages_skip=None, packages_select_regex=None, packages_skip_regex=None, packages_start=None, packages_end=None, allow_overriding=[], cmake_args=None, cmake_target=None, cmake_target_skip_unavailable=False, cmake_clean_cache=False, cmake_clean_first=False, cmake_force_configure=False, ament_cmake_args=None, catkin_cmake_args=None, catkin_skip_building_tests=False, verb_parser=<colcon_defaults.argument_parser.defaults.DefaultArgumentsDecorator object at 0xffff9336fb80>, verb_extension=<colcon_core.verb.build.BuildVerb object at 0xffff9336f730>, main=<bound method BuildVerb.main of <colcon_core.verb.build.BuildVerb object at 0xffff9336f730>>)
[3.272s] Level 1:colcon.colcon_core.package_discovery:discover_packages(colcon_meta) check parameters
[3.273s] Level 1:colcon.colcon_core.package_discovery:discover_packages(recursive) check parameters
[3.273s] Level 1:colcon.colcon_core.package_discovery:discover_packages(ignore) check parameters
[3.273s] Level 1:colcon.colcon_core.package_discovery:discover_packages(path) check parameters
[3.273s] Level 1:colcon.colcon_core.package_discovery:discover_packages(colcon_meta) discover
[3.274s] Level 1:colcon.colcon_core.package_discovery:discover_packages(recursive) discover
[3.274s] INFO:colcon.colcon_core.package_discovery:Crawling recursively for packages in '/home/luc/ros2_ws'
[3.274s] Level 1:colcon.colcon_core.package_identification:_identify(.) by extensions ['ignore', 'ignore_ament_install']
[3.275s] Level 1:colcon.colcon_core.package_identification:_identify(.) by extension 'ignore'
[3.275s] Level 1:colcon.colcon_core.package_identification:_identify(.) by extension 'ignore_ament_install'
[3.275s] Level 1:colcon.colcon_core.package_identification:_identify(.) by extensions ['colcon_pkg']
[3.276s] Level 1:colcon.colcon_core.package_identification:_identify(.) by extension 'colcon_pkg'
[3.276s] Level 1:colcon.colcon_core.package_identification:_identify(.) by extensions ['colcon_meta']
[3.276s] Level 1:colcon.colcon_core.package_identification:_identify(.) by extension 'colcon_meta'
[3.276s] Level 1:colcon.colcon_core.package_identification:_identify(.) by extensions ['ros']
[3.276s] Level 1:colcon.colcon_core.package_identification:_identify(.) by extension 'ros'
[3.358s] Level 1:colcon.colcon_core.package_identification:_identify(.) by extensions ['cmake', 'python']
[3.358s] Level 1:colcon.colcon_core.package_identification:_identify(.) by extension 'cmake'
[3.358s] Level 1:colcon.colcon_core.package_identification:_identify(.) by extension 'python'
[3.359s] Level 1:colcon.colcon_core.package_identification:_identify(.) by extensions ['python_setup_py']
[3.359s] Level 1:colcon.colcon_core.package_identification:_identify(.) by extension 'python_setup_py'
[3.359s] Level 1:colcon.colcon_core.package_identification:_identify(build) by extensions ['ignore', 'ignore_ament_install']
[3.360s] Level 1:colcon.colcon_core.package_identification:_identify(build) by extension 'ignore'
[3.360s] Level 1:colcon.colcon_core.package_identification:_identify(build) ignored
[3.361s] Level 1:colcon.colcon_core.package_identification:_identify(install) by extensions ['ignore', 'ignore_ament_install']
[3.361s] Level 1:colcon.colcon_core.package_identification:_identify(install) by extension 'ignore'
[3.361s] Level 1:colcon.colcon_core.package_identification:_identify(install) ignored
[3.369s] Level 1:colcon.colcon_core.package_identification:_identify(log) by extensions ['ignore', 'ignore_ament_install']
[3.369s] Level 1:colcon.colcon_core.package_identification:_identify(log) by extension 'ignore'
[3.370s] Level 1:colcon.colcon_core.package_identification:_identify(log) ignored
[3.370s] Level 1:colcon.colcon_core.package_identification:_identify(src) by extensions ['ignore', 'ignore_ament_install']
[3.370s] Level 1:colcon.colcon_core.package_identification:_identify(src) by extension 'ignore'
[3.371s] Level 1:colcon.colcon_core.package_identification:_identify(src) by extension 'ignore_ament_install'
[3.371s] Level 1:colcon.colcon_core.package_identification:_identify(src) by extensions ['colcon_pkg']
[3.371s] Level 1:colcon.colcon_core.package_identification:_identify(src) by extension 'colcon_pkg'
[3.371s] Level 1:colcon.colcon_core.package_identification:_identify(src) by extensions ['colcon_meta']
[3.371s] Level 1:colcon.colcon_core.package_identification:_identify(src) by extension 'colcon_meta'
[3.372s] Level 1:colcon.colcon_core.package_identification:_identify(src) by extensions ['ros']
[3.372s] Level 1:colcon.colcon_core.package_identification:_identify(src) by extension 'ros'
[3.372s] Level 1:colcon.colcon_core.package_identification:_identify(src) by extensions ['cmake', 'python']
[3.372s] Level 1:colcon.colcon_core.package_identification:_identify(src) by extension 'cmake'
[3.373s] Level 1:colcon.colcon_core.package_identification:_identify(src) by extension 'python'
[3.373s] Level 1:colcon.colcon_core.package_identification:_identify(src) by extensions ['python_setup_py']
[3.373s] Level 1:colcon.colcon_core.package_identification:_identify(src) by extension 'python_setup_py'
[3.374s] Level 1:colcon.colcon_core.package_identification:_identify(src/gh_tcp) by extensions ['ignore', 'ignore_ament_install']
[3.374s] Level 1:colcon.colcon_core.package_identification:_identify(src/gh_tcp) by extension 'ignore'
[3.375s] Level 1:colcon.colcon_core.package_identification:_identify(src/gh_tcp) by extension 'ignore_ament_install'
[3.375s] Level 1:colcon.colcon_core.package_identification:_identify(src/gh_tcp) by extensions ['colcon_pkg']
[3.376s] Level 1:colcon.colcon_core.package_identification:_identify(src/gh_tcp) by extension 'colcon_pkg'
[3.376s] Level 1:colcon.colcon_core.package_identification:_identify(src/gh_tcp) by extensions ['colcon_meta']
[3.376s] Level 1:colcon.colcon_core.package_identification:_identify(src/gh_tcp) by extension 'colcon_meta'
[3.377s] Level 1:colcon.colcon_core.package_identification:_identify(src/gh_tcp) by extensions ['ros']
[3.377s] Level 1:colcon.colcon_core.package_identification:_identify(src/gh_tcp) by extension 'ros'
[3.397s] DEBUG:colcon.colcon_core.package_identification:Package 'src/gh_tcp' with type 'ros.ament_python' and name 'gh_tcp'
[3.398s] Level 1:colcon.colcon_core.package_identification:_identify(src/my_robot_controller) by extensions ['ignore', 'ignore_ament_install']
[3.398s] Level 1:colcon.colcon_core.package_identification:_identify(src/my_robot_controller) by extension 'ignore'
[3.399s] Level 1:colcon.colcon_core.package_identification:_identify(src/my_robot_controller) by extension 'ignore_ament_install'
[3.399s] Level 1:colcon.colcon_core.package_identification:_identify(src/my_robot_controller) by extensions ['colcon_pkg']
[3.399s] Level 1:colcon.colcon_core.package_identification:_identify(src/my_robot_controller) by extension 'colcon_pkg'
[3.400s] Level 1:colcon.colcon_core.package_identification:_identify(src/my_robot_controller) by extensions ['colcon_meta']
[3.400s] Level 1:colcon.colcon_core.package_identification:_identify(src/my_robot_controller) by extension 'colcon_meta'
[3.400s] Level 1:colcon.colcon_core.package_identification:_identify(src/my_robot_controller) by extensions ['ros']
[3.400s] Level 1:colcon.colcon_core.package_identification:_identify(src/my_robot_controller) by extension 'ros'
[3.407s] DEBUG:colcon.colcon_core.package_identification:Package 'src/my_robot_controller' with type 'ros.ament_python' and name 'my_robot_controller'
[3.408s] Level 1:colcon.colcon_core.package_discovery:discover_packages(recursive) using defaults
[3.408s] Level 1:colcon.colcon_core.package_discovery:discover_packages(ignore) discover
[3.408s] Level 1:colcon.colcon_core.package_discovery:discover_packages(ignore) using defaults
[3.408s] Level 1:colcon.colcon_core.package_discovery:discover_packages(path) discover
[3.408s] Level 1:colcon.colcon_core.package_discovery:discover_packages(path) using defaults
[3.585s] Level 1:colcon.colcon_core.package_discovery:discover_packages(prefix_path) check parameters
[3.585s] Level 1:colcon.colcon_core.package_discovery:discover_packages(prefix_path) discover
[3.608s] DEBUG:colcon.colcon_installed_package_information.package_discovery:Found 2 installed packages in /home/luc/ros2_ws/install
[3.623s] DEBUG:colcon.colcon_installed_package_information.package_discovery:Found 270 installed packages in /opt/ros/humble
[3.631s] Level 1:colcon.colcon_core.package_discovery:discover_packages(prefix_path) using defaults
[4.066s] Level 5:colcon.colcon_core.verb:set package 'gh_tcp' build argument 'cmake_args' from command line to 'None'
[4.066s] Level 5:colcon.colcon_core.verb:set package 'gh_tcp' build argument 'cmake_target' from command line to 'None'
[4.066s] Level 5:colcon.colcon_core.verb:set package 'gh_tcp' build argument 'cmake_target_skip_unavailable' from command line to 'False'
[4.067s] Level 5:colcon.colcon_core.verb:set package 'gh_tcp' build argument 'cmake_clean_cache' from command line to 'False'
[4.067s] Level 5:colcon.colcon_core.verb:set package 'gh_tcp' build argument 'cmake_clean_first' from command line to 'False'
[4.067s] Level 5:colcon.colcon_core.verb:set package 'gh_tcp' build argument 'cmake_force_configure' from command line to 'False'
[4.067s] Level 5:colcon.colcon_core.verb:set package 'gh_tcp' build argument 'ament_cmake_args' from command line to 'None'
[4.067s] Level 5:colcon.colcon_core.verb:set package 'gh_tcp' build argument 'catkin_cmake_args' from command line to 'None'
[4.067s] Level 5:colcon.colcon_core.verb:set package 'gh_tcp' build argument 'catkin_skip_building_tests' from command line to 'False'
[4.067s] DEBUG:colcon.colcon_core.verb:Building package 'gh_tcp' with the following arguments: {'ament_cmake_args': None, 'build_base': '/home/luc/ros2_ws/build/gh_tcp', 'catkin_cmake_args': None, 'catkin_skip_building_tests': False, 'cmake_args': None, 'cmake_clean_cache': False, 'cmake_clean_first': False, 'cmake_force_configure': False, 'cmake_target': None, 'cmake_target_skip_unavailable': False, 'install_base': '/home/luc/ros2_ws/install/gh_tcp', 'merge_install': False, 'path': '/home/luc/ros2_ws/src/gh_tcp', 'symlink_install': False, 'test_result_base': None}
[4.069s] Level 5:colcon.colcon_core.verb:set package 'my_robot_controller' build argument 'cmake_args' from command line to 'None'
[4.069s] Level 5:colcon.colcon_core.verb:set package 'my_robot_controller' build argument 'cmake_target' from command line to 'None'
[4.069s] Level 5:colcon.colcon_core.verb:set package 'my_robot_controller' build argument 'cmake_target_skip_unavailable' from command line to 'False'
[4.070s] Level 5:colcon.colcon_core.verb:set package 'my_robot_controller' build argument 'cmake_clean_cache' from command line to 'False'
[4.070s] Level 5:colcon.colcon_core.verb:set package 'my_robot_controller' build argument 'cmake_clean_first' from command line to 'False'
[4.070s] Level 5:colcon.colcon_core.verb:set package 'my_robot_controller' build argument 'cmake_force_configure' from command line to 'False'
[4.070s] Level 5:colcon.colcon_core.verb:set package 'my_robot_controller' build argument 'ament_cmake_args' from command line to 'None'
[4.070s] Level 5:colcon.colcon_core.verb:set package 'my_robot_controller' build argument 'catkin_cmake_args' from command line to 'None'
[4.070s] Level 5:colcon.colcon_core.verb:set package 'my_robot_controller' build argument 'catkin_skip_building_tests' from command line to 'False'
[4.070s] DEBUG:colcon.colcon_core.verb:Building package 'my_robot_controller' with the following arguments: {'ament_cmake_args': None, 'build_base': '/home/luc/ros2_ws/build/my_robot_controller', 'catkin_cmake_args': None, 'catkin_skip_building_tests': False, 'cmake_args': None, 'cmake_clean_cache': False, 'cmake_clean_first': False, 'cmake_force_configure': False, 'cmake_target': None, 'cmake_target_skip_unavailable': False, 'install_base': '/home/luc/ros2_ws/install/my_robot_controller', 'merge_install': False, 'path': '/home/luc/ros2_ws/src/my_robot_controller', 'symlink_install': False, 'test_result_base': None}
[4.071s] INFO:colcon.colcon_core.executor:Executing jobs using 'parallel' executor
[4.075s] DEBUG:colcon.colcon_parallel_executor.executor.parallel:run_until_complete
[4.076s] INFO:colcon.colcon_ros.task.ament_python.build:Building ROS package in '/home/luc/ros2_ws/src/gh_tcp' with build type 'ament_python'
[4.077s] Level 1:colcon.colcon_core.shell:create_environment_hook('gh_tcp', 'ament_prefix_path')
[4.108s] INFO:colcon.colcon_core.plugin_system:Skipping extension 'colcon_core.shell.bat': Not used on non-Windows systems
[4.109s] INFO:colcon.colcon_core.shell:Creating environment hook '/home/luc/ros2_ws/install/gh_tcp/share/gh_tcp/hook/ament_prefix_path.ps1'
[4.118s] INFO:colcon.colcon_core.shell:Creating environment descriptor '/home/luc/ros2_ws/install/gh_tcp/share/gh_tcp/hook/ament_prefix_path.dsv'
[4.123s] INFO:colcon.colcon_core.shell:Creating environment hook '/home/luc/ros2_ws/install/gh_tcp/share/gh_tcp/hook/ament_prefix_path.sh'
[4.131s] INFO:colcon.colcon_core.shell:Skip shell extension 'powershell' for command environment: Not usable outside of PowerShell
[4.131s] DEBUG:colcon.colcon_core.shell:Skip shell extension 'dsv' for command environment
[4.158s] INFO:colcon.colcon_ros.task.ament_python.build:Building ROS package in '/home/luc/ros2_ws/src/my_robot_controller' with build type 'ament_python'
[4.159s] Level 1:colcon.colcon_core.shell:create_environment_hook('my_robot_controller', 'ament_prefix_path')
[4.160s] INFO:colcon.colcon_core.shell:Creating environment hook '/home/luc/ros2_ws/install/my_robot_controller/share/my_robot_controller/hook/ament_prefix_path.ps1'
[4.165s] INFO:colcon.colcon_core.shell:Creating environment descriptor '/home/luc/ros2_ws/install/my_robot_controller/share/my_robot_controller/hook/ament_prefix_path.dsv'
[4.168s] INFO:colcon.colcon_core.shell:Creating environment hook '/home/luc/ros2_ws/install/my_robot_controller/share/my_robot_controller/hook/ament_prefix_path.sh'
[4.173s] INFO:colcon.colcon_core.shell:Skip shell extension 'powershell' for command environment: Not usable outside of PowerShell
[4.173s] DEBUG:colcon.colcon_core.shell:Skip shell extension 'dsv' for command environment
[5.611s] INFO:colcon.colcon_core.task.python.build:Building Python package in '/home/luc/ros2_ws/src/gh_tcp'
[5.613s] INFO:colcon.colcon_core.shell:Skip shell extension 'powershell' for command environment: Not usable outside of PowerShell
[5.613s] DEBUG:colcon.colcon_core.shell:Skip shell extension 'dsv' for command environment
[7.042s] INFO:colcon.colcon_core.task.python.build:Building Python package in '/home/luc/ros2_ws/src/my_robot_controller'
[7.043s] INFO:colcon.colcon_core.shell:Skip shell extension 'powershell' for command environment: Not usable outside of PowerShell
[7.043s] DEBUG:colcon.colcon_core.shell:Skip shell extension 'dsv' for command environment
[9.323s] DEBUG:colcon.colcon_core.event_handler.log_command:Invoking command in '/home/luc/ros2_ws/src/my_robot_controller': PYTHONPATH=/home/luc/ros2_ws/build/my_robot_controller/prefix_override:/usr/lib/python3/dist-packages/colcon_core/task/python/colcon_distutils_commands:/home/luc/ros2_ws/install/my_robot_controller/lib/python3.10/site-packages:${PYTHONPATH} /usr/bin/python3 -W ignore:setup.py install is deprecated setup.py egg_info --egg-base ../../build/my_robot_controller build --build-base /home/luc/ros2_ws/build/my_robot_controller/build install --record /home/luc/ros2_ws/build/my_robot_controller/install.log --single-version-externally-managed install_data
[9.356s] DEBUG:colcon.colcon_core.event_handler.log_command:Invoking command in '/home/luc/ros2_ws/src/gh_tcp': PYTHONPATH=/home/luc/ros2_ws/build/gh_tcp/prefix_override:/usr/lib/python3/dist-packages/colcon_core/task/python/colcon_distutils_commands:/home/luc/ros2_ws/install/gh_tcp/lib/python3.10/site-packages:${PYTHONPATH} /usr/bin/python3 -W ignore:setup.py install is deprecated setup.py egg_info --egg-base ../../build/gh_tcp build --build-base /home/luc/ros2_ws/build/gh_tcp/build install --record /home/luc/ros2_ws/build/gh_tcp/install.log --single-version-externally-managed install_data
[11.229s] DEBUG:colcon.colcon_core.event_handler.log_command:Invoked command in '/home/luc/ros2_ws/src/gh_tcp' returned '0': PYTHONPATH=/home/luc/ros2_ws/build/gh_tcp/prefix_override:/usr/lib/python3/dist-packages/colcon_core/task/python/colcon_distutils_commands:/home/luc/ros2_ws/install/gh_tcp/lib/python3.10/site-packages:${PYTHONPATH} /usr/bin/python3 -W ignore:setup.py install is deprecated setup.py egg_info --egg-base ../../build/gh_tcp build --build-base /home/luc/ros2_ws/build/gh_tcp/build install --record /home/luc/ros2_ws/build/gh_tcp/install.log --single-version-externally-managed install_data
[11.266s] Level 1:colcon.colcon_core.environment:checking '/home/luc/ros2_ws/install/gh_tcp' for CMake module files
[11.270s] Level 1:colcon.colcon_core.environment:checking '/home/luc/ros2_ws/install/gh_tcp' for CMake config files
[11.276s] Level 1:colcon.colcon_core.environment:checking '/home/luc/ros2_ws/install/gh_tcp/lib'
[11.278s] Level 1:colcon.colcon_core.environment:checking '/home/luc/ros2_ws/install/gh_tcp/bin'
[11.279s] Level 1:colcon.colcon_core.environment:checking '/home/luc/ros2_ws/install/gh_tcp/lib/pkgconfig/gh_tcp.pc'
[11.281s] Level 1:colcon.colcon_core.environment:checking '/home/luc/ros2_ws/install/gh_tcp/lib/python3.10/site-packages'
[11.281s] Level 1:colcon.colcon_core.shell:create_environment_hook('gh_tcp', 'pythonpath')
[11.282s] INFO:colcon.colcon_core.shell:Creating environment hook '/home/luc/ros2_ws/install/gh_tcp/share/gh_tcp/hook/pythonpath.ps1'
[11.284s] INFO:colcon.colcon_core.shell:Creating environment descriptor '/home/luc/ros2_ws/install/gh_tcp/share/gh_tcp/hook/pythonpath.dsv'
[11.286s] INFO:colcon.colcon_core.shell:Creating environment hook '/home/luc/ros2_ws/install/gh_tcp/share/gh_tcp/hook/pythonpath.sh'
[11.290s] Level 1:colcon.colcon_core.environment:checking '/home/luc/ros2_ws/install/gh_tcp/bin'
[11.290s] Level 1:colcon.colcon_core.environment:create_environment_scripts_only(gh_tcp)
[11.291s] INFO:colcon.colcon_core.shell:Creating package script '/home/luc/ros2_ws/install/gh_tcp/share/gh_tcp/package.ps1'
[11.299s] INFO:colcon.colcon_core.shell:Creating package descriptor '/home/luc/ros2_ws/install/gh_tcp/share/gh_tcp/package.dsv'
[11.305s] INFO:colcon.colcon_core.shell:Creating package script '/home/luc/ros2_ws/install/gh_tcp/share/gh_tcp/package.sh'
[11.312s] INFO:colcon.colcon_core.shell:Creating package script '/home/luc/ros2_ws/install/gh_tcp/share/gh_tcp/package.bash'
[11.321s] INFO:colcon.colcon_core.shell:Creating package script '/home/luc/ros2_ws/install/gh_tcp/share/gh_tcp/package.zsh'
[11.328s] Level 1:colcon.colcon_core.environment:create_file_with_runtime_dependencies(/home/luc/ros2_ws/install/gh_tcp/share/colcon-core/packages/gh_tcp)
[11.335s] Level 1:colcon.colcon_core.environment:checking '/home/luc/ros2_ws/install/my_robot_controller' for CMake module files
[11.338s] DEBUG:colcon.colcon_core.event_handler.log_command:Invoked command in '/home/luc/ros2_ws/src/my_robot_controller' returned '0': PYTHONPATH=/home/luc/ros2_ws/build/my_robot_controller/prefix_override:/usr/lib/python3/dist-packages/colcon_core/task/python/colcon_distutils_commands:/home/luc/ros2_ws/install/my_robot_controller/lib/python3.10/site-packages:${PYTHONPATH} /usr/bin/python3 -W ignore:setup.py install is deprecated setup.py egg_info --egg-base ../../build/my_robot_controller build --build-base /home/luc/ros2_ws/build/my_robot_controller/build install --record /home/luc/ros2_ws/build/my_robot_controller/install.log --single-version-externally-managed install_data
[11.340s] Level 1:colcon.colcon_core.environment:checking '/home/luc/ros2_ws/install/my_robot_controller' for CMake config files
[11.347s] Level 1:colcon.colcon_core.environment:checking '/home/luc/ros2_ws/install/my_robot_controller/lib'
[11.348s] Level 1:colcon.colcon_core.environment:checking '/home/luc/ros2_ws/install/my_robot_controller/bin'
[11.349s] Level 1:colcon.colcon_core.environment:checking '/home/luc/ros2_ws/install/my_robot_controller/lib/pkgconfig/my_robot_controller.pc'
[11.351s] Level 1:colcon.colcon_core.environment:checking '/home/luc/ros2_ws/install/my_robot_controller/lib/python3.10/site-packages'
[11.351s] Level 1:colcon.colcon_core.shell:create_environment_hook('my_robot_controller', 'pythonpath')
[11.352s] INFO:colcon.colcon_core.shell:Creating environment hook '/home/luc/ros2_ws/install/my_robot_controller/share/my_robot_controller/hook/pythonpath.ps1'
[11.355s] INFO:colcon.colcon_core.shell:Creating environment descriptor '/home/luc/ros2_ws/install/my_robot_controller/share/my_robot_controller/hook/pythonpath.dsv'
[11.357s] INFO:colcon.colcon_core.shell:Creating environment hook '/home/luc/ros2_ws/install/my_robot_controller/share/my_robot_controller/hook/pythonpath.sh'
[11.361s] Level 1:colcon.colcon_core.environment:checking '/home/luc/ros2_ws/install/my_robot_controller/bin'
[11.361s] Level 1:colcon.colcon_core.environment:create_environment_scripts_only(my_robot_controller)
[11.364s] INFO:colcon.colcon_core.shell:Creating package script '/home/luc/ros2_ws/install/my_robot_controller/share/my_robot_controller/package.ps1'
[11.369s] INFO:colcon.colcon_core.shell:Creating package descriptor '/home/luc/ros2_ws/install/my_robot_controller/share/my_robot_controller/package.dsv'
[11.374s] INFO:colcon.colcon_core.shell:Creating package script '/home/luc/ros2_ws/install/my_robot_controller/share/my_robot_controller/package.sh'
[11.377s] INFO:colcon.colcon_core.shell:Creating package script '/home/luc/ros2_ws/install/my_robot_controller/share/my_robot_controller/package.bash'
[11.380s] INFO:colcon.colcon_core.shell:Creating package script '/home/luc/ros2_ws/install/my_robot_controller/share/my_robot_controller/package.zsh'
[11.384s] Level 1:colcon.colcon_core.environment:create_file_with_runtime_dependencies(/home/luc/ros2_ws/install/my_robot_controller/share/colcon-core/packages/my_robot_controller)
[11.387s] DEBUG:colcon.colcon_parallel_executor.executor.parallel:closing loop
[11.389s] DEBUG:colcon.colcon_parallel_executor.executor.parallel:loop closed
[11.390s] DEBUG:colcon.colcon_parallel_executor.executor.parallel:run_until_complete finished with '0'
[11.390s] DEBUG:colcon.colcon_core.event_reactor:joining thread
[11.471s] INFO:colcon.colcon_core.plugin_system:Skipping extension 'colcon_notification.desktop_notification.terminal_notifier': Not used on non-Darwin systems
[11.471s] INFO:colcon.colcon_core.plugin_system:Skipping extension 'colcon_notification.desktop_notification.win32': Not used on non-Windows systems
[11.471s] INFO:colcon.colcon_notification.desktop_notification:Sending desktop notification using 'notify2'
[11.593s] DEBUG:colcon.colcon_core.event_reactor:joined thread
[11.595s] INFO:colcon.colcon_core.shell:Creating prefix script '/home/luc/ros2_ws/install/local_setup.ps1'
[11.602s] INFO:colcon.colcon_core.shell:Creating prefix util module '/home/luc/ros2_ws/install/_local_setup_util_ps1.py'
[11.616s] INFO:colcon.colcon_core.shell:Creating prefix chain script '/home/luc/ros2_ws/install/setup.ps1'
[11.627s] INFO:colcon.colcon_core.shell:Creating prefix script '/home/luc/ros2_ws/install/local_setup.sh'
[11.633s] INFO:colcon.colcon_core.shell:Creating prefix util module '/home/luc/ros2_ws/install/_local_setup_util_sh.py'
[11.637s] INFO:colcon.colcon_core.shell:Creating prefix chain script '/home/luc/ros2_ws/install/setup.sh'
[11.645s] INFO:colcon.colcon_core.shell:Creating prefix script '/home/luc/ros2_ws/install/local_setup.bash'
[11.653s] INFO:colcon.colcon_core.shell:Creating prefix chain script '/home/luc/ros2_ws/install/setup.bash'
[11.661s] INFO:colcon.colcon_core.shell:Creating prefix script '/home/luc/ros2_ws/install/local_setup.zsh'
[11.667s] INFO:colcon.colcon_core.shell:Creating prefix chain script '/home/luc/ros2_ws/install/setup.zsh'
