[5.278s] Invoking command in '/home/luc/ros2_ws/src/gh_tcp': PYTHONPATH=/home/luc/ros2_ws/build/gh_tcp/prefix_override:/usr/lib/python3/dist-packages/colcon_core/task/python/colcon_distutils_commands:/home/luc/ros2_ws/install/gh_tcp/lib/python3.10/site-packages:${PYTHONPATH} /usr/bin/python3 -W ignore:setup.py install is deprecated setup.py egg_info --egg-base ../../build/gh_tcp build --build-base /home/luc/ros2_ws/build/gh_tcp/build install --record /home/luc/ros2_ws/build/gh_tcp/install.log --single-version-externally-managed install_data
[6.734s] running egg_info
[6.738s] writing ../../build/gh_tcp/gh_tcp.egg-info/PKG-INFO
[6.745s] writing dependency_links to ../../build/gh_tcp/gh_tcp.egg-info/dependency_links.txt
[6.746s] writing entry points to ../../build/gh_tcp/gh_tcp.egg-info/entry_points.txt
[6.746s] writing requirements to ../../build/gh_tcp/gh_tcp.egg-info/requires.txt
[6.747s] writing top-level names to ../../build/gh_tcp/gh_tcp.egg-info/top_level.txt
[6.756s] reading manifest file '../../build/gh_tcp/gh_tcp.egg-info/SOURCES.txt'
[6.762s] writing manifest file '../../build/gh_tcp/gh_tcp.egg-info/SOURCES.txt'
[6.764s] running build
[6.764s] running build_py
[6.770s] copying gh_tcp/gh_tcp_node.py -> /home/luc/ros2_ws/build/gh_tcp/build/lib/gh_tcp
[6.772s] running install
[6.774s] running install_lib
[6.779s] copying /home/luc/ros2_ws/build/gh_tcp/build/lib/gh_tcp/gh_tcp_node.py -> /home/luc/ros2_ws/install/gh_tcp/lib/python3.10/site-packages/gh_tcp
[6.784s] byte-compiling /home/luc/ros2_ws/install/gh_tcp/lib/python3.10/site-packages/gh_tcp/gh_tcp_node.py to gh_tcp_node.cpython-310.pyc
[6.788s] running install_data
[6.792s] running install_egg_info
[6.805s] removing '/home/luc/ros2_ws/install/gh_tcp/lib/python3.10/site-packages/gh_tcp-0.0.0-py3.10.egg-info' (and everything under it)
[6.807s] Copying ../../build/gh_tcp/gh_tcp.egg-info to /home/luc/ros2_ws/install/gh_tcp/lib/python3.10/site-packages/gh_tcp-0.0.0-py3.10.egg-info
[6.819s] running install_scripts
[6.941s] Installing gh_tcp_node script to /home/luc/ros2_ws/install/gh_tcp/lib/gh_tcp
[6.946s] writing list of installed files to '/home/luc/ros2_ws/build/gh_tcp/install.log'
[7.151s] Invoked command in '/home/luc/ros2_ws/src/gh_tcp' returned '0': PYTHONPATH=/home/luc/ros2_ws/build/gh_tcp/prefix_override:/usr/lib/python3/dist-packages/colcon_core/task/python/colcon_distutils_commands:/home/luc/ros2_ws/install/gh_tcp/lib/python3.10/site-packages:${PYTHONPATH} /usr/bin/python3 -W ignore:setup.py install is deprecated setup.py egg_info --egg-base ../../build/gh_tcp build --build-base /home/luc/ros2_ws/build/gh_tcp/build install --record /home/luc/ros2_ws/build/gh_tcp/install.log --single-version-externally-managed install_data
