[7.513s] Invoking command in '/home/luc/ros2_ws/build/my_robot_controller': PYTHONPATH=/home/luc/ros2_ws/build/my_robot_controller/prefix_override:/usr/lib/python3/dist-packages/colcon_core/task/python/colcon_distutils_commands:/home/luc/ros2_ws/install/my_robot_controller/lib/python3.10/site-packages:${PYTHONPATH} /usr/bin/python3 -W ignore:setup.py install is deprecated setup.py develop --editable --build-directory /home/luc/ros2_ws/build/my_robot_controller/build --no-deps symlink_data --force
[9.621s] running develop
[9.625s] /usr/lib/python3/dist-packages/setuptools/command/easy_install.py:158: EasyInstallDeprecationWarning: easy_install command is deprecated. Use build and pip and other standards-based tools.
[9.629s]   warnings.warn(
[11.196s] running egg_info
[11.202s] writing my_robot_controller.egg-info/PKG-INFO
[11.205s] writing dependency_links to my_robot_controller.egg-info/dependency_links.txt
[11.208s] writing entry points to my_robot_controller.egg-info/entry_points.txt
[11.213s] writing requirements to my_robot_controller.egg-info/requires.txt
[11.217s] writing top-level names to my_robot_controller.egg-info/top_level.txt
[11.231s] reading manifest file 'my_robot_controller.egg-info/SOURCES.txt'
[11.240s] writing manifest file 'my_robot_controller.egg-info/SOURCES.txt'
[11.255s] running build_ext
[11.258s] Creating /home/luc/ros2_ws/install/my_robot_controller/lib/python3.10/site-packages/my-robot-controller.egg-link (link to .)
[11.270s] Installing controlador script to /home/luc/ros2_ws/install/my_robot_controller/lib/my_robot_controller
[11.275s] Installing draw_circle script to /home/luc/ros2_ws/install/my_robot_controller/lib/my_robot_controller
[11.289s] Installing subscriptor script to /home/luc/ros2_ws/install/my_robot_controller/lib/my_robot_controller
[11.295s] Installing test_node script to /home/luc/ros2_ws/install/my_robot_controller/lib/my_robot_controller
[11.297s] Installing test_nodo script to /home/luc/ros2_ws/install/my_robot_controller/lib/my_robot_controller
[11.300s] 
[11.302s] Installed /home/luc/ros2_ws/build/my_robot_controller
[11.303s] running symlink_data
[11.307s] symbolically linking /home/luc/ros2_ws/build/my_robot_controller/resource/my_robot_controller -> /home/luc/ros2_ws/install/my_robot_controller/share/ament_index/resource_index/packages
[11.310s] symbolically linking /home/luc/ros2_ws/build/my_robot_controller/package.xml -> /home/luc/ros2_ws/install/my_robot_controller/share/my_robot_controller
[11.553s] Invoked command in '/home/luc/ros2_ws/build/my_robot_controller' returned '0': PYTHONPATH=/home/luc/ros2_ws/build/my_robot_controller/prefix_override:/usr/lib/python3/dist-packages/colcon_core/task/python/colcon_distutils_commands:/home/luc/ros2_ws/install/my_robot_controller/lib/python3.10/site-packages:${PYTHONPATH} /usr/bin/python3 -W ignore:setup.py install is deprecated setup.py develop --editable --build-directory /home/luc/ros2_ws/build/my_robot_controller/build --no-deps symlink_data --force
