[7.945s] Invoking command in '/home/luc/ros2_ws/build/gh_ros': PYTHONPATH=/home/luc/ros2_ws/build/gh_ros/prefix_override:/usr/lib/python3/dist-packages/colcon_core/task/python/colcon_distutils_commands:/home/luc/ros2_ws/install/gh_ros/lib/python3.10/site-packages:${PYTHONPATH} /usr/bin/python3 -W ignore:setup.py install is deprecated setup.py develop --editable --build-directory /home/luc/ros2_ws/build/gh_ros/build --no-deps symlink_data --force
[9.975s] running develop
[9.982s] /usr/lib/python3/dist-packages/setuptools/command/easy_install.py:158: EasyInstallDeprecationWarning: easy_install command is deprecated. Use build and pip and other standards-based tools.
[9.982s]   warnings.warn(
[11.434s] running egg_info
[11.435s] writing gh_ros.egg-info/PKG-INFO
[11.437s] writing dependency_links to gh_ros.egg-info/dependency_links.txt
[11.438s] writing entry points to gh_ros.egg-info/entry_points.txt
[11.440s] writing requirements to gh_ros.egg-info/requires.txt
[11.440s] writing top-level names to gh_ros.egg-info/top_level.txt
[11.454s] reading manifest file 'gh_ros.egg-info/SOURCES.txt'
[11.460s] writing manifest file 'gh_ros.egg-info/SOURCES.txt'
[11.470s] running build_ext
[11.473s] Creating /home/luc/ros2_ws/install/gh_ros/lib/python3.10/site-packages/gh-ros.egg-link (link to .)
[11.479s] Installing gh_subscriber script to /home/luc/ros2_ws/install/gh_ros/lib/gh_ros
[11.485s] 
[11.486s] Installed /home/luc/ros2_ws/build/gh_ros
[11.488s] running symlink_data
[11.491s] symbolically linking /home/luc/ros2_ws/build/gh_ros/resource/gh_ros -> /home/luc/ros2_ws/install/gh_ros/share/ament_index/resource_index/packages
[11.496s] symbolically linking /home/luc/ros2_ws/build/gh_ros/package.xml -> /home/luc/ros2_ws/install/gh_ros/share/gh_ros
[11.801s] Invoked command in '/home/luc/ros2_ws/build/gh_ros' returned '0': PYTHONPATH=/home/luc/ros2_ws/build/gh_ros/prefix_override:/usr/lib/python3/dist-packages/colcon_core/task/python/colcon_distutils_commands:/home/luc/ros2_ws/install/gh_ros/lib/python3.10/site-packages:${PYTHONPATH} /usr/bin/python3 -W ignore:setup.py install is deprecated setup.py develop --editable --build-directory /home/luc/ros2_ws/build/gh_ros/build --no-deps symlink_data --force
